[32m2024-05-30 15:41:33 +0530[0m - dagster - [34mDEBUG[0m - materialize_dbt_models - 3c227174-3bb9-494a-9d07-d451f4c061c0 - 62792 - LOGS_CAPTURED - Started capturing logs in process (pid: 62792).
[32m2024-05-30 15:41:33 +0530[0m - dagster - [34mDEBUG[0m - materialize_dbt_models - 3c227174-3bb9-494a-9d07-d451f4c061c0 - 62792 - dbt_project_dbt_assets - STEP_START - Started execution of step "dbt_project_dbt_assets".
[32m2024-05-30 15:41:34 +0530[0m - dagster - [34mINFO[0m - materialize_dbt_models - 3c227174-3bb9-494a-9d07-d451f4c061c0 - dbt_project_dbt_assets - A dbt subsetted execution is not being performed. Using the default dbt selection arguments `['--select', 'fqn:*', '--exclude', 'fct_reviews']`.
[32m2024-05-30 15:41:34 +0530[0m - dagster - [34mINFO[0m - materialize_dbt_models - 3c227174-3bb9-494a-9d07-d451f4c061c0 - dbt_project_dbt_assets - Copying `/Users/divinesam/airbnb_dwh_project/dbt_project/target/partial_parse.msgpack` to `/Users/divinesam/airbnb_dwh_project/dbt_project/target/dbt_project_dbt_assets-3c22717-fff9582/partial_parse.msgpack` to take advantage of partial parsing.
[32m2024-05-30 15:41:34 +0530[0m - dagster - [34mINFO[0m - materialize_dbt_models - 3c227174-3bb9-494a-9d07-d451f4c061c0 - dbt_project_dbt_assets - Running dbt command: `dbt build --select fqn:* --exclude fct_reviews`.
[32m2024-05-30 15:42:37 +0530[0m - dagster - [34mDEBUG[0m - materialize_dbt_models - 3c227174-3bb9-494a-9d07-d451f4c061c0 - 62792 - dbt_project_dbt_assets - STEP_OUTPUT - Yielded output "seed_full_moon_dates" of type "Nothing". (Type check passed).
[32m2024-05-30 15:42:38 +0530[0m - dagster - [34mDEBUG[0m - materialize_dbt_models - 3c227174-3bb9-494a-9d07-d451f4c061c0 - 62792 - dbt_project_dbt_assets - ASSET_MATERIALIZATION - Materialized value seed_full_moon_dates.
[32m2024-05-30 15:42:49 +0530[0m - dagster - [34mDEBUG[0m - materialize_dbt_models - 3c227174-3bb9-494a-9d07-d451f4c061c0 - 62792 - dbt_project_dbt_assets - STEP_OUTPUT - Yielded output "scd_raw_hosts" of type "Nothing". (Type check passed).
[32m2024-05-30 15:42:50 +0530[0m - dagster - [34mDEBUG[0m - materialize_dbt_models - 3c227174-3bb9-494a-9d07-d451f4c061c0 - 62792 - dbt_project_dbt_assets - ASSET_MATERIALIZATION - Materialized value scd_raw_hosts.
[32m2024-05-30 15:42:55 +0530[0m - dagster - [34mDEBUG[0m - materialize_dbt_models - 3c227174-3bb9-494a-9d07-d451f4c061c0 - 62792 - dbt_project_dbt_assets - ASSET_OBSERVATION - DagsterEventType.ASSET_OBSERVATION for step dbt_project_dbt_assets
[32m2024-05-30 15:43:04 +0530[0m - dagster - [34mDEBUG[0m - materialize_dbt_models - 3c227174-3bb9-494a-9d07-d451f4c061c0 - 62792 - dbt_project_dbt_assets - ASSET_OBSERVATION - DagsterEventType.ASSET_OBSERVATION for step dbt_project_dbt_assets
[32m2024-05-30 15:43:14 +0530[0m - dagster - [34mDEBUG[0m - materialize_dbt_models - 3c227174-3bb9-494a-9d07-d451f4c061c0 - 62792 - dbt_project_dbt_assets - STEP_OUTPUT - Yielded output "dim_hosts_cleansed" of type "Nothing". (Type check passed).
[32m2024-05-30 15:43:15 +0530[0m - dagster - [34mDEBUG[0m - materialize_dbt_models - 3c227174-3bb9-494a-9d07-d451f4c061c0 - 62792 - dbt_project_dbt_assets - ASSET_MATERIALIZATION - Materialized value dim_hosts_cleansed.
[32m2024-05-30 15:43:24 +0530[0m - dagster - [34mDEBUG[0m - materialize_dbt_models - 3c227174-3bb9-494a-9d07-d451f4c061c0 - 62792 - dbt_project_dbt_assets - STEP_OUTPUT - Yielded output "mart_fullmoon_reviews" of type "Nothing". (Type check passed).
[32m2024-05-30 15:43:27 +0530[0m - dagster - [34mDEBUG[0m - materialize_dbt_models - 3c227174-3bb9-494a-9d07-d451f4c061c0 - 62792 - dbt_project_dbt_assets - ASSET_MATERIALIZATION - Materialized value mart_fullmoon_reviews.
[32m2024-05-30 15:43:49 +0530[0m - dagster - [34mDEBUG[0m - materialize_dbt_models - 3c227174-3bb9-494a-9d07-d451f4c061c0 - 62792 - dbt_project_dbt_assets - STEP_OUTPUT - Yielded output "scd_raw_listings" of type "Nothing". (Type check passed).
[32m2024-05-30 15:43:51 +0530[0m - dagster - [34mDEBUG[0m - materialize_dbt_models - 3c227174-3bb9-494a-9d07-d451f4c061c0 - 62792 - dbt_project_dbt_assets - ASSET_MATERIALIZATION - Materialized value scd_raw_listings.
[32m2024-05-30 15:43:57 +0530[0m - dagster - [34mDEBUG[0m - materialize_dbt_models - 3c227174-3bb9-494a-9d07-d451f4c061c0 - 62792 - dbt_project_dbt_assets - ASSET_OBSERVATION - DagsterEventType.ASSET_OBSERVATION for step dbt_project_dbt_assets
[32m2024-05-30 15:44:07 +0530[0m - dagster - [34mDEBUG[0m - materialize_dbt_models - 3c227174-3bb9-494a-9d07-d451f4c061c0 - 62792 - dbt_project_dbt_assets - ASSET_OBSERVATION - DagsterEventType.ASSET_OBSERVATION for step dbt_project_dbt_assets
[32m2024-05-30 15:44:16 +0530[0m - dagster - [34mDEBUG[0m - materialize_dbt_models - 3c227174-3bb9-494a-9d07-d451f4c061c0 - 62792 - dbt_project_dbt_assets - ASSET_OBSERVATION - DagsterEventType.ASSET_OBSERVATION for step dbt_project_dbt_assets
[32m2024-05-30 15:44:23 +0530[0m - dagster - [34mDEBUG[0m - materialize_dbt_models - 3c227174-3bb9-494a-9d07-d451f4c061c0 - 62792 - dbt_project_dbt_assets - ASSET_OBSERVATION - DagsterEventType.ASSET_OBSERVATION for step dbt_project_dbt_assets
[32m2024-05-30 15:44:32 +0530[0m - dagster - [34mDEBUG[0m - materialize_dbt_models - 3c227174-3bb9-494a-9d07-d451f4c061c0 - 62792 - dbt_project_dbt_assets - STEP_OUTPUT - Yielded output "dim_listings_cleansed" of type "Nothing". (Type check passed).
[32m2024-05-30 15:44:32 +0530[0m - dagster - [34mDEBUG[0m - materialize_dbt_models - 3c227174-3bb9-494a-9d07-d451f4c061c0 - 62792 - dbt_project_dbt_assets - ASSET_MATERIALIZATION - Materialized value dim_listings_cleansed.
[32m2024-05-30 15:44:39 +0530[0m - dagster - [34mDEBUG[0m - materialize_dbt_models - 3c227174-3bb9-494a-9d07-d451f4c061c0 - 62792 - dbt_project_dbt_assets - ASSET_OBSERVATION - DagsterEventType.ASSET_OBSERVATION for step dbt_project_dbt_assets
[32m2024-05-30 15:44:46 +0530[0m - dagster - [34mDEBUG[0m - materialize_dbt_models - 3c227174-3bb9-494a-9d07-d451f4c061c0 - 62792 - dbt_project_dbt_assets - ASSET_OBSERVATION - DagsterEventType.ASSET_OBSERVATION for step dbt_project_dbt_assets
[32m2024-05-30 15:44:57 +0530[0m - dagster - [34mDEBUG[0m - materialize_dbt_models - 3c227174-3bb9-494a-9d07-d451f4c061c0 - 62792 - dbt_project_dbt_assets - ASSET_OBSERVATION - DagsterEventType.ASSET_OBSERVATION for step dbt_project_dbt_assets
[32m2024-05-30 15:45:05 +0530[0m - dagster - [34mDEBUG[0m - materialize_dbt_models - 3c227174-3bb9-494a-9d07-d451f4c061c0 - 62792 - dbt_project_dbt_assets - ASSET_OBSERVATION - DagsterEventType.ASSET_OBSERVATION for step dbt_project_dbt_assets
[32m2024-05-30 15:45:16 +0530[0m - dagster - [34mDEBUG[0m - materialize_dbt_models - 3c227174-3bb9-494a-9d07-d451f4c061c0 - 62792 - dbt_project_dbt_assets - ASSET_OBSERVATION - DagsterEventType.ASSET_OBSERVATION for step dbt_project_dbt_assets
[32m2024-05-30 15:45:23 +0530[0m - dagster - [34mDEBUG[0m - materialize_dbt_models - 3c227174-3bb9-494a-9d07-d451f4c061c0 - 62792 - dbt_project_dbt_assets - ASSET_OBSERVATION - DagsterEventType.ASSET_OBSERVATION for step dbt_project_dbt_assets
[32m2024-05-30 15:45:31 +0530[0m - dagster - [34mDEBUG[0m - materialize_dbt_models - 3c227174-3bb9-494a-9d07-d451f4c061c0 - 62792 - dbt_project_dbt_assets - ASSET_OBSERVATION - DagsterEventType.ASSET_OBSERVATION for step dbt_project_dbt_assets
[32m2024-05-30 15:45:32 +0530[0m - dagster - [34mDEBUG[0m - materialize_dbt_models - 3c227174-3bb9-494a-9d07-d451f4c061c0 - 62792 - dbt_project_dbt_assets - ASSET_OBSERVATION - DagsterEventType.ASSET_OBSERVATION for step dbt_project_dbt_assets
[32m2024-05-30 15:45:36 +0530[0m - dagster - [34mDEBUG[0m - materialize_dbt_models - 3c227174-3bb9-494a-9d07-d451f4c061c0 - 62792 - dbt_project_dbt_assets - ASSET_OBSERVATION - DagsterEventType.ASSET_OBSERVATION for step dbt_project_dbt_assets
[32m2024-05-30 15:45:44 +0530[0m - dagster - [34mDEBUG[0m - materialize_dbt_models - 3c227174-3bb9-494a-9d07-d451f4c061c0 - 62792 - dbt_project_dbt_assets - STEP_OUTPUT - Yielded output "dim_listings_w_hosts" of type "Nothing". (Type check passed).
[32m2024-05-30 15:45:48 +0530[0m - dagster - [34mDEBUG[0m - materialize_dbt_models - 3c227174-3bb9-494a-9d07-d451f4c061c0 - 62792 - dbt_project_dbt_assets - ASSET_MATERIALIZATION - Materialized value dim_listings_w_hosts.
[32m2024-05-30 15:45:55 +0530[0m - dagster - [34mDEBUG[0m - materialize_dbt_models - 3c227174-3bb9-494a-9d07-d451f4c061c0 - 62792 - dbt_project_dbt_assets - ASSET_OBSERVATION - DagsterEventType.ASSET_OBSERVATION for step dbt_project_dbt_assets
[32m2024-05-30 15:46:09 +0530[0m - dagster - [34mDEBUG[0m - materialize_dbt_models - 3c227174-3bb9-494a-9d07-d451f4c061c0 - 62792 - dbt_project_dbt_assets - ASSET_OBSERVATION - DagsterEventType.ASSET_OBSERVATION for step dbt_project_dbt_assets
[32m2024-05-30 15:46:21 +0530[0m - dagster - [34mDEBUG[0m - materialize_dbt_models - 3c227174-3bb9-494a-9d07-d451f4c061c0 - 62792 - dbt_project_dbt_assets - ASSET_OBSERVATION - DagsterEventType.ASSET_OBSERVATION for step dbt_project_dbt_assets
[32m2024-05-30 15:46:34 +0530[0m - dagster - [34mDEBUG[0m - materialize_dbt_models - 3c227174-3bb9-494a-9d07-d451f4c061c0 - 62792 - dbt_project_dbt_assets - ASSET_OBSERVATION - DagsterEventType.ASSET_OBSERVATION for step dbt_project_dbt_assets
[32m2024-05-30 15:46:36 +0530[0m - dagster - [34mDEBUG[0m - materialize_dbt_models - 3c227174-3bb9-494a-9d07-d451f4c061c0 - 62792 - dbt_project_dbt_assets - ASSET_OBSERVATION - DagsterEventType.ASSET_OBSERVATION for step dbt_project_dbt_assets
[32m2024-05-30 15:49:24 +0530[0m - dagster - [34mDEBUG[0m - materialize_dbt_models - 3c227174-3bb9-494a-9d07-d451f4c061c0 - 62792 - dbt_project_dbt_assets - STEP_SUCCESS - Finished execution of step "dbt_project_dbt_assets" in 7m46s.
