[32m2024-05-30 15:40:30 +0530[0m - dagster - [34mDEBUG[0m - materialize_dbt_models - d243f7c2-94c4-4e24-8fd6-f2d1607ffcfa - 62480 - LOGS_CAPTURED - Started capturing logs in process (pid: 62480).
[32m2024-05-30 15:40:30 +0530[0m - dagster - [34mDEBUG[0m - materialize_dbt_models - d243f7c2-94c4-4e24-8fd6-f2d1607ffcfa - 62480 - dbt_project_dbt_assets - STEP_START - Started execution of step "dbt_project_dbt_assets".
[32m2024-05-30 15:40:30 +0530[0m - dagster - [34mINFO[0m - materialize_dbt_models - d243f7c2-94c4-4e24-8fd6-f2d1607ffcfa - dbt_project_dbt_assets - A dbt subsetted execution is not being performed. Using the default dbt selection arguments `['--select', 'fqn:*', '--exclude', 'fct_reviews']`.
[32m2024-05-30 15:40:30 +0530[0m - dagster - [34mINFO[0m - materialize_dbt_models - d243f7c2-94c4-4e24-8fd6-f2d1607ffcfa - dbt_project_dbt_assets - Copying `/Users/divinesam/airbnb_dwh_project/dbt_project/target/partial_parse.msgpack` to `/Users/divinesam/airbnb_dwh_project/dbt_project/target/dbt_project_dbt_assets-d243f7c-cd2a75d/partial_parse.msgpack` to take advantage of partial parsing.
[32m2024-05-30 15:40:30 +0530[0m - dagster - [34mINFO[0m - materialize_dbt_models - d243f7c2-94c4-4e24-8fd6-f2d1607ffcfa - dbt_project_dbt_assets - Running dbt command: `dbt build --select fqn:* --exclude fct_reviews`.
[32m2024-05-30 15:41:23 +0530[0m - dagster - [34mDEBUG[0m - materialize_dbt_models - d243f7c2-94c4-4e24-8fd6-f2d1607ffcfa - 62480 - dbt_project_dbt_assets - STEP_OUTPUT - Yielded output "seed_full_moon_dates" of type "Nothing". (Type check passed).
[32m2024-05-30 15:41:24 +0530[0m - dagster - [34mDEBUG[0m - materialize_dbt_models - d243f7c2-94c4-4e24-8fd6-f2d1607ffcfa - 62480 - dbt_project_dbt_assets - ASSET_MATERIALIZATION - Materialized value seed_full_moon_dates.
[32m2024-05-30 15:41:38 +0530[0m - dagster - [34mDEBUG[0m - materialize_dbt_models - d243f7c2-94c4-4e24-8fd6-f2d1607ffcfa - 62480 - dbt_project_dbt_assets - STEP_OUTPUT - Yielded output "scd_raw_hosts" of type "Nothing". (Type check passed).
[32m2024-05-30 15:41:38 +0530[0m - dagster - [34mDEBUG[0m - materialize_dbt_models - d243f7c2-94c4-4e24-8fd6-f2d1607ffcfa - 62480 - dbt_project_dbt_assets - ASSET_MATERIALIZATION - Materialized value scd_raw_hosts.
[32m2024-05-30 15:41:43 +0530[0m - dagster - [34mDEBUG[0m - materialize_dbt_models - d243f7c2-94c4-4e24-8fd6-f2d1607ffcfa - 62480 - dbt_project_dbt_assets - ASSET_OBSERVATION - DagsterEventType.ASSET_OBSERVATION for step dbt_project_dbt_assets
[32m2024-05-30 15:41:47 +0530[0m - dagster - [34mDEBUG[0m - materialize_dbt_models - d243f7c2-94c4-4e24-8fd6-f2d1607ffcfa - 62480 - dbt_project_dbt_assets - ASSET_OBSERVATION - DagsterEventType.ASSET_OBSERVATION for step dbt_project_dbt_assets
[32m2024-05-30 15:41:55 +0530[0m - dagster - [34mDEBUG[0m - materialize_dbt_models - d243f7c2-94c4-4e24-8fd6-f2d1607ffcfa - 62480 - dbt_project_dbt_assets - STEP_OUTPUT - Yielded output "dim_hosts_cleansed" of type "Nothing". (Type check passed).
[32m2024-05-30 15:41:56 +0530[0m - dagster - [34mDEBUG[0m - materialize_dbt_models - d243f7c2-94c4-4e24-8fd6-f2d1607ffcfa - 62480 - dbt_project_dbt_assets - ASSET_MATERIALIZATION - Materialized value dim_hosts_cleansed.
[32m2024-05-30 15:42:03 +0530[0m - dagster - [34mDEBUG[0m - materialize_dbt_models - d243f7c2-94c4-4e24-8fd6-f2d1607ffcfa - 62480 - dbt_project_dbt_assets - STEP_OUTPUT - Yielded output "mart_fullmoon_reviews" of type "Nothing". (Type check passed).
[32m2024-05-30 15:42:03 +0530[0m - dagster - [34mDEBUG[0m - materialize_dbt_models - d243f7c2-94c4-4e24-8fd6-f2d1607ffcfa - 62480 - dbt_project_dbt_assets - ASSET_MATERIALIZATION - Materialized value mart_fullmoon_reviews.
[32m2024-05-30 15:42:14 +0530[0m - dagster - [34mDEBUG[0m - materialize_dbt_models - d243f7c2-94c4-4e24-8fd6-f2d1607ffcfa - 62480 - dbt_project_dbt_assets - STEP_OUTPUT - Yielded output "scd_raw_listings" of type "Nothing". (Type check passed).
[32m2024-05-30 15:42:14 +0530[0m - dagster - [34mDEBUG[0m - materialize_dbt_models - d243f7c2-94c4-4e24-8fd6-f2d1607ffcfa - 62480 - dbt_project_dbt_assets - ASSET_MATERIALIZATION - Materialized value scd_raw_listings.
[32m2024-05-30 15:42:17 +0530[0m - dagster - [34mDEBUG[0m - materialize_dbt_models - d243f7c2-94c4-4e24-8fd6-f2d1607ffcfa - 62480 - dbt_project_dbt_assets - ASSET_OBSERVATION - DagsterEventType.ASSET_OBSERVATION for step dbt_project_dbt_assets
[32m2024-05-30 15:42:21 +0530[0m - dagster - [34mDEBUG[0m - materialize_dbt_models - d243f7c2-94c4-4e24-8fd6-f2d1607ffcfa - 62480 - dbt_project_dbt_assets - ASSET_OBSERVATION - DagsterEventType.ASSET_OBSERVATION for step dbt_project_dbt_assets
[32m2024-05-30 15:42:26 +0530[0m - dagster - [34mDEBUG[0m - materialize_dbt_models - d243f7c2-94c4-4e24-8fd6-f2d1607ffcfa - 62480 - dbt_project_dbt_assets - ASSET_OBSERVATION - DagsterEventType.ASSET_OBSERVATION for step dbt_project_dbt_assets
[32m2024-05-30 15:42:31 +0530[0m - dagster - [34mDEBUG[0m - materialize_dbt_models - d243f7c2-94c4-4e24-8fd6-f2d1607ffcfa - 62480 - dbt_project_dbt_assets - ASSET_OBSERVATION - DagsterEventType.ASSET_OBSERVATION for step dbt_project_dbt_assets
[32m2024-05-30 15:42:36 +0530[0m - dagster - [34mDEBUG[0m - materialize_dbt_models - d243f7c2-94c4-4e24-8fd6-f2d1607ffcfa - 62480 - dbt_project_dbt_assets - STEP_OUTPUT - Yielded output "dim_listings_cleansed" of type "Nothing". (Type check passed).
[32m2024-05-30 15:42:36 +0530[0m - dagster - [34mDEBUG[0m - materialize_dbt_models - d243f7c2-94c4-4e24-8fd6-f2d1607ffcfa - 62480 - dbt_project_dbt_assets - ASSET_MATERIALIZATION - Materialized value dim_listings_cleansed.
[32m2024-05-30 15:42:41 +0530[0m - dagster - [34mDEBUG[0m - materialize_dbt_models - d243f7c2-94c4-4e24-8fd6-f2d1607ffcfa - 62480 - dbt_project_dbt_assets - ASSET_OBSERVATION - DagsterEventType.ASSET_OBSERVATION for step dbt_project_dbt_assets
[32m2024-05-30 15:42:45 +0530[0m - dagster - [34mDEBUG[0m - materialize_dbt_models - d243f7c2-94c4-4e24-8fd6-f2d1607ffcfa - 62480 - dbt_project_dbt_assets - ASSET_OBSERVATION - DagsterEventType.ASSET_OBSERVATION for step dbt_project_dbt_assets
[32m2024-05-30 15:42:50 +0530[0m - dagster - [34mDEBUG[0m - materialize_dbt_models - d243f7c2-94c4-4e24-8fd6-f2d1607ffcfa - 62480 - dbt_project_dbt_assets - ASSET_OBSERVATION - DagsterEventType.ASSET_OBSERVATION for step dbt_project_dbt_assets
[32m2024-05-30 15:42:57 +0530[0m - dagster - [34mDEBUG[0m - materialize_dbt_models - d243f7c2-94c4-4e24-8fd6-f2d1607ffcfa - 62480 - dbt_project_dbt_assets - ASSET_OBSERVATION - DagsterEventType.ASSET_OBSERVATION for step dbt_project_dbt_assets
[32m2024-05-30 15:43:03 +0530[0m - dagster - [34mDEBUG[0m - materialize_dbt_models - d243f7c2-94c4-4e24-8fd6-f2d1607ffcfa - 62480 - dbt_project_dbt_assets - ASSET_OBSERVATION - DagsterEventType.ASSET_OBSERVATION for step dbt_project_dbt_assets
[32m2024-05-30 15:43:10 +0530[0m - dagster - [34mDEBUG[0m - materialize_dbt_models - d243f7c2-94c4-4e24-8fd6-f2d1607ffcfa - 62480 - dbt_project_dbt_assets - ASSET_OBSERVATION - DagsterEventType.ASSET_OBSERVATION for step dbt_project_dbt_assets
[32m2024-05-30 15:43:16 +0530[0m - dagster - [34mDEBUG[0m - materialize_dbt_models - d243f7c2-94c4-4e24-8fd6-f2d1607ffcfa - 62480 - dbt_project_dbt_assets - ASSET_OBSERVATION - DagsterEventType.ASSET_OBSERVATION for step dbt_project_dbt_assets
[32m2024-05-30 15:43:17 +0530[0m - dagster - [34mDEBUG[0m - materialize_dbt_models - d243f7c2-94c4-4e24-8fd6-f2d1607ffcfa - 62480 - dbt_project_dbt_assets - ASSET_OBSERVATION - DagsterEventType.ASSET_OBSERVATION for step dbt_project_dbt_assets
[32m2024-05-30 15:43:22 +0530[0m - dagster - [34mDEBUG[0m - materialize_dbt_models - d243f7c2-94c4-4e24-8fd6-f2d1607ffcfa - 62480 - dbt_project_dbt_assets - ASSET_OBSERVATION - DagsterEventType.ASSET_OBSERVATION for step dbt_project_dbt_assets
[32m2024-05-30 15:43:30 +0530[0m - dagster - [34mDEBUG[0m - materialize_dbt_models - d243f7c2-94c4-4e24-8fd6-f2d1607ffcfa - 62480 - dbt_project_dbt_assets - STEP_OUTPUT - Yielded output "dim_listings_w_hosts" of type "Nothing". (Type check passed).
[32m2024-05-30 15:43:34 +0530[0m - dagster - [34mDEBUG[0m - materialize_dbt_models - d243f7c2-94c4-4e24-8fd6-f2d1607ffcfa - 62480 - dbt_project_dbt_assets - ASSET_MATERIALIZATION - Materialized value dim_listings_w_hosts.
[32m2024-05-30 15:44:10 +0530[0m - dagster - [34mDEBUG[0m - materialize_dbt_models - d243f7c2-94c4-4e24-8fd6-f2d1607ffcfa - 62480 - dbt_project_dbt_assets - ASSET_OBSERVATION - DagsterEventType.ASSET_OBSERVATION for step dbt_project_dbt_assets
[32m2024-05-30 15:44:17 +0530[0m - dagster - [34mDEBUG[0m - materialize_dbt_models - d243f7c2-94c4-4e24-8fd6-f2d1607ffcfa - 62480 - dbt_project_dbt_assets - ASSET_OBSERVATION - DagsterEventType.ASSET_OBSERVATION for step dbt_project_dbt_assets
[32m2024-05-30 15:44:26 +0530[0m - dagster - [34mDEBUG[0m - materialize_dbt_models - d243f7c2-94c4-4e24-8fd6-f2d1607ffcfa - 62480 - dbt_project_dbt_assets - ASSET_OBSERVATION - DagsterEventType.ASSET_OBSERVATION for step dbt_project_dbt_assets
[32m2024-05-30 15:44:32 +0530[0m - dagster - [34mDEBUG[0m - materialize_dbt_models - d243f7c2-94c4-4e24-8fd6-f2d1607ffcfa - 62480 - dbt_project_dbt_assets - ASSET_OBSERVATION - DagsterEventType.ASSET_OBSERVATION for step dbt_project_dbt_assets
[32m2024-05-30 15:44:33 +0530[0m - dagster - [34mDEBUG[0m - materialize_dbt_models - d243f7c2-94c4-4e24-8fd6-f2d1607ffcfa - 62480 - dbt_project_dbt_assets - ASSET_OBSERVATION - DagsterEventType.ASSET_OBSERVATION for step dbt_project_dbt_assets
[32m2024-05-30 15:46:37 +0530[0m - dagster - [34mDEBUG[0m - materialize_dbt_models - d243f7c2-94c4-4e24-8fd6-f2d1607ffcfa - 62480 - dbt_project_dbt_assets - STEP_SUCCESS - Finished execution of step "dbt_project_dbt_assets" in 6m4s.
