[32m2024-05-30 15:42:03 +0530[0m - dagster - [34mDEBUG[0m - materialize_dbt_models - f3395e18-3724-489c-b087-a2d602621e9b - 62956 - LOGS_CAPTURED - Started capturing logs in process (pid: 62956).
[32m2024-05-30 15:42:03 +0530[0m - dagster - [34mDEBUG[0m - materialize_dbt_models - f3395e18-3724-489c-b087-a2d602621e9b - 62956 - dbt_project_dbt_assets - STEP_START - Started execution of step "dbt_project_dbt_assets".
[32m2024-05-30 15:42:05 +0530[0m - dagster - [34mINFO[0m - materialize_dbt_models - f3395e18-3724-489c-b087-a2d602621e9b - dbt_project_dbt_assets - A dbt subsetted execution is not being performed. Using the default dbt selection arguments `['--select', 'fqn:*', '--exclude', 'fct_reviews']`.
[32m2024-05-30 15:42:05 +0530[0m - dagster - [34mINFO[0m - materialize_dbt_models - f3395e18-3724-489c-b087-a2d602621e9b - dbt_project_dbt_assets - Copying `/Users/divinesam/airbnb_dwh_project/dbt_project/target/partial_parse.msgpack` to `/Users/divinesam/airbnb_dwh_project/dbt_project/target/dbt_project_dbt_assets-f3395e1-12de294/partial_parse.msgpack` to take advantage of partial parsing.
[32m2024-05-30 15:42:05 +0530[0m - dagster - [34mINFO[0m - materialize_dbt_models - f3395e18-3724-489c-b087-a2d602621e9b - dbt_project_dbt_assets - Running dbt command: `dbt build --select fqn:* --exclude fct_reviews`.
[32m2024-05-30 15:43:08 +0530[0m - dagster - [34mDEBUG[0m - materialize_dbt_models - f3395e18-3724-489c-b087-a2d602621e9b - 62956 - dbt_project_dbt_assets - STEP_OUTPUT - Yielded output "seed_full_moon_dates" of type "Nothing". (Type check passed).
[32m2024-05-30 15:43:08 +0530[0m - dagster - [34mDEBUG[0m - materialize_dbt_models - f3395e18-3724-489c-b087-a2d602621e9b - 62956 - dbt_project_dbt_assets - ASSET_MATERIALIZATION - Materialized value seed_full_moon_dates.
[32m2024-05-30 15:43:25 +0530[0m - dagster - [34mDEBUG[0m - materialize_dbt_models - f3395e18-3724-489c-b087-a2d602621e9b - 62956 - dbt_project_dbt_assets - STEP_OUTPUT - Yielded output "scd_raw_hosts" of type "Nothing". (Type check passed).
[32m2024-05-30 15:43:27 +0530[0m - dagster - [34mDEBUG[0m - materialize_dbt_models - f3395e18-3724-489c-b087-a2d602621e9b - 62956 - dbt_project_dbt_assets - ASSET_MATERIALIZATION - Materialized value scd_raw_hosts.
[32m2024-05-30 15:43:36 +0530[0m - dagster - [34mDEBUG[0m - materialize_dbt_models - f3395e18-3724-489c-b087-a2d602621e9b - 62956 - dbt_project_dbt_assets - ASSET_OBSERVATION - DagsterEventType.ASSET_OBSERVATION for step dbt_project_dbt_assets
[32m2024-05-30 15:43:45 +0530[0m - dagster - [34mDEBUG[0m - materialize_dbt_models - f3395e18-3724-489c-b087-a2d602621e9b - 62956 - dbt_project_dbt_assets - ASSET_OBSERVATION - DagsterEventType.ASSET_OBSERVATION for step dbt_project_dbt_assets
[32m2024-05-30 15:43:55 +0530[0m - dagster - [34mDEBUG[0m - materialize_dbt_models - f3395e18-3724-489c-b087-a2d602621e9b - 62956 - dbt_project_dbt_assets - STEP_OUTPUT - Yielded output "dim_hosts_cleansed" of type "Nothing". (Type check passed).
[32m2024-05-30 15:44:00 +0530[0m - dagster - [34mDEBUG[0m - materialize_dbt_models - f3395e18-3724-489c-b087-a2d602621e9b - 62956 - dbt_project_dbt_assets - ASSET_MATERIALIZATION - Materialized value dim_hosts_cleansed.
[32m2024-05-30 15:44:09 +0530[0m - dagster - [34mDEBUG[0m - materialize_dbt_models - f3395e18-3724-489c-b087-a2d602621e9b - 62956 - dbt_project_dbt_assets - STEP_OUTPUT - Yielded output "mart_fullmoon_reviews" of type "Nothing". (Type check passed).
[32m2024-05-30 15:44:12 +0530[0m - dagster - [34mDEBUG[0m - materialize_dbt_models - f3395e18-3724-489c-b087-a2d602621e9b - 62956 - dbt_project_dbt_assets - ASSET_MATERIALIZATION - Materialized value mart_fullmoon_reviews.
[32m2024-05-30 15:44:36 +0530[0m - dagster - [34mDEBUG[0m - materialize_dbt_models - f3395e18-3724-489c-b087-a2d602621e9b - 62956 - dbt_project_dbt_assets - STEP_OUTPUT - Yielded output "scd_raw_listings" of type "Nothing". (Type check passed).
[32m2024-05-30 15:44:37 +0530[0m - dagster - [34mDEBUG[0m - materialize_dbt_models - f3395e18-3724-489c-b087-a2d602621e9b - 62956 - dbt_project_dbt_assets - ASSET_MATERIALIZATION - Materialized value scd_raw_listings.
[32m2024-05-30 15:44:41 +0530[0m - dagster - [34mDEBUG[0m - materialize_dbt_models - f3395e18-3724-489c-b087-a2d602621e9b - 62956 - dbt_project_dbt_assets - ASSET_OBSERVATION - DagsterEventType.ASSET_OBSERVATION for step dbt_project_dbt_assets
[32m2024-05-30 15:44:47 +0530[0m - dagster - [34mDEBUG[0m - materialize_dbt_models - f3395e18-3724-489c-b087-a2d602621e9b - 62956 - dbt_project_dbt_assets - ASSET_OBSERVATION - DagsterEventType.ASSET_OBSERVATION for step dbt_project_dbt_assets
[32m2024-05-30 15:44:56 +0530[0m - dagster - [34mDEBUG[0m - materialize_dbt_models - f3395e18-3724-489c-b087-a2d602621e9b - 62956 - dbt_project_dbt_assets - ASSET_OBSERVATION - DagsterEventType.ASSET_OBSERVATION for step dbt_project_dbt_assets
[32m2024-05-30 15:45:04 +0530[0m - dagster - [34mDEBUG[0m - materialize_dbt_models - f3395e18-3724-489c-b087-a2d602621e9b - 62956 - dbt_project_dbt_assets - ASSET_OBSERVATION - DagsterEventType.ASSET_OBSERVATION for step dbt_project_dbt_assets
[32m2024-05-30 15:45:14 +0530[0m - dagster - [34mDEBUG[0m - materialize_dbt_models - f3395e18-3724-489c-b087-a2d602621e9b - 62956 - dbt_project_dbt_assets - STEP_OUTPUT - Yielded output "dim_listings_cleansed" of type "Nothing". (Type check passed).
[32m2024-05-30 15:45:16 +0530[0m - dagster - [34mDEBUG[0m - materialize_dbt_models - f3395e18-3724-489c-b087-a2d602621e9b - 62956 - dbt_project_dbt_assets - ASSET_MATERIALIZATION - Materialized value dim_listings_cleansed.
[32m2024-05-30 15:45:23 +0530[0m - dagster - [34mDEBUG[0m - materialize_dbt_models - f3395e18-3724-489c-b087-a2d602621e9b - 62956 - dbt_project_dbt_assets - ASSET_OBSERVATION - DagsterEventType.ASSET_OBSERVATION for step dbt_project_dbt_assets
[32m2024-05-30 15:45:28 +0530[0m - dagster - [34mDEBUG[0m - materialize_dbt_models - f3395e18-3724-489c-b087-a2d602621e9b - 62956 - dbt_project_dbt_assets - ASSET_OBSERVATION - DagsterEventType.ASSET_OBSERVATION for step dbt_project_dbt_assets
[32m2024-05-30 15:45:35 +0530[0m - dagster - [34mDEBUG[0m - materialize_dbt_models - f3395e18-3724-489c-b087-a2d602621e9b - 62956 - dbt_project_dbt_assets - ASSET_OBSERVATION - DagsterEventType.ASSET_OBSERVATION for step dbt_project_dbt_assets
[32m2024-05-30 15:45:42 +0530[0m - dagster - [34mDEBUG[0m - materialize_dbt_models - f3395e18-3724-489c-b087-a2d602621e9b - 62956 - dbt_project_dbt_assets - ASSET_OBSERVATION - DagsterEventType.ASSET_OBSERVATION for step dbt_project_dbt_assets
[32m2024-05-30 15:45:48 +0530[0m - dagster - [34mDEBUG[0m - materialize_dbt_models - f3395e18-3724-489c-b087-a2d602621e9b - 62956 - dbt_project_dbt_assets - ASSET_OBSERVATION - DagsterEventType.ASSET_OBSERVATION for step dbt_project_dbt_assets
[32m2024-05-30 15:45:56 +0530[0m - dagster - [34mDEBUG[0m - materialize_dbt_models - f3395e18-3724-489c-b087-a2d602621e9b - 62956 - dbt_project_dbt_assets - ASSET_OBSERVATION - DagsterEventType.ASSET_OBSERVATION for step dbt_project_dbt_assets
[32m2024-05-30 15:46:07 +0530[0m - dagster - [34mDEBUG[0m - materialize_dbt_models - f3395e18-3724-489c-b087-a2d602621e9b - 62956 - dbt_project_dbt_assets - ASSET_OBSERVATION - DagsterEventType.ASSET_OBSERVATION for step dbt_project_dbt_assets
[32m2024-05-30 15:46:07 +0530[0m - dagster - [34mDEBUG[0m - materialize_dbt_models - f3395e18-3724-489c-b087-a2d602621e9b - 62956 - dbt_project_dbt_assets - ASSET_OBSERVATION - DagsterEventType.ASSET_OBSERVATION for step dbt_project_dbt_assets
[32m2024-05-30 15:46:21 +0530[0m - dagster - [34mDEBUG[0m - materialize_dbt_models - f3395e18-3724-489c-b087-a2d602621e9b - 62956 - dbt_project_dbt_assets - ASSET_OBSERVATION - DagsterEventType.ASSET_OBSERVATION for step dbt_project_dbt_assets
[32m2024-05-30 15:46:31 +0530[0m - dagster - [34mDEBUG[0m - materialize_dbt_models - f3395e18-3724-489c-b087-a2d602621e9b - 62956 - dbt_project_dbt_assets - STEP_OUTPUT - Yielded output "dim_listings_w_hosts" of type "Nothing". (Type check passed).
[32m2024-05-30 15:46:36 +0530[0m - dagster - [34mDEBUG[0m - materialize_dbt_models - f3395e18-3724-489c-b087-a2d602621e9b - 62956 - dbt_project_dbt_assets - ASSET_MATERIALIZATION - Materialized value dim_listings_w_hosts.
[32m2024-05-30 15:46:39 +0530[0m - dagster - [34mDEBUG[0m - materialize_dbt_models - f3395e18-3724-489c-b087-a2d602621e9b - 62956 - dbt_project_dbt_assets - ASSET_OBSERVATION - DagsterEventType.ASSET_OBSERVATION for step dbt_project_dbt_assets
[32m2024-05-30 15:46:52 +0530[0m - dagster - [34mDEBUG[0m - materialize_dbt_models - f3395e18-3724-489c-b087-a2d602621e9b - 62956 - dbt_project_dbt_assets - ASSET_OBSERVATION - DagsterEventType.ASSET_OBSERVATION for step dbt_project_dbt_assets
[32m2024-05-30 15:47:00 +0530[0m - dagster - [34mDEBUG[0m - materialize_dbt_models - f3395e18-3724-489c-b087-a2d602621e9b - 62956 - dbt_project_dbt_assets - ASSET_OBSERVATION - DagsterEventType.ASSET_OBSERVATION for step dbt_project_dbt_assets
[32m2024-05-30 15:47:08 +0530[0m - dagster - [34mDEBUG[0m - materialize_dbt_models - f3395e18-3724-489c-b087-a2d602621e9b - 62956 - dbt_project_dbt_assets - ASSET_OBSERVATION - DagsterEventType.ASSET_OBSERVATION for step dbt_project_dbt_assets
[32m2024-05-30 15:47:09 +0530[0m - dagster - [34mDEBUG[0m - materialize_dbt_models - f3395e18-3724-489c-b087-a2d602621e9b - 62956 - dbt_project_dbt_assets - ASSET_OBSERVATION - DagsterEventType.ASSET_OBSERVATION for step dbt_project_dbt_assets
[32m2024-05-30 15:49:46 +0530[0m - dagster - [34mDEBUG[0m - materialize_dbt_models - f3395e18-3724-489c-b087-a2d602621e9b - 62956 - dbt_project_dbt_assets - STEP_SUCCESS - Finished execution of step "dbt_project_dbt_assets" in 7m36s.
