[32m2024-05-30 15:40:54 +0530[0m - dagster - [34mDEBUG[0m - materialize_dbt_models - 6a136057-9d0a-478f-8367-824da847801a - 62619 - LOGS_CAPTURED - Started capturing logs in process (pid: 62619).
[32m2024-05-30 15:40:54 +0530[0m - dagster - [34mDEBUG[0m - materialize_dbt_models - 6a136057-9d0a-478f-8367-824da847801a - 62619 - dbt_project_dbt_assets - STEP_START - Started execution of step "dbt_project_dbt_assets".
[32m2024-05-30 15:40:54 +0530[0m - dagster - [34mINFO[0m - materialize_dbt_models - 6a136057-9d0a-478f-8367-824da847801a - dbt_project_dbt_assets - A dbt subsetted execution is not being performed. Using the default dbt selection arguments `['--select', 'fqn:*', '--exclude', 'fct_reviews']`.
[32m2024-05-30 15:40:54 +0530[0m - dagster - [34mINFO[0m - materialize_dbt_models - 6a136057-9d0a-478f-8367-824da847801a - dbt_project_dbt_assets - Copying `/Users/divinesam/airbnb_dwh_project/dbt_project/target/partial_parse.msgpack` to `/Users/divinesam/airbnb_dwh_project/dbt_project/target/dbt_project_dbt_assets-6a13605-8c58ead/partial_parse.msgpack` to take advantage of partial parsing.
[32m2024-05-30 15:40:54 +0530[0m - dagster - [34mINFO[0m - materialize_dbt_models - 6a136057-9d0a-478f-8367-824da847801a - dbt_project_dbt_assets - Running dbt command: `dbt build --select fqn:* --exclude fct_reviews`.
[32m2024-05-30 15:41:51 +0530[0m - dagster - [34mDEBUG[0m - materialize_dbt_models - 6a136057-9d0a-478f-8367-824da847801a - 62619 - dbt_project_dbt_assets - STEP_OUTPUT - Yielded output "seed_full_moon_dates" of type "Nothing". (Type check passed).
[32m2024-05-30 15:41:53 +0530[0m - dagster - [34mDEBUG[0m - materialize_dbt_models - 6a136057-9d0a-478f-8367-824da847801a - 62619 - dbt_project_dbt_assets - ASSET_MATERIALIZATION - Materialized value seed_full_moon_dates.
[32m2024-05-30 15:42:06 +0530[0m - dagster - [34mDEBUG[0m - materialize_dbt_models - 6a136057-9d0a-478f-8367-824da847801a - 62619 - dbt_project_dbt_assets - STEP_OUTPUT - Yielded output "scd_raw_hosts" of type "Nothing". (Type check passed).
[32m2024-05-30 15:42:06 +0530[0m - dagster - [34mDEBUG[0m - materialize_dbt_models - 6a136057-9d0a-478f-8367-824da847801a - 62619 - dbt_project_dbt_assets - ASSET_MATERIALIZATION - Materialized value scd_raw_hosts.
[32m2024-05-30 15:42:11 +0530[0m - dagster - [34mDEBUG[0m - materialize_dbt_models - 6a136057-9d0a-478f-8367-824da847801a - 62619 - dbt_project_dbt_assets - ASSET_OBSERVATION - DagsterEventType.ASSET_OBSERVATION for step dbt_project_dbt_assets
[32m2024-05-30 15:42:17 +0530[0m - dagster - [34mDEBUG[0m - materialize_dbt_models - 6a136057-9d0a-478f-8367-824da847801a - 62619 - dbt_project_dbt_assets - ASSET_OBSERVATION - DagsterEventType.ASSET_OBSERVATION for step dbt_project_dbt_assets
[32m2024-05-30 15:42:22 +0530[0m - dagster - [34mDEBUG[0m - materialize_dbt_models - 6a136057-9d0a-478f-8367-824da847801a - 62619 - dbt_project_dbt_assets - STEP_OUTPUT - Yielded output "dim_hosts_cleansed" of type "Nothing". (Type check passed).
[32m2024-05-30 15:42:22 +0530[0m - dagster - [34mDEBUG[0m - materialize_dbt_models - 6a136057-9d0a-478f-8367-824da847801a - 62619 - dbt_project_dbt_assets - ASSET_MATERIALIZATION - Materialized value dim_hosts_cleansed.
[32m2024-05-30 15:42:31 +0530[0m - dagster - [34mDEBUG[0m - materialize_dbt_models - 6a136057-9d0a-478f-8367-824da847801a - 62619 - dbt_project_dbt_assets - STEP_OUTPUT - Yielded output "mart_fullmoon_reviews" of type "Nothing". (Type check passed).
[32m2024-05-30 15:42:32 +0530[0m - dagster - [34mDEBUG[0m - materialize_dbt_models - 6a136057-9d0a-478f-8367-824da847801a - 62619 - dbt_project_dbt_assets - ASSET_MATERIALIZATION - Materialized value mart_fullmoon_reviews.
[32m2024-05-30 15:42:45 +0530[0m - dagster - [34mDEBUG[0m - materialize_dbt_models - 6a136057-9d0a-478f-8367-824da847801a - 62619 - dbt_project_dbt_assets - STEP_OUTPUT - Yielded output "scd_raw_listings" of type "Nothing". (Type check passed).
[32m2024-05-30 15:42:45 +0530[0m - dagster - [34mDEBUG[0m - materialize_dbt_models - 6a136057-9d0a-478f-8367-824da847801a - 62619 - dbt_project_dbt_assets - ASSET_MATERIALIZATION - Materialized value scd_raw_listings.
[32m2024-05-30 15:42:49 +0530[0m - dagster - [34mDEBUG[0m - materialize_dbt_models - 6a136057-9d0a-478f-8367-824da847801a - 62619 - dbt_project_dbt_assets - ASSET_OBSERVATION - DagsterEventType.ASSET_OBSERVATION for step dbt_project_dbt_assets
[32m2024-05-30 15:42:54 +0530[0m - dagster - [34mDEBUG[0m - materialize_dbt_models - 6a136057-9d0a-478f-8367-824da847801a - 62619 - dbt_project_dbt_assets - ASSET_OBSERVATION - DagsterEventType.ASSET_OBSERVATION for step dbt_project_dbt_assets
[32m2024-05-30 15:42:59 +0530[0m - dagster - [34mDEBUG[0m - materialize_dbt_models - 6a136057-9d0a-478f-8367-824da847801a - 62619 - dbt_project_dbt_assets - ASSET_OBSERVATION - DagsterEventType.ASSET_OBSERVATION for step dbt_project_dbt_assets
[32m2024-05-30 15:43:05 +0530[0m - dagster - [34mDEBUG[0m - materialize_dbt_models - 6a136057-9d0a-478f-8367-824da847801a - 62619 - dbt_project_dbt_assets - ASSET_OBSERVATION - DagsterEventType.ASSET_OBSERVATION for step dbt_project_dbt_assets
[32m2024-05-30 15:43:13 +0530[0m - dagster - [34mDEBUG[0m - materialize_dbt_models - 6a136057-9d0a-478f-8367-824da847801a - 62619 - dbt_project_dbt_assets - STEP_OUTPUT - Yielded output "dim_listings_cleansed" of type "Nothing". (Type check passed).
[32m2024-05-30 15:43:14 +0530[0m - dagster - [34mDEBUG[0m - materialize_dbt_models - 6a136057-9d0a-478f-8367-824da847801a - 62619 - dbt_project_dbt_assets - ASSET_MATERIALIZATION - Materialized value dim_listings_cleansed.
[32m2024-05-30 15:43:23 +0530[0m - dagster - [34mDEBUG[0m - materialize_dbt_models - 6a136057-9d0a-478f-8367-824da847801a - 62619 - dbt_project_dbt_assets - ASSET_OBSERVATION - DagsterEventType.ASSET_OBSERVATION for step dbt_project_dbt_assets
[32m2024-05-30 15:43:30 +0530[0m - dagster - [34mDEBUG[0m - materialize_dbt_models - 6a136057-9d0a-478f-8367-824da847801a - 62619 - dbt_project_dbt_assets - ASSET_OBSERVATION - DagsterEventType.ASSET_OBSERVATION for step dbt_project_dbt_assets
[32m2024-05-30 15:43:46 +0530[0m - dagster - [34mDEBUG[0m - materialize_dbt_models - 6a136057-9d0a-478f-8367-824da847801a - 62619 - dbt_project_dbt_assets - ASSET_OBSERVATION - DagsterEventType.ASSET_OBSERVATION for step dbt_project_dbt_assets
[32m2024-05-30 15:43:51 +0530[0m - dagster - [34mDEBUG[0m - materialize_dbt_models - 6a136057-9d0a-478f-8367-824da847801a - 62619 - dbt_project_dbt_assets - ASSET_OBSERVATION - DagsterEventType.ASSET_OBSERVATION for step dbt_project_dbt_assets
[32m2024-05-30 15:43:59 +0530[0m - dagster - [34mDEBUG[0m - materialize_dbt_models - 6a136057-9d0a-478f-8367-824da847801a - 62619 - dbt_project_dbt_assets - ASSET_OBSERVATION - DagsterEventType.ASSET_OBSERVATION for step dbt_project_dbt_assets
[32m2024-05-30 15:44:06 +0530[0m - dagster - [34mDEBUG[0m - materialize_dbt_models - 6a136057-9d0a-478f-8367-824da847801a - 62619 - dbt_project_dbt_assets - ASSET_OBSERVATION - DagsterEventType.ASSET_OBSERVATION for step dbt_project_dbt_assets
[32m2024-05-30 15:44:15 +0530[0m - dagster - [34mDEBUG[0m - materialize_dbt_models - 6a136057-9d0a-478f-8367-824da847801a - 62619 - dbt_project_dbt_assets - ASSET_OBSERVATION - DagsterEventType.ASSET_OBSERVATION for step dbt_project_dbt_assets
[32m2024-05-30 15:44:16 +0530[0m - dagster - [34mDEBUG[0m - materialize_dbt_models - 6a136057-9d0a-478f-8367-824da847801a - 62619 - dbt_project_dbt_assets - ASSET_OBSERVATION - DagsterEventType.ASSET_OBSERVATION for step dbt_project_dbt_assets
[32m2024-05-30 15:44:21 +0530[0m - dagster - [34mDEBUG[0m - materialize_dbt_models - 6a136057-9d0a-478f-8367-824da847801a - 62619 - dbt_project_dbt_assets - ASSET_OBSERVATION - DagsterEventType.ASSET_OBSERVATION for step dbt_project_dbt_assets
[32m2024-05-30 15:44:30 +0530[0m - dagster - [34mDEBUG[0m - materialize_dbt_models - 6a136057-9d0a-478f-8367-824da847801a - 62619 - dbt_project_dbt_assets - STEP_OUTPUT - Yielded output "dim_listings_w_hosts" of type "Nothing". (Type check passed).
[32m2024-05-30 15:44:33 +0530[0m - dagster - [34mDEBUG[0m - materialize_dbt_models - 6a136057-9d0a-478f-8367-824da847801a - 62619 - dbt_project_dbt_assets - ASSET_MATERIALIZATION - Materialized value dim_listings_w_hosts.
[32m2024-05-30 15:44:38 +0530[0m - dagster - [34mDEBUG[0m - materialize_dbt_models - 6a136057-9d0a-478f-8367-824da847801a - 62619 - dbt_project_dbt_assets - ASSET_OBSERVATION - DagsterEventType.ASSET_OBSERVATION for step dbt_project_dbt_assets
[32m2024-05-30 15:44:46 +0530[0m - dagster - [34mDEBUG[0m - materialize_dbt_models - 6a136057-9d0a-478f-8367-824da847801a - 62619 - dbt_project_dbt_assets - ASSET_OBSERVATION - DagsterEventType.ASSET_OBSERVATION for step dbt_project_dbt_assets
[32m2024-05-30 15:45:32 +0530[0m - dagster - [34mDEBUG[0m - materialize_dbt_models - 6a136057-9d0a-478f-8367-824da847801a - 62619 - dbt_project_dbt_assets - ASSET_OBSERVATION - DagsterEventType.ASSET_OBSERVATION for step dbt_project_dbt_assets
[32m2024-05-30 15:45:40 +0530[0m - dagster - [34mDEBUG[0m - materialize_dbt_models - 6a136057-9d0a-478f-8367-824da847801a - 62619 - dbt_project_dbt_assets - ASSET_OBSERVATION - DagsterEventType.ASSET_OBSERVATION for step dbt_project_dbt_assets
[32m2024-05-30 15:45:40 +0530[0m - dagster - [34mDEBUG[0m - materialize_dbt_models - 6a136057-9d0a-478f-8367-824da847801a - 62619 - dbt_project_dbt_assets - ASSET_OBSERVATION - DagsterEventType.ASSET_OBSERVATION for step dbt_project_dbt_assets
[32m2024-05-30 15:47:40 +0530[0m - dagster - [34mDEBUG[0m - materialize_dbt_models - 6a136057-9d0a-478f-8367-824da847801a - 62619 - dbt_project_dbt_assets - STEP_SUCCESS - Finished execution of step "dbt_project_dbt_assets" in 6m43s.
