[32m2024-05-30 15:41:09 +0530[0m - dagster - [34mDEBUG[0m - materialize_dbt_models - 1b02c2d7-9571-4b1b-9f23-b406aa2053ae - 62710 - LOGS_CAPTURED - Started capturing logs in process (pid: 62710).
[32m2024-05-30 15:41:09 +0530[0m - dagster - [34mDEBUG[0m - materialize_dbt_models - 1b02c2d7-9571-4b1b-9f23-b406aa2053ae - 62710 - dbt_project_dbt_assets - STEP_START - Started execution of step "dbt_project_dbt_assets".
[32m2024-05-30 15:41:10 +0530[0m - dagster - [34mINFO[0m - materialize_dbt_models - 1b02c2d7-9571-4b1b-9f23-b406aa2053ae - dbt_project_dbt_assets - A dbt subsetted execution is not being performed. Using the default dbt selection arguments `['--select', 'fqn:*', '--exclude', 'fct_reviews']`.
[32m2024-05-30 15:41:10 +0530[0m - dagster - [34mINFO[0m - materialize_dbt_models - 1b02c2d7-9571-4b1b-9f23-b406aa2053ae - dbt_project_dbt_assets - Copying `/Users/divinesam/airbnb_dwh_project/dbt_project/target/partial_parse.msgpack` to `/Users/divinesam/airbnb_dwh_project/dbt_project/target/dbt_project_dbt_assets-1b02c2d-4d4e7df/partial_parse.msgpack` to take advantage of partial parsing.
[32m2024-05-30 15:41:10 +0530[0m - dagster - [34mINFO[0m - materialize_dbt_models - 1b02c2d7-9571-4b1b-9f23-b406aa2053ae - dbt_project_dbt_assets - Running dbt command: `dbt build --select fqn:* --exclude fct_reviews`.
[32m2024-05-30 15:42:15 +0530[0m - dagster - [34mDEBUG[0m - materialize_dbt_models - 1b02c2d7-9571-4b1b-9f23-b406aa2053ae - 62710 - dbt_project_dbt_assets - STEP_OUTPUT - Yielded output "seed_full_moon_dates" of type "Nothing". (Type check passed).
[32m2024-05-30 15:42:15 +0530[0m - dagster - [34mDEBUG[0m - materialize_dbt_models - 1b02c2d7-9571-4b1b-9f23-b406aa2053ae - 62710 - dbt_project_dbt_assets - ASSET_MATERIALIZATION - Materialized value seed_full_moon_dates.
[32m2024-05-30 15:42:26 +0530[0m - dagster - [34mDEBUG[0m - materialize_dbt_models - 1b02c2d7-9571-4b1b-9f23-b406aa2053ae - 62710 - dbt_project_dbt_assets - STEP_OUTPUT - Yielded output "scd_raw_hosts" of type "Nothing". (Type check passed).
[32m2024-05-30 15:42:27 +0530[0m - dagster - [34mDEBUG[0m - materialize_dbt_models - 1b02c2d7-9571-4b1b-9f23-b406aa2053ae - 62710 - dbt_project_dbt_assets - ASSET_MATERIALIZATION - Materialized value scd_raw_hosts.
[32m2024-05-30 15:42:33 +0530[0m - dagster - [34mDEBUG[0m - materialize_dbt_models - 1b02c2d7-9571-4b1b-9f23-b406aa2053ae - 62710 - dbt_project_dbt_assets - ASSET_OBSERVATION - DagsterEventType.ASSET_OBSERVATION for step dbt_project_dbt_assets
[32m2024-05-30 15:42:41 +0530[0m - dagster - [34mDEBUG[0m - materialize_dbt_models - 1b02c2d7-9571-4b1b-9f23-b406aa2053ae - 62710 - dbt_project_dbt_assets - ASSET_OBSERVATION - DagsterEventType.ASSET_OBSERVATION for step dbt_project_dbt_assets
[32m2024-05-30 15:42:48 +0530[0m - dagster - [34mDEBUG[0m - materialize_dbt_models - 1b02c2d7-9571-4b1b-9f23-b406aa2053ae - 62710 - dbt_project_dbt_assets - STEP_OUTPUT - Yielded output "dim_hosts_cleansed" of type "Nothing". (Type check passed).
[32m2024-05-30 15:42:49 +0530[0m - dagster - [34mDEBUG[0m - materialize_dbt_models - 1b02c2d7-9571-4b1b-9f23-b406aa2053ae - 62710 - dbt_project_dbt_assets - ASSET_MATERIALIZATION - Materialized value dim_hosts_cleansed.
[32m2024-05-30 15:42:56 +0530[0m - dagster - [34mDEBUG[0m - materialize_dbt_models - 1b02c2d7-9571-4b1b-9f23-b406aa2053ae - 62710 - dbt_project_dbt_assets - STEP_OUTPUT - Yielded output "mart_fullmoon_reviews" of type "Nothing". (Type check passed).
[32m2024-05-30 15:42:58 +0530[0m - dagster - [34mDEBUG[0m - materialize_dbt_models - 1b02c2d7-9571-4b1b-9f23-b406aa2053ae - 62710 - dbt_project_dbt_assets - ASSET_MATERIALIZATION - Materialized value mart_fullmoon_reviews.
[32m2024-05-30 15:43:15 +0530[0m - dagster - [34mDEBUG[0m - materialize_dbt_models - 1b02c2d7-9571-4b1b-9f23-b406aa2053ae - 62710 - dbt_project_dbt_assets - STEP_OUTPUT - Yielded output "scd_raw_listings" of type "Nothing". (Type check passed).
[32m2024-05-30 15:43:16 +0530[0m - dagster - [34mDEBUG[0m - materialize_dbt_models - 1b02c2d7-9571-4b1b-9f23-b406aa2053ae - 62710 - dbt_project_dbt_assets - ASSET_MATERIALIZATION - Materialized value scd_raw_listings.
[32m2024-05-30 15:43:22 +0530[0m - dagster - [34mDEBUG[0m - materialize_dbt_models - 1b02c2d7-9571-4b1b-9f23-b406aa2053ae - 62710 - dbt_project_dbt_assets - ASSET_OBSERVATION - DagsterEventType.ASSET_OBSERVATION for step dbt_project_dbt_assets
[32m2024-05-30 15:43:31 +0530[0m - dagster - [34mDEBUG[0m - materialize_dbt_models - 1b02c2d7-9571-4b1b-9f23-b406aa2053ae - 62710 - dbt_project_dbt_assets - ASSET_OBSERVATION - DagsterEventType.ASSET_OBSERVATION for step dbt_project_dbt_assets
[32m2024-05-30 15:43:37 +0530[0m - dagster - [34mDEBUG[0m - materialize_dbt_models - 1b02c2d7-9571-4b1b-9f23-b406aa2053ae - 62710 - dbt_project_dbt_assets - ASSET_OBSERVATION - DagsterEventType.ASSET_OBSERVATION for step dbt_project_dbt_assets
[32m2024-05-30 15:43:44 +0530[0m - dagster - [34mDEBUG[0m - materialize_dbt_models - 1b02c2d7-9571-4b1b-9f23-b406aa2053ae - 62710 - dbt_project_dbt_assets - ASSET_OBSERVATION - DagsterEventType.ASSET_OBSERVATION for step dbt_project_dbt_assets
[32m2024-05-30 15:43:55 +0530[0m - dagster - [34mDEBUG[0m - materialize_dbt_models - 1b02c2d7-9571-4b1b-9f23-b406aa2053ae - 62710 - dbt_project_dbt_assets - STEP_OUTPUT - Yielded output "dim_listings_cleansed" of type "Nothing". (Type check passed).
[32m2024-05-30 15:43:58 +0530[0m - dagster - [34mDEBUG[0m - materialize_dbt_models - 1b02c2d7-9571-4b1b-9f23-b406aa2053ae - 62710 - dbt_project_dbt_assets - ASSET_MATERIALIZATION - Materialized value dim_listings_cleansed.
[32m2024-05-30 15:44:05 +0530[0m - dagster - [34mDEBUG[0m - materialize_dbt_models - 1b02c2d7-9571-4b1b-9f23-b406aa2053ae - 62710 - dbt_project_dbt_assets - ASSET_OBSERVATION - DagsterEventType.ASSET_OBSERVATION for step dbt_project_dbt_assets
[32m2024-05-30 15:44:13 +0530[0m - dagster - [34mDEBUG[0m - materialize_dbt_models - 1b02c2d7-9571-4b1b-9f23-b406aa2053ae - 62710 - dbt_project_dbt_assets - ASSET_OBSERVATION - DagsterEventType.ASSET_OBSERVATION for step dbt_project_dbt_assets
[32m2024-05-30 15:44:20 +0530[0m - dagster - [34mDEBUG[0m - materialize_dbt_models - 1b02c2d7-9571-4b1b-9f23-b406aa2053ae - 62710 - dbt_project_dbt_assets - ASSET_OBSERVATION - DagsterEventType.ASSET_OBSERVATION for step dbt_project_dbt_assets
[32m2024-05-30 15:44:26 +0530[0m - dagster - [34mDEBUG[0m - materialize_dbt_models - 1b02c2d7-9571-4b1b-9f23-b406aa2053ae - 62710 - dbt_project_dbt_assets - ASSET_OBSERVATION - DagsterEventType.ASSET_OBSERVATION for step dbt_project_dbt_assets
[32m2024-05-30 15:44:32 +0530[0m - dagster - [34mDEBUG[0m - materialize_dbt_models - 1b02c2d7-9571-4b1b-9f23-b406aa2053ae - 62710 - dbt_project_dbt_assets - ASSET_OBSERVATION - DagsterEventType.ASSET_OBSERVATION for step dbt_project_dbt_assets
[32m2024-05-30 15:44:39 +0530[0m - dagster - [34mDEBUG[0m - materialize_dbt_models - 1b02c2d7-9571-4b1b-9f23-b406aa2053ae - 62710 - dbt_project_dbt_assets - ASSET_OBSERVATION - DagsterEventType.ASSET_OBSERVATION for step dbt_project_dbt_assets
[32m2024-05-30 15:44:46 +0530[0m - dagster - [34mDEBUG[0m - materialize_dbt_models - 1b02c2d7-9571-4b1b-9f23-b406aa2053ae - 62710 - dbt_project_dbt_assets - ASSET_OBSERVATION - DagsterEventType.ASSET_OBSERVATION for step dbt_project_dbt_assets
[32m2024-05-30 15:44:46 +0530[0m - dagster - [34mDEBUG[0m - materialize_dbt_models - 1b02c2d7-9571-4b1b-9f23-b406aa2053ae - 62710 - dbt_project_dbt_assets - ASSET_OBSERVATION - DagsterEventType.ASSET_OBSERVATION for step dbt_project_dbt_assets
[32m2024-05-30 15:44:56 +0530[0m - dagster - [34mDEBUG[0m - materialize_dbt_models - 1b02c2d7-9571-4b1b-9f23-b406aa2053ae - 62710 - dbt_project_dbt_assets - ASSET_OBSERVATION - DagsterEventType.ASSET_OBSERVATION for step dbt_project_dbt_assets
[32m2024-05-30 15:45:07 +0530[0m - dagster - [34mDEBUG[0m - materialize_dbt_models - 1b02c2d7-9571-4b1b-9f23-b406aa2053ae - 62710 - dbt_project_dbt_assets - STEP_OUTPUT - Yielded output "dim_listings_w_hosts" of type "Nothing". (Type check passed).
[32m2024-05-30 15:45:09 +0530[0m - dagster - [34mDEBUG[0m - materialize_dbt_models - 1b02c2d7-9571-4b1b-9f23-b406aa2053ae - 62710 - dbt_project_dbt_assets - ASSET_MATERIALIZATION - Materialized value dim_listings_w_hosts.
[32m2024-05-30 15:45:16 +0530[0m - dagster - [34mDEBUG[0m - materialize_dbt_models - 1b02c2d7-9571-4b1b-9f23-b406aa2053ae - 62710 - dbt_project_dbt_assets - ASSET_OBSERVATION - DagsterEventType.ASSET_OBSERVATION for step dbt_project_dbt_assets
[32m2024-05-30 15:45:24 +0530[0m - dagster - [34mDEBUG[0m - materialize_dbt_models - 1b02c2d7-9571-4b1b-9f23-b406aa2053ae - 62710 - dbt_project_dbt_assets - ASSET_OBSERVATION - DagsterEventType.ASSET_OBSERVATION for step dbt_project_dbt_assets
[32m2024-05-30 15:45:32 +0530[0m - dagster - [34mDEBUG[0m - materialize_dbt_models - 1b02c2d7-9571-4b1b-9f23-b406aa2053ae - 62710 - dbt_project_dbt_assets - ASSET_OBSERVATION - DagsterEventType.ASSET_OBSERVATION for step dbt_project_dbt_assets
[32m2024-05-30 15:45:39 +0530[0m - dagster - [34mDEBUG[0m - materialize_dbt_models - 1b02c2d7-9571-4b1b-9f23-b406aa2053ae - 62710 - dbt_project_dbt_assets - ASSET_OBSERVATION - DagsterEventType.ASSET_OBSERVATION for step dbt_project_dbt_assets
[32m2024-05-30 15:45:40 +0530[0m - dagster - [34mDEBUG[0m - materialize_dbt_models - 1b02c2d7-9571-4b1b-9f23-b406aa2053ae - 62710 - dbt_project_dbt_assets - ASSET_OBSERVATION - DagsterEventType.ASSET_OBSERVATION for step dbt_project_dbt_assets
[32m2024-05-30 15:47:52 +0530[0m - dagster - [34mDEBUG[0m - materialize_dbt_models - 1b02c2d7-9571-4b1b-9f23-b406aa2053ae - 62710 - dbt_project_dbt_assets - STEP_SUCCESS - Finished execution of step "dbt_project_dbt_assets" in 6m38s.
