[32m2024-05-30 15:42:04 +0530[0m - dagster - [34mDEBUG[0m - materialize_dbt_models - 8b1dfb2e-8e52-489c-8d68-af3cde0288de - 62942 - LOGS_CAPTURED - Started capturing logs in process (pid: 62942).
[32m2024-05-30 15:42:04 +0530[0m - dagster - [34mDEBUG[0m - materialize_dbt_models - 8b1dfb2e-8e52-489c-8d68-af3cde0288de - 62942 - dbt_project_dbt_assets - STEP_START - Started execution of step "dbt_project_dbt_assets".
[32m2024-05-30 15:42:06 +0530[0m - dagster - [34mINFO[0m - materialize_dbt_models - 8b1dfb2e-8e52-489c-8d68-af3cde0288de - dbt_project_dbt_assets - A dbt subsetted execution is not being performed. Using the default dbt selection arguments `['--select', 'fqn:*', '--exclude', 'fct_reviews']`.
[32m2024-05-30 15:42:06 +0530[0m - dagster - [34mINFO[0m - materialize_dbt_models - 8b1dfb2e-8e52-489c-8d68-af3cde0288de - dbt_project_dbt_assets - Copying `/Users/divinesam/airbnb_dwh_project/dbt_project/target/partial_parse.msgpack` to `/Users/divinesam/airbnb_dwh_project/dbt_project/target/dbt_project_dbt_assets-8b1dfb2-a549ba2/partial_parse.msgpack` to take advantage of partial parsing.
[32m2024-05-30 15:42:06 +0530[0m - dagster - [34mINFO[0m - materialize_dbt_models - 8b1dfb2e-8e52-489c-8d68-af3cde0288de - dbt_project_dbt_assets - Running dbt command: `dbt build --select fqn:* --exclude fct_reviews`.
[32m2024-05-30 15:43:11 +0530[0m - dagster - [34mDEBUG[0m - materialize_dbt_models - 8b1dfb2e-8e52-489c-8d68-af3cde0288de - 62942 - dbt_project_dbt_assets - STEP_OUTPUT - Yielded output "seed_full_moon_dates" of type "Nothing". (Type check passed).
[32m2024-05-30 15:43:14 +0530[0m - dagster - [34mDEBUG[0m - materialize_dbt_models - 8b1dfb2e-8e52-489c-8d68-af3cde0288de - 62942 - dbt_project_dbt_assets - ASSET_MATERIALIZATION - Materialized value seed_full_moon_dates.
[32m2024-05-30 15:43:31 +0530[0m - dagster - [34mDEBUG[0m - materialize_dbt_models - 8b1dfb2e-8e52-489c-8d68-af3cde0288de - 62942 - dbt_project_dbt_assets - STEP_OUTPUT - Yielded output "scd_raw_hosts" of type "Nothing". (Type check passed).
[32m2024-05-30 15:43:33 +0530[0m - dagster - [34mDEBUG[0m - materialize_dbt_models - 8b1dfb2e-8e52-489c-8d68-af3cde0288de - 62942 - dbt_project_dbt_assets - ASSET_MATERIALIZATION - Materialized value scd_raw_hosts.
[32m2024-05-30 15:43:43 +0530[0m - dagster - [34mDEBUG[0m - materialize_dbt_models - 8b1dfb2e-8e52-489c-8d68-af3cde0288de - 62942 - dbt_project_dbt_assets - ASSET_OBSERVATION - DagsterEventType.ASSET_OBSERVATION for step dbt_project_dbt_assets
[32m2024-05-30 15:43:51 +0530[0m - dagster - [34mDEBUG[0m - materialize_dbt_models - 8b1dfb2e-8e52-489c-8d68-af3cde0288de - 62942 - dbt_project_dbt_assets - ASSET_OBSERVATION - DagsterEventType.ASSET_OBSERVATION for step dbt_project_dbt_assets
[32m2024-05-30 15:44:01 +0530[0m - dagster - [34mDEBUG[0m - materialize_dbt_models - 8b1dfb2e-8e52-489c-8d68-af3cde0288de - 62942 - dbt_project_dbt_assets - STEP_OUTPUT - Yielded output "dim_hosts_cleansed" of type "Nothing". (Type check passed).
[32m2024-05-30 15:44:06 +0530[0m - dagster - [34mDEBUG[0m - materialize_dbt_models - 8b1dfb2e-8e52-489c-8d68-af3cde0288de - 62942 - dbt_project_dbt_assets - ASSET_MATERIALIZATION - Materialized value dim_hosts_cleansed.
[32m2024-05-30 15:44:16 +0530[0m - dagster - [34mDEBUG[0m - materialize_dbt_models - 8b1dfb2e-8e52-489c-8d68-af3cde0288de - 62942 - dbt_project_dbt_assets - STEP_OUTPUT - Yielded output "mart_fullmoon_reviews" of type "Nothing". (Type check passed).
[32m2024-05-30 15:44:18 +0530[0m - dagster - [34mDEBUG[0m - materialize_dbt_models - 8b1dfb2e-8e52-489c-8d68-af3cde0288de - 62942 - dbt_project_dbt_assets - ASSET_MATERIALIZATION - Materialized value mart_fullmoon_reviews.
[32m2024-05-30 15:44:36 +0530[0m - dagster - [34mDEBUG[0m - materialize_dbt_models - 8b1dfb2e-8e52-489c-8d68-af3cde0288de - 62942 - dbt_project_dbt_assets - STEP_OUTPUT - Yielded output "scd_raw_listings" of type "Nothing". (Type check passed).
[32m2024-05-30 15:44:38 +0530[0m - dagster - [34mDEBUG[0m - materialize_dbt_models - 8b1dfb2e-8e52-489c-8d68-af3cde0288de - 62942 - dbt_project_dbt_assets - ASSET_MATERIALIZATION - Materialized value scd_raw_listings.
[32m2024-05-30 15:44:45 +0530[0m - dagster - [34mDEBUG[0m - materialize_dbt_models - 8b1dfb2e-8e52-489c-8d68-af3cde0288de - 62942 - dbt_project_dbt_assets - ASSET_OBSERVATION - DagsterEventType.ASSET_OBSERVATION for step dbt_project_dbt_assets
[32m2024-05-30 15:44:55 +0530[0m - dagster - [34mDEBUG[0m - materialize_dbt_models - 8b1dfb2e-8e52-489c-8d68-af3cde0288de - 62942 - dbt_project_dbt_assets - ASSET_OBSERVATION - DagsterEventType.ASSET_OBSERVATION for step dbt_project_dbt_assets
[32m2024-05-30 15:45:03 +0530[0m - dagster - [34mDEBUG[0m - materialize_dbt_models - 8b1dfb2e-8e52-489c-8d68-af3cde0288de - 62942 - dbt_project_dbt_assets - ASSET_OBSERVATION - DagsterEventType.ASSET_OBSERVATION for step dbt_project_dbt_assets
[32m2024-05-30 15:45:10 +0530[0m - dagster - [34mDEBUG[0m - materialize_dbt_models - 8b1dfb2e-8e52-489c-8d68-af3cde0288de - 62942 - dbt_project_dbt_assets - ASSET_OBSERVATION - DagsterEventType.ASSET_OBSERVATION for step dbt_project_dbt_assets
[32m2024-05-30 15:45:21 +0530[0m - dagster - [34mDEBUG[0m - materialize_dbt_models - 8b1dfb2e-8e52-489c-8d68-af3cde0288de - 62942 - dbt_project_dbt_assets - STEP_OUTPUT - Yielded output "dim_listings_cleansed" of type "Nothing". (Type check passed).
[32m2024-05-30 15:45:21 +0530[0m - dagster - [34mDEBUG[0m - materialize_dbt_models - 8b1dfb2e-8e52-489c-8d68-af3cde0288de - 62942 - dbt_project_dbt_assets - ASSET_MATERIALIZATION - Materialized value dim_listings_cleansed.
[32m2024-05-30 15:45:28 +0530[0m - dagster - [34mDEBUG[0m - materialize_dbt_models - 8b1dfb2e-8e52-489c-8d68-af3cde0288de - 62942 - dbt_project_dbt_assets - ASSET_OBSERVATION - DagsterEventType.ASSET_OBSERVATION for step dbt_project_dbt_assets
[32m2024-05-30 15:45:35 +0530[0m - dagster - [34mDEBUG[0m - materialize_dbt_models - 8b1dfb2e-8e52-489c-8d68-af3cde0288de - 62942 - dbt_project_dbt_assets - ASSET_OBSERVATION - DagsterEventType.ASSET_OBSERVATION for step dbt_project_dbt_assets
[32m2024-05-30 15:45:42 +0530[0m - dagster - [34mDEBUG[0m - materialize_dbt_models - 8b1dfb2e-8e52-489c-8d68-af3cde0288de - 62942 - dbt_project_dbt_assets - ASSET_OBSERVATION - DagsterEventType.ASSET_OBSERVATION for step dbt_project_dbt_assets
[32m2024-05-30 15:45:56 +0530[0m - dagster - [34mDEBUG[0m - materialize_dbt_models - 8b1dfb2e-8e52-489c-8d68-af3cde0288de - 62942 - dbt_project_dbt_assets - ASSET_OBSERVATION - DagsterEventType.ASSET_OBSERVATION for step dbt_project_dbt_assets
[32m2024-05-30 15:46:07 +0530[0m - dagster - [34mDEBUG[0m - materialize_dbt_models - 8b1dfb2e-8e52-489c-8d68-af3cde0288de - 62942 - dbt_project_dbt_assets - ASSET_OBSERVATION - DagsterEventType.ASSET_OBSERVATION for step dbt_project_dbt_assets
[32m2024-05-30 15:46:16 +0530[0m - dagster - [34mDEBUG[0m - materialize_dbt_models - 8b1dfb2e-8e52-489c-8d68-af3cde0288de - 62942 - dbt_project_dbt_assets - ASSET_OBSERVATION - DagsterEventType.ASSET_OBSERVATION for step dbt_project_dbt_assets
[32m2024-05-30 15:46:25 +0530[0m - dagster - [34mDEBUG[0m - materialize_dbt_models - 8b1dfb2e-8e52-489c-8d68-af3cde0288de - 62942 - dbt_project_dbt_assets - ASSET_OBSERVATION - DagsterEventType.ASSET_OBSERVATION for step dbt_project_dbt_assets
[32m2024-05-30 15:46:25 +0530[0m - dagster - [34mDEBUG[0m - materialize_dbt_models - 8b1dfb2e-8e52-489c-8d68-af3cde0288de - 62942 - dbt_project_dbt_assets - ASSET_OBSERVATION - DagsterEventType.ASSET_OBSERVATION for step dbt_project_dbt_assets
[32m2024-05-30 15:46:33 +0530[0m - dagster - [34mDEBUG[0m - materialize_dbt_models - 8b1dfb2e-8e52-489c-8d68-af3cde0288de - 62942 - dbt_project_dbt_assets - ASSET_OBSERVATION - DagsterEventType.ASSET_OBSERVATION for step dbt_project_dbt_assets
[32m2024-05-30 15:46:48 +0530[0m - dagster - [34mDEBUG[0m - materialize_dbt_models - 8b1dfb2e-8e52-489c-8d68-af3cde0288de - 62942 - dbt_project_dbt_assets - STEP_OUTPUT - Yielded output "dim_listings_w_hosts" of type "Nothing". (Type check passed).
[32m2024-05-30 15:46:50 +0530[0m - dagster - [34mDEBUG[0m - materialize_dbt_models - 8b1dfb2e-8e52-489c-8d68-af3cde0288de - 62942 - dbt_project_dbt_assets - ASSET_MATERIALIZATION - Materialized value dim_listings_w_hosts.
[32m2024-05-30 15:46:54 +0530[0m - dagster - [34mDEBUG[0m - materialize_dbt_models - 8b1dfb2e-8e52-489c-8d68-af3cde0288de - 62942 - dbt_project_dbt_assets - ASSET_OBSERVATION - DagsterEventType.ASSET_OBSERVATION for step dbt_project_dbt_assets
[32m2024-05-30 15:47:01 +0530[0m - dagster - [34mDEBUG[0m - materialize_dbt_models - 8b1dfb2e-8e52-489c-8d68-af3cde0288de - 62942 - dbt_project_dbt_assets - ASSET_OBSERVATION - DagsterEventType.ASSET_OBSERVATION for step dbt_project_dbt_assets
[32m2024-05-30 15:47:11 +0530[0m - dagster - [34mDEBUG[0m - materialize_dbt_models - 8b1dfb2e-8e52-489c-8d68-af3cde0288de - 62942 - dbt_project_dbt_assets - ASSET_OBSERVATION - DagsterEventType.ASSET_OBSERVATION for step dbt_project_dbt_assets
[32m2024-05-30 15:47:20 +0530[0m - dagster - [34mDEBUG[0m - materialize_dbt_models - 8b1dfb2e-8e52-489c-8d68-af3cde0288de - 62942 - dbt_project_dbt_assets - ASSET_OBSERVATION - DagsterEventType.ASSET_OBSERVATION for step dbt_project_dbt_assets
[32m2024-05-30 15:47:21 +0530[0m - dagster - [34mDEBUG[0m - materialize_dbt_models - 8b1dfb2e-8e52-489c-8d68-af3cde0288de - 62942 - dbt_project_dbt_assets - ASSET_OBSERVATION - DagsterEventType.ASSET_OBSERVATION for step dbt_project_dbt_assets
