[32m2024-05-30 15:40:26 +0530[0m - dagster - [34mDEBUG[0m - materialize_dbt_models - cf695dc5-9ff4-4801-9f94-4e6a96639814 - 62439 - LOGS_CAPTURED - Started capturing logs in process (pid: 62439).
[32m2024-05-30 15:40:26 +0530[0m - dagster - [34mDEBUG[0m - materialize_dbt_models - cf695dc5-9ff4-4801-9f94-4e6a96639814 - 62439 - dbt_project_dbt_assets - STEP_START - Started execution of step "dbt_project_dbt_assets".
[32m2024-05-30 15:40:26 +0530[0m - dagster - [34mINFO[0m - materialize_dbt_models - cf695dc5-9ff4-4801-9f94-4e6a96639814 - dbt_project_dbt_assets - A dbt subsetted execution is not being performed. Using the default dbt selection arguments `['--select', 'fqn:*', '--exclude', 'fct_reviews']`.
[32m2024-05-30 15:40:26 +0530[0m - dagster - [34mINFO[0m - materialize_dbt_models - cf695dc5-9ff4-4801-9f94-4e6a96639814 - dbt_project_dbt_assets - Copying `/Users/divinesam/airbnb_dwh_project/dbt_project/target/partial_parse.msgpack` to `/Users/divinesam/airbnb_dwh_project/dbt_project/target/dbt_project_dbt_assets-cf695dc-37c627c/partial_parse.msgpack` to take advantage of partial parsing.
[32m2024-05-30 15:40:26 +0530[0m - dagster - [34mINFO[0m - materialize_dbt_models - cf695dc5-9ff4-4801-9f94-4e6a96639814 - dbt_project_dbt_assets - Running dbt command: `dbt build --select fqn:* --exclude fct_reviews`.
[32m2024-05-30 15:41:16 +0530[0m - dagster - [34mDEBUG[0m - materialize_dbt_models - cf695dc5-9ff4-4801-9f94-4e6a96639814 - 62439 - dbt_project_dbt_assets - STEP_OUTPUT - Yielded output "seed_full_moon_dates" of type "Nothing". (Type check passed).
[32m2024-05-30 15:41:16 +0530[0m - dagster - [34mDEBUG[0m - materialize_dbt_models - cf695dc5-9ff4-4801-9f94-4e6a96639814 - 62439 - dbt_project_dbt_assets - ASSET_MATERIALIZATION - Materialized value seed_full_moon_dates.
[32m2024-05-30 15:41:31 +0530[0m - dagster - [34mDEBUG[0m - materialize_dbt_models - cf695dc5-9ff4-4801-9f94-4e6a96639814 - 62439 - dbt_project_dbt_assets - STEP_OUTPUT - Yielded output "scd_raw_hosts" of type "Nothing". (Type check passed).
[32m2024-05-30 15:41:32 +0530[0m - dagster - [34mDEBUG[0m - materialize_dbt_models - cf695dc5-9ff4-4801-9f94-4e6a96639814 - 62439 - dbt_project_dbt_assets - ASSET_MATERIALIZATION - Materialized value scd_raw_hosts.
[32m2024-05-30 15:41:37 +0530[0m - dagster - [34mDEBUG[0m - materialize_dbt_models - cf695dc5-9ff4-4801-9f94-4e6a96639814 - 62439 - dbt_project_dbt_assets - ASSET_OBSERVATION - DagsterEventType.ASSET_OBSERVATION for step dbt_project_dbt_assets
[32m2024-05-30 15:41:42 +0530[0m - dagster - [34mDEBUG[0m - materialize_dbt_models - cf695dc5-9ff4-4801-9f94-4e6a96639814 - 62439 - dbt_project_dbt_assets - ASSET_OBSERVATION - DagsterEventType.ASSET_OBSERVATION for step dbt_project_dbt_assets
[32m2024-05-30 15:41:48 +0530[0m - dagster - [34mDEBUG[0m - materialize_dbt_models - cf695dc5-9ff4-4801-9f94-4e6a96639814 - 62439 - dbt_project_dbt_assets - STEP_OUTPUT - Yielded output "dim_hosts_cleansed" of type "Nothing". (Type check passed).
[32m2024-05-30 15:41:48 +0530[0m - dagster - [34mDEBUG[0m - materialize_dbt_models - cf695dc5-9ff4-4801-9f94-4e6a96639814 - 62439 - dbt_project_dbt_assets - ASSET_MATERIALIZATION - Materialized value dim_hosts_cleansed.
[32m2024-05-30 15:41:59 +0530[0m - dagster - [34mDEBUG[0m - materialize_dbt_models - cf695dc5-9ff4-4801-9f94-4e6a96639814 - 62439 - dbt_project_dbt_assets - STEP_OUTPUT - Yielded output "mart_fullmoon_reviews" of type "Nothing". (Type check passed).
[32m2024-05-30 15:42:00 +0530[0m - dagster - [34mDEBUG[0m - materialize_dbt_models - cf695dc5-9ff4-4801-9f94-4e6a96639814 - 62439 - dbt_project_dbt_assets - ASSET_MATERIALIZATION - Materialized value mart_fullmoon_reviews.
[32m2024-05-30 15:42:12 +0530[0m - dagster - [34mDEBUG[0m - materialize_dbt_models - cf695dc5-9ff4-4801-9f94-4e6a96639814 - 62439 - dbt_project_dbt_assets - STEP_OUTPUT - Yielded output "scd_raw_listings" of type "Nothing". (Type check passed).
[32m2024-05-30 15:42:13 +0530[0m - dagster - [34mDEBUG[0m - materialize_dbt_models - cf695dc5-9ff4-4801-9f94-4e6a96639814 - 62439 - dbt_project_dbt_assets - ASSET_MATERIALIZATION - Materialized value scd_raw_listings.
[32m2024-05-30 15:42:18 +0530[0m - dagster - [34mDEBUG[0m - materialize_dbt_models - cf695dc5-9ff4-4801-9f94-4e6a96639814 - 62439 - dbt_project_dbt_assets - ASSET_OBSERVATION - DagsterEventType.ASSET_OBSERVATION for step dbt_project_dbt_assets
[32m2024-05-30 15:42:22 +0530[0m - dagster - [34mDEBUG[0m - materialize_dbt_models - cf695dc5-9ff4-4801-9f94-4e6a96639814 - 62439 - dbt_project_dbt_assets - ASSET_OBSERVATION - DagsterEventType.ASSET_OBSERVATION for step dbt_project_dbt_assets
[32m2024-05-30 15:42:27 +0530[0m - dagster - [34mDEBUG[0m - materialize_dbt_models - cf695dc5-9ff4-4801-9f94-4e6a96639814 - 62439 - dbt_project_dbt_assets - ASSET_OBSERVATION - DagsterEventType.ASSET_OBSERVATION for step dbt_project_dbt_assets
[32m2024-05-30 15:42:32 +0530[0m - dagster - [34mDEBUG[0m - materialize_dbt_models - cf695dc5-9ff4-4801-9f94-4e6a96639814 - 62439 - dbt_project_dbt_assets - ASSET_OBSERVATION - DagsterEventType.ASSET_OBSERVATION for step dbt_project_dbt_assets
[32m2024-05-30 15:42:40 +0530[0m - dagster - [34mDEBUG[0m - materialize_dbt_models - cf695dc5-9ff4-4801-9f94-4e6a96639814 - 62439 - dbt_project_dbt_assets - STEP_OUTPUT - Yielded output "dim_listings_cleansed" of type "Nothing". (Type check passed).
[32m2024-05-30 15:42:41 +0530[0m - dagster - [34mDEBUG[0m - materialize_dbt_models - cf695dc5-9ff4-4801-9f94-4e6a96639814 - 62439 - dbt_project_dbt_assets - ASSET_MATERIALIZATION - Materialized value dim_listings_cleansed.
[32m2024-05-30 15:42:46 +0530[0m - dagster - [34mDEBUG[0m - materialize_dbt_models - cf695dc5-9ff4-4801-9f94-4e6a96639814 - 62439 - dbt_project_dbt_assets - ASSET_OBSERVATION - DagsterEventType.ASSET_OBSERVATION for step dbt_project_dbt_assets
[32m2024-05-30 15:42:50 +0530[0m - dagster - [34mDEBUG[0m - materialize_dbt_models - cf695dc5-9ff4-4801-9f94-4e6a96639814 - 62439 - dbt_project_dbt_assets - ASSET_OBSERVATION - DagsterEventType.ASSET_OBSERVATION for step dbt_project_dbt_assets
[32m2024-05-30 15:42:56 +0530[0m - dagster - [34mDEBUG[0m - materialize_dbt_models - cf695dc5-9ff4-4801-9f94-4e6a96639814 - 62439 - dbt_project_dbt_assets - ASSET_OBSERVATION - DagsterEventType.ASSET_OBSERVATION for step dbt_project_dbt_assets
[32m2024-05-30 15:43:01 +0530[0m - dagster - [34mDEBUG[0m - materialize_dbt_models - cf695dc5-9ff4-4801-9f94-4e6a96639814 - 62439 - dbt_project_dbt_assets - ASSET_OBSERVATION - DagsterEventType.ASSET_OBSERVATION for step dbt_project_dbt_assets
[32m2024-05-30 15:43:06 +0530[0m - dagster - [34mDEBUG[0m - materialize_dbt_models - cf695dc5-9ff4-4801-9f94-4e6a96639814 - 62439 - dbt_project_dbt_assets - ASSET_OBSERVATION - DagsterEventType.ASSET_OBSERVATION for step dbt_project_dbt_assets
[32m2024-05-30 15:43:13 +0530[0m - dagster - [34mDEBUG[0m - materialize_dbt_models - cf695dc5-9ff4-4801-9f94-4e6a96639814 - 62439 - dbt_project_dbt_assets - ASSET_OBSERVATION - DagsterEventType.ASSET_OBSERVATION for step dbt_project_dbt_assets
[32m2024-05-30 15:43:18 +0530[0m - dagster - [34mDEBUG[0m - materialize_dbt_models - cf695dc5-9ff4-4801-9f94-4e6a96639814 - 62439 - dbt_project_dbt_assets - ASSET_OBSERVATION - DagsterEventType.ASSET_OBSERVATION for step dbt_project_dbt_assets
[32m2024-05-30 15:43:18 +0530[0m - dagster - [34mDEBUG[0m - materialize_dbt_models - cf695dc5-9ff4-4801-9f94-4e6a96639814 - 62439 - dbt_project_dbt_assets - ASSET_OBSERVATION - DagsterEventType.ASSET_OBSERVATION for step dbt_project_dbt_assets
[32m2024-05-30 15:43:24 +0530[0m - dagster - [34mDEBUG[0m - materialize_dbt_models - cf695dc5-9ff4-4801-9f94-4e6a96639814 - 62439 - dbt_project_dbt_assets - ASSET_OBSERVATION - DagsterEventType.ASSET_OBSERVATION for step dbt_project_dbt_assets
[32m2024-05-30 15:43:37 +0530[0m - dagster - [34mDEBUG[0m - materialize_dbt_models - cf695dc5-9ff4-4801-9f94-4e6a96639814 - 62439 - dbt_project_dbt_assets - STEP_OUTPUT - Yielded output "dim_listings_w_hosts" of type "Nothing". (Type check passed).
[32m2024-05-30 15:43:40 +0530[0m - dagster - [34mDEBUG[0m - materialize_dbt_models - cf695dc5-9ff4-4801-9f94-4e6a96639814 - 62439 - dbt_project_dbt_assets - ASSET_MATERIALIZATION - Materialized value dim_listings_w_hosts.
[32m2024-05-30 15:43:42 +0530[0m - dagster - [34mDEBUG[0m - materialize_dbt_models - cf695dc5-9ff4-4801-9f94-4e6a96639814 - 62439 - dbt_project_dbt_assets - ASSET_OBSERVATION - DagsterEventType.ASSET_OBSERVATION for step dbt_project_dbt_assets
[32m2024-05-30 15:43:51 +0530[0m - dagster - [34mDEBUG[0m - materialize_dbt_models - cf695dc5-9ff4-4801-9f94-4e6a96639814 - 62439 - dbt_project_dbt_assets - ASSET_OBSERVATION - DagsterEventType.ASSET_OBSERVATION for step dbt_project_dbt_assets
[32m2024-05-30 15:44:06 +0530[0m - dagster - [34mDEBUG[0m - materialize_dbt_models - cf695dc5-9ff4-4801-9f94-4e6a96639814 - 62439 - dbt_project_dbt_assets - ASSET_OBSERVATION - DagsterEventType.ASSET_OBSERVATION for step dbt_project_dbt_assets
[32m2024-05-30 15:44:13 +0530[0m - dagster - [34mDEBUG[0m - materialize_dbt_models - cf695dc5-9ff4-4801-9f94-4e6a96639814 - 62439 - dbt_project_dbt_assets - ASSET_OBSERVATION - DagsterEventType.ASSET_OBSERVATION for step dbt_project_dbt_assets
[32m2024-05-30 15:44:13 +0530[0m - dagster - [34mDEBUG[0m - materialize_dbt_models - cf695dc5-9ff4-4801-9f94-4e6a96639814 - 62439 - dbt_project_dbt_assets - ASSET_OBSERVATION - DagsterEventType.ASSET_OBSERVATION for step dbt_project_dbt_assets
[32m2024-05-30 15:45:59 +0530[0m - dagster - [34mDEBUG[0m - materialize_dbt_models - cf695dc5-9ff4-4801-9f94-4e6a96639814 - 62439 - dbt_project_dbt_assets - STEP_SUCCESS - Finished execution of step "dbt_project_dbt_assets" in 5m30s.
