Running with dbt=1.7.15
Registered adapter: snowflake=1.7.1
Found 1 seed, 8 models, 2 snapshots, 1 analysis, 22 tests, 3 sources, 1 exposure, 0 metrics, 813 macros, 0 groups, 0 semantic models

Concurrency: 1 threads (target='dev')

1 of 25 START seed file DEV.seed_full_moon_dates ............................... [RUN]
1 of 25 OK loaded seed file DEV.seed_full_moon_dates ........................... [[32mINSERT 272[0m in 21.88s]
2 of 25 START snapshot dev.scd_raw_hosts ....................................... [RUN]
2 of 25 OK snapshotted dev.scd_raw_hosts ....................................... [[32mSUCCESS 0[0m in 29.32s]
3 of 25 START test dbt_expectations_source_expect_column_distinct_count_to_equal_airbnb_listings_room_type__4  [RUN]
3 of 25 PASS dbt_expectations_source_expect_column_distinct_count_to_equal_airbnb_listings_room_type__4  [[32mPASS[0m in 12.29s]
4 of 25 START test dbt_expectations_source_expect_column_values_to_match_regex_airbnb_listings_price___0_9_0_9_  [RUN]
4 of 25 PASS dbt_expectations_source_expect_column_values_to_match_regex_airbnb_listings_price___0_9_0_9_  [[32mPASS[0m in 7.49s]
5 of 25 START sql view model DEV.dim_hosts_cleansed ............................ [RUN]
5 of 25 OK created sql view model DEV.dim_hosts_cleansed ....................... [[32mSUCCESS 1[0m in 10.43s]
6 of 25 START sql table model DEV.mart_fullmoon_reviews ........................ [RUN]
6 of 25 OK created sql table model DEV.mart_fullmoon_reviews ................... [[32mSUCCESS 1[0m in 13.24s]
7 of 25 START snapshot DEV.scd_raw_listings .................................... [RUN]
7 of 25 OK snapshotted DEV.scd_raw_listings .................................... [[32mSUCCESS 0[0m in 26.43s]
8 of 25 START test accepted_values_dim_hosts_cleansed_is_superhost__t__f ....... [RUN]
8 of 25 PASS accepted_values_dim_hosts_cleansed_is_superhost__t__f ............. [[32mPASS[0m in 10.54s]
9 of 25 START test not_null_dim_hosts_cleansed_host_id ......................... [RUN]
9 of 25 PASS not_null_dim_hosts_cleansed_host_id ............................... [[32mPASS[0m in 10.84s]
10 of 25 START test not_null_dim_hosts_cleansed_host_name ...................... [RUN]
10 of 25 PASS not_null_dim_hosts_cleansed_host_name ............................ [[32mPASS[0m in 9.37s]
11 of 25 START test unique_dim_hosts_cleansed_host_id .......................... [RUN]
11 of 25 PASS unique_dim_hosts_cleansed_host_id ................................ [[32mPASS[0m in 7.87s]
12 of 25 START sql view model DEV.dim_listings_cleansed ........................ [RUN]
12 of 25 OK created sql view model DEV.dim_listings_cleansed ................... [[32mSUCCESS 1[0m in 14.10s]
13 of 25 START test accepted_values_dim_listings_cleansed_room_type__Entire_home_apt__Private_room__Shared_room__Hotel_room  [RUN]
13 of 25 PASS accepted_values_dim_listings_cleansed_room_type__Entire_home_apt__Private_room__Shared_room__Hotel_room  [[32mPASS[0m in 9.83s]
14 of 25 START test dim_listings_minimum_nights ................................ [RUN]
14 of 25 PASS dim_listings_minimum_nights ...................................... [[32mPASS[0m in 7.51s]
15 of 25 START test no_nulls_in_dim_listings ................................... [RUN]
15 of 25 PASS no_nulls_in_dim_listings ......................................... [[32mPASS[0m in 8.40s]
16 of 25 START test not_null_dim_listings_cleansed_host_id ..................... [RUN]
16 of 25 PASS not_null_dim_listings_cleansed_host_id ........................... [[32mPASS[0m in 7.10s]
17 of 25 START test not_null_dim_listings_cleansed_listing_id .................. [RUN]
17 of 25 PASS not_null_dim_listings_cleansed_listing_id ........................ [[32mPASS[0m in 6.95s]
18 of 25 START test positive_value_dim_listings_cleansed_minimum_nights ........ [RUN]
18 of 25 PASS positive_value_dim_listings_cleansed_minimum_nights .............. [[32mPASS[0m in 9.83s]
19 of 25 START test relationships_dim_listings_cleansed_host_id__host_id__ref_dim_hosts_cleansed_  [RUN]
