[32m2024-05-30 15:43:51 +0530[0m - dagster - [34mDEBUG[0m - materialize_dbt_models - 3cf3c923-078f-4a2f-92b1-97cc7c0e64aa - 63350 - LOGS_CAPTURED - Started capturing logs in process (pid: 63350).
[32m2024-05-30 15:43:52 +0530[0m - dagster - [34mDEBUG[0m - materialize_dbt_models - 3cf3c923-078f-4a2f-92b1-97cc7c0e64aa - 63350 - dbt_project_dbt_assets - STEP_START - Started execution of step "dbt_project_dbt_assets".
[32m2024-05-30 15:43:59 +0530[0m - dagster - [34mINFO[0m - materialize_dbt_models - 3cf3c923-078f-4a2f-92b1-97cc7c0e64aa - dbt_project_dbt_assets - A dbt subsetted execution is not being performed. Using the default dbt selection arguments `['--select', 'fqn:*', '--exclude', 'fct_reviews']`.
[32m2024-05-30 15:43:59 +0530[0m - dagster - [34mINFO[0m - materialize_dbt_models - 3cf3c923-078f-4a2f-92b1-97cc7c0e64aa - dbt_project_dbt_assets - Copying `/Users/divinesam/airbnb_dwh_project/dbt_project/target/partial_parse.msgpack` to `/Users/divinesam/airbnb_dwh_project/dbt_project/target/dbt_project_dbt_assets-3cf3c92-050bd79/partial_parse.msgpack` to take advantage of partial parsing.
[32m2024-05-30 15:44:00 +0530[0m - dagster - [34mINFO[0m - materialize_dbt_models - 3cf3c923-078f-4a2f-92b1-97cc7c0e64aa - dbt_project_dbt_assets - Running dbt command: `dbt build --select fqn:* --exclude fct_reviews`.
[32m2024-05-30 15:46:12 +0530[0m - dagster - [34mDEBUG[0m - materialize_dbt_models - 3cf3c923-078f-4a2f-92b1-97cc7c0e64aa - 63350 - dbt_project_dbt_assets - STEP_OUTPUT - Yielded output "seed_full_moon_dates" of type "Nothing". (Type check passed).
[32m2024-05-30 15:46:15 +0530[0m - dagster - [34mDEBUG[0m - materialize_dbt_models - 3cf3c923-078f-4a2f-92b1-97cc7c0e64aa - 63350 - dbt_project_dbt_assets - ASSET_MATERIALIZATION - Materialized value seed_full_moon_dates.
[32m2024-05-30 15:46:41 +0530[0m - dagster - [34mDEBUG[0m - materialize_dbt_models - 3cf3c923-078f-4a2f-92b1-97cc7c0e64aa - 63350 - dbt_project_dbt_assets - STEP_OUTPUT - Yielded output "scd_raw_hosts" of type "Nothing". (Type check passed).
[32m2024-05-30 15:46:44 +0530[0m - dagster - [34mDEBUG[0m - materialize_dbt_models - 3cf3c923-078f-4a2f-92b1-97cc7c0e64aa - 63350 - dbt_project_dbt_assets - ASSET_MATERIALIZATION - Materialized value scd_raw_hosts.
[32m2024-05-30 15:46:52 +0530[0m - dagster - [34mDEBUG[0m - materialize_dbt_models - 3cf3c923-078f-4a2f-92b1-97cc7c0e64aa - 63350 - dbt_project_dbt_assets - ASSET_OBSERVATION - DagsterEventType.ASSET_OBSERVATION for step dbt_project_dbt_assets
[32m2024-05-30 15:47:00 +0530[0m - dagster - [34mDEBUG[0m - materialize_dbt_models - 3cf3c923-078f-4a2f-92b1-97cc7c0e64aa - 63350 - dbt_project_dbt_assets - ASSET_OBSERVATION - DagsterEventType.ASSET_OBSERVATION for step dbt_project_dbt_assets
[32m2024-05-30 15:47:13 +0530[0m - dagster - [34mDEBUG[0m - materialize_dbt_models - 3cf3c923-078f-4a2f-92b1-97cc7c0e64aa - 63350 - dbt_project_dbt_assets - STEP_OUTPUT - Yielded output "dim_hosts_cleansed" of type "Nothing". (Type check passed).
[32m2024-05-30 15:47:16 +0530[0m - dagster - [34mDEBUG[0m - materialize_dbt_models - 3cf3c923-078f-4a2f-92b1-97cc7c0e64aa - 63350 - dbt_project_dbt_assets - ASSET_MATERIALIZATION - Materialized value dim_hosts_cleansed.
[32m2024-05-30 15:47:25 +0530[0m - dagster - [34mDEBUG[0m - materialize_dbt_models - 3cf3c923-078f-4a2f-92b1-97cc7c0e64aa - 63350 - dbt_project_dbt_assets - STEP_OUTPUT - Yielded output "mart_fullmoon_reviews" of type "Nothing". (Type check passed).
[32m2024-05-30 15:47:28 +0530[0m - dagster - [34mDEBUG[0m - materialize_dbt_models - 3cf3c923-078f-4a2f-92b1-97cc7c0e64aa - 63350 - dbt_project_dbt_assets - ASSET_MATERIALIZATION - Materialized value mart_fullmoon_reviews.
[32m2024-05-30 15:47:55 +0530[0m - dagster - [34mDEBUG[0m - materialize_dbt_models - 3cf3c923-078f-4a2f-92b1-97cc7c0e64aa - 63350 - dbt_project_dbt_assets - STEP_OUTPUT - Yielded output "scd_raw_listings" of type "Nothing". (Type check passed).
[32m2024-05-30 15:47:57 +0530[0m - dagster - [34mDEBUG[0m - materialize_dbt_models - 3cf3c923-078f-4a2f-92b1-97cc7c0e64aa - 63350 - dbt_project_dbt_assets - ASSET_MATERIALIZATION - Materialized value scd_raw_listings.
[32m2024-05-30 15:48:06 +0530[0m - dagster - [34mDEBUG[0m - materialize_dbt_models - 3cf3c923-078f-4a2f-92b1-97cc7c0e64aa - 63350 - dbt_project_dbt_assets - ASSET_OBSERVATION - DagsterEventType.ASSET_OBSERVATION for step dbt_project_dbt_assets
[32m2024-05-30 15:48:18 +0530[0m - dagster - [34mDEBUG[0m - materialize_dbt_models - 3cf3c923-078f-4a2f-92b1-97cc7c0e64aa - 63350 - dbt_project_dbt_assets - ASSET_OBSERVATION - DagsterEventType.ASSET_OBSERVATION for step dbt_project_dbt_assets
[32m2024-05-30 15:48:26 +0530[0m - dagster - [34mDEBUG[0m - materialize_dbt_models - 3cf3c923-078f-4a2f-92b1-97cc7c0e64aa - 63350 - dbt_project_dbt_assets - ASSET_OBSERVATION - DagsterEventType.ASSET_OBSERVATION for step dbt_project_dbt_assets
[32m2024-05-30 15:48:35 +0530[0m - dagster - [34mDEBUG[0m - materialize_dbt_models - 3cf3c923-078f-4a2f-92b1-97cc7c0e64aa - 63350 - dbt_project_dbt_assets - ASSET_OBSERVATION - DagsterEventType.ASSET_OBSERVATION for step dbt_project_dbt_assets
[32m2024-05-30 15:48:52 +0530[0m - dagster - [34mDEBUG[0m - materialize_dbt_models - 3cf3c923-078f-4a2f-92b1-97cc7c0e64aa - 63350 - dbt_project_dbt_assets - STEP_OUTPUT - Yielded output "dim_listings_cleansed" of type "Nothing". (Type check passed).
[32m2024-05-30 15:48:54 +0530[0m - dagster - [34mDEBUG[0m - materialize_dbt_models - 3cf3c923-078f-4a2f-92b1-97cc7c0e64aa - 63350 - dbt_project_dbt_assets - ASSET_MATERIALIZATION - Materialized value dim_listings_cleansed.
[32m2024-05-30 15:49:01 +0530[0m - dagster - [34mDEBUG[0m - materialize_dbt_models - 3cf3c923-078f-4a2f-92b1-97cc7c0e64aa - 63350 - dbt_project_dbt_assets - ASSET_OBSERVATION - DagsterEventType.ASSET_OBSERVATION for step dbt_project_dbt_assets
[32m2024-05-30 15:49:09 +0530[0m - dagster - [34mDEBUG[0m - materialize_dbt_models - 3cf3c923-078f-4a2f-92b1-97cc7c0e64aa - 63350 - dbt_project_dbt_assets - ASSET_OBSERVATION - DagsterEventType.ASSET_OBSERVATION for step dbt_project_dbt_assets
[32m2024-05-30 15:49:17 +0530[0m - dagster - [34mDEBUG[0m - materialize_dbt_models - 3cf3c923-078f-4a2f-92b1-97cc7c0e64aa - 63350 - dbt_project_dbt_assets - ASSET_OBSERVATION - DagsterEventType.ASSET_OBSERVATION for step dbt_project_dbt_assets
[32m2024-05-30 15:49:25 +0530[0m - dagster - [34mDEBUG[0m - materialize_dbt_models - 3cf3c923-078f-4a2f-92b1-97cc7c0e64aa - 63350 - dbt_project_dbt_assets - ASSET_OBSERVATION - DagsterEventType.ASSET_OBSERVATION for step dbt_project_dbt_assets
[32m2024-05-30 15:49:32 +0530[0m - dagster - [34mDEBUG[0m - materialize_dbt_models - 3cf3c923-078f-4a2f-92b1-97cc7c0e64aa - 63350 - dbt_project_dbt_assets - ASSET_OBSERVATION - DagsterEventType.ASSET_OBSERVATION for step dbt_project_dbt_assets
[32m2024-05-30 15:49:43 +0530[0m - dagster - [34mDEBUG[0m - materialize_dbt_models - 3cf3c923-078f-4a2f-92b1-97cc7c0e64aa - 63350 - dbt_project_dbt_assets - ASSET_OBSERVATION - DagsterEventType.ASSET_OBSERVATION for step dbt_project_dbt_assets
