[32m2024-05-30 15:43:10 +0530[0m - dagster - [34mDEBUG[0m - materialize_dbt_models - e7b1de43-447c-4cba-b9f5-ef43a79483ae - 63241 - LOGS_CAPTURED - Started capturing logs in process (pid: 63241).
[32m2024-05-30 15:43:10 +0530[0m - dagster - [34mDEBUG[0m - materialize_dbt_models - e7b1de43-447c-4cba-b9f5-ef43a79483ae - 63241 - dbt_project_dbt_assets - STEP_START - Started execution of step "dbt_project_dbt_assets".
[32m2024-05-30 15:43:13 +0530[0m - dagster - [34mINFO[0m - materialize_dbt_models - e7b1de43-447c-4cba-b9f5-ef43a79483ae - dbt_project_dbt_assets - A dbt subsetted execution is not being performed. Using the default dbt selection arguments `['--select', 'fqn:*', '--exclude', 'fct_reviews']`.
[32m2024-05-30 15:43:13 +0530[0m - dagster - [34mINFO[0m - materialize_dbt_models - e7b1de43-447c-4cba-b9f5-ef43a79483ae - dbt_project_dbt_assets - Copying `/Users/divinesam/airbnb_dwh_project/dbt_project/target/partial_parse.msgpack` to `/Users/divinesam/airbnb_dwh_project/dbt_project/target/dbt_project_dbt_assets-e7b1de4-1dc2020/partial_parse.msgpack` to take advantage of partial parsing.
[32m2024-05-30 15:43:13 +0530[0m - dagster - [34mINFO[0m - materialize_dbt_models - e7b1de43-447c-4cba-b9f5-ef43a79483ae - dbt_project_dbt_assets - Running dbt command: `dbt build --select fqn:* --exclude fct_reviews`.
[32m2024-05-30 15:45:21 +0530[0m - dagster - [34mDEBUG[0m - materialize_dbt_models - e7b1de43-447c-4cba-b9f5-ef43a79483ae - 63241 - dbt_project_dbt_assets - STEP_OUTPUT - Yielded output "seed_full_moon_dates" of type "Nothing". (Type check passed).
[32m2024-05-30 15:45:22 +0530[0m - dagster - [34mDEBUG[0m - materialize_dbt_models - e7b1de43-447c-4cba-b9f5-ef43a79483ae - 63241 - dbt_project_dbt_assets - ASSET_MATERIALIZATION - Materialized value seed_full_moon_dates.
[32m2024-05-30 15:45:46 +0530[0m - dagster - [34mDEBUG[0m - materialize_dbt_models - e7b1de43-447c-4cba-b9f5-ef43a79483ae - 63241 - dbt_project_dbt_assets - STEP_OUTPUT - Yielded output "scd_raw_hosts" of type "Nothing". (Type check passed).
[32m2024-05-30 15:45:47 +0530[0m - dagster - [34mDEBUG[0m - materialize_dbt_models - e7b1de43-447c-4cba-b9f5-ef43a79483ae - 63241 - dbt_project_dbt_assets - ASSET_MATERIALIZATION - Materialized value scd_raw_hosts.
[32m2024-05-30 15:45:57 +0530[0m - dagster - [34mDEBUG[0m - materialize_dbt_models - e7b1de43-447c-4cba-b9f5-ef43a79483ae - 63241 - dbt_project_dbt_assets - ASSET_OBSERVATION - DagsterEventType.ASSET_OBSERVATION for step dbt_project_dbt_assets
[32m2024-05-30 15:46:07 +0530[0m - dagster - [34mDEBUG[0m - materialize_dbt_models - e7b1de43-447c-4cba-b9f5-ef43a79483ae - 63241 - dbt_project_dbt_assets - ASSET_OBSERVATION - DagsterEventType.ASSET_OBSERVATION for step dbt_project_dbt_assets
[32m2024-05-30 15:46:21 +0530[0m - dagster - [34mDEBUG[0m - materialize_dbt_models - e7b1de43-447c-4cba-b9f5-ef43a79483ae - 63241 - dbt_project_dbt_assets - STEP_OUTPUT - Yielded output "dim_hosts_cleansed" of type "Nothing". (Type check passed).
[32m2024-05-30 15:46:23 +0530[0m - dagster - [34mDEBUG[0m - materialize_dbt_models - e7b1de43-447c-4cba-b9f5-ef43a79483ae - 63241 - dbt_project_dbt_assets - ASSET_MATERIALIZATION - Materialized value dim_hosts_cleansed.
[32m2024-05-30 15:46:33 +0530[0m - dagster - [34mDEBUG[0m - materialize_dbt_models - e7b1de43-447c-4cba-b9f5-ef43a79483ae - 63241 - dbt_project_dbt_assets - STEP_OUTPUT - Yielded output "mart_fullmoon_reviews" of type "Nothing". (Type check passed).
[32m2024-05-30 15:46:36 +0530[0m - dagster - [34mDEBUG[0m - materialize_dbt_models - e7b1de43-447c-4cba-b9f5-ef43a79483ae - 63241 - dbt_project_dbt_assets - ASSET_MATERIALIZATION - Materialized value mart_fullmoon_reviews.
[32m2024-05-30 15:46:58 +0530[0m - dagster - [34mDEBUG[0m - materialize_dbt_models - e7b1de43-447c-4cba-b9f5-ef43a79483ae - 63241 - dbt_project_dbt_assets - STEP_OUTPUT - Yielded output "scd_raw_listings" of type "Nothing". (Type check passed).
[32m2024-05-30 15:46:59 +0530[0m - dagster - [34mDEBUG[0m - materialize_dbt_models - e7b1de43-447c-4cba-b9f5-ef43a79483ae - 63241 - dbt_project_dbt_assets - ASSET_MATERIALIZATION - Materialized value scd_raw_listings.
[32m2024-05-30 15:47:07 +0530[0m - dagster - [34mDEBUG[0m - materialize_dbt_models - e7b1de43-447c-4cba-b9f5-ef43a79483ae - 63241 - dbt_project_dbt_assets - ASSET_OBSERVATION - DagsterEventType.ASSET_OBSERVATION for step dbt_project_dbt_assets
[32m2024-05-30 15:47:14 +0530[0m - dagster - [34mDEBUG[0m - materialize_dbt_models - e7b1de43-447c-4cba-b9f5-ef43a79483ae - 63241 - dbt_project_dbt_assets - ASSET_OBSERVATION - DagsterEventType.ASSET_OBSERVATION for step dbt_project_dbt_assets
[32m2024-05-30 15:47:23 +0530[0m - dagster - [34mDEBUG[0m - materialize_dbt_models - e7b1de43-447c-4cba-b9f5-ef43a79483ae - 63241 - dbt_project_dbt_assets - ASSET_OBSERVATION - DagsterEventType.ASSET_OBSERVATION for step dbt_project_dbt_assets
[32m2024-05-30 15:47:30 +0530[0m - dagster - [34mDEBUG[0m - materialize_dbt_models - e7b1de43-447c-4cba-b9f5-ef43a79483ae - 63241 - dbt_project_dbt_assets - ASSET_OBSERVATION - DagsterEventType.ASSET_OBSERVATION for step dbt_project_dbt_assets
[32m2024-05-30 15:47:49 +0530[0m - dagster - [34mDEBUG[0m - materialize_dbt_models - e7b1de43-447c-4cba-b9f5-ef43a79483ae - 63241 - dbt_project_dbt_assets - STEP_OUTPUT - Yielded output "dim_listings_cleansed" of type "Nothing". (Type check passed).
[32m2024-05-30 15:47:50 +0530[0m - dagster - [34mDEBUG[0m - materialize_dbt_models - e7b1de43-447c-4cba-b9f5-ef43a79483ae - 63241 - dbt_project_dbt_assets - ASSET_MATERIALIZATION - Materialized value dim_listings_cleansed.
[32m2024-05-30 15:47:59 +0530[0m - dagster - [34mDEBUG[0m - materialize_dbt_models - e7b1de43-447c-4cba-b9f5-ef43a79483ae - 63241 - dbt_project_dbt_assets - ASSET_OBSERVATION - DagsterEventType.ASSET_OBSERVATION for step dbt_project_dbt_assets
[32m2024-05-30 15:48:06 +0530[0m - dagster - [34mDEBUG[0m - materialize_dbt_models - e7b1de43-447c-4cba-b9f5-ef43a79483ae - 63241 - dbt_project_dbt_assets - ASSET_OBSERVATION - DagsterEventType.ASSET_OBSERVATION for step dbt_project_dbt_assets
[32m2024-05-30 15:48:21 +0530[0m - dagster - [34mDEBUG[0m - materialize_dbt_models - e7b1de43-447c-4cba-b9f5-ef43a79483ae - 63241 - dbt_project_dbt_assets - ASSET_OBSERVATION - DagsterEventType.ASSET_OBSERVATION for step dbt_project_dbt_assets
[32m2024-05-30 15:48:29 +0530[0m - dagster - [34mDEBUG[0m - materialize_dbt_models - e7b1de43-447c-4cba-b9f5-ef43a79483ae - 63241 - dbt_project_dbt_assets - ASSET_OBSERVATION - DagsterEventType.ASSET_OBSERVATION for step dbt_project_dbt_assets
[32m2024-05-30 15:48:35 +0530[0m - dagster - [34mDEBUG[0m - materialize_dbt_models - e7b1de43-447c-4cba-b9f5-ef43a79483ae - 63241 - dbt_project_dbt_assets - ASSET_OBSERVATION - DagsterEventType.ASSET_OBSERVATION for step dbt_project_dbt_assets
[32m2024-05-30 15:48:52 +0530[0m - dagster - [34mDEBUG[0m - materialize_dbt_models - e7b1de43-447c-4cba-b9f5-ef43a79483ae - 63241 - dbt_project_dbt_assets - ASSET_OBSERVATION - DagsterEventType.ASSET_OBSERVATION for step dbt_project_dbt_assets
[32m2024-05-30 15:49:01 +0530[0m - dagster - [34mDEBUG[0m - materialize_dbt_models - e7b1de43-447c-4cba-b9f5-ef43a79483ae - 63241 - dbt_project_dbt_assets - ASSET_OBSERVATION - DagsterEventType.ASSET_OBSERVATION for step dbt_project_dbt_assets
[32m2024-05-30 15:49:01 +0530[0m - dagster - [34mDEBUG[0m - materialize_dbt_models - e7b1de43-447c-4cba-b9f5-ef43a79483ae - 63241 - dbt_project_dbt_assets - ASSET_OBSERVATION - DagsterEventType.ASSET_OBSERVATION for step dbt_project_dbt_assets
[32m2024-05-30 15:49:09 +0530[0m - dagster - [34mDEBUG[0m - materialize_dbt_models - e7b1de43-447c-4cba-b9f5-ef43a79483ae - 63241 - dbt_project_dbt_assets - ASSET_OBSERVATION - DagsterEventType.ASSET_OBSERVATION for step dbt_project_dbt_assets
[32m2024-05-30 15:49:19 +0530[0m - dagster - [34mDEBUG[0m - materialize_dbt_models - e7b1de43-447c-4cba-b9f5-ef43a79483ae - 63241 - dbt_project_dbt_assets - STEP_OUTPUT - Yielded output "dim_listings_w_hosts" of type "Nothing". (Type check passed).
[32m2024-05-30 15:49:25 +0530[0m - dagster - [34mDEBUG[0m - materialize_dbt_models - e7b1de43-447c-4cba-b9f5-ef43a79483ae - 63241 - dbt_project_dbt_assets - ASSET_MATERIALIZATION - Materialized value dim_listings_w_hosts.
[32m2024-05-30 15:49:26 +0530[0m - dagster - [34mDEBUG[0m - materialize_dbt_models - e7b1de43-447c-4cba-b9f5-ef43a79483ae - 63241 - dbt_project_dbt_assets - ASSET_OBSERVATION - DagsterEventType.ASSET_OBSERVATION for step dbt_project_dbt_assets
[32m2024-05-30 15:49:32 +0530[0m - dagster - [34mDEBUG[0m - materialize_dbt_models - e7b1de43-447c-4cba-b9f5-ef43a79483ae - 63241 - dbt_project_dbt_assets - ASSET_OBSERVATION - DagsterEventType.ASSET_OBSERVATION for step dbt_project_dbt_assets
[32m2024-05-30 15:49:48 +0530[0m - dagster - [34mDEBUG[0m - materialize_dbt_models - e7b1de43-447c-4cba-b9f5-ef43a79483ae - 63241 - dbt_project_dbt_assets - ASSET_OBSERVATION - DagsterEventType.ASSET_OBSERVATION for step dbt_project_dbt_assets
