Running with dbt=1.7.15
Registered adapter: snowflake=1.7.1
Found 1 seed, 8 models, 2 snapshots, 1 analysis, 22 tests, 3 sources, 1 exposure, 0 metrics, 813 macros, 0 groups, 0 semantic models

Concurrency: 1 threads (target='dev')

1 of 25 START seed file DEV.seed_full_moon_dates ............................... [RUN]
1 of 25 OK loaded seed file DEV.seed_full_moon_dates ........................... [[32mINSERT 272[0m in 8.29s]
2 of 25 START snapshot dev.scd_raw_hosts ....................................... [RUN]
2 of 25 OK snapshotted dev.scd_raw_hosts ....................................... [[32mSUCCESS 0[0m in 11.69s]
3 of 25 START test dbt_expectations_source_expect_column_distinct_count_to_equal_airbnb_listings_room_type__4  [RUN]
3 of 25 PASS dbt_expectations_source_expect_column_distinct_count_to_equal_airbnb_listings_room_type__4  [[32mPASS[0m in 4.69s]
4 of 25 START test dbt_expectations_source_expect_column_values_to_match_regex_airbnb_listings_price___0_9_0_9_  [RUN]
4 of 25 PASS dbt_expectations_source_expect_column_values_to_match_regex_airbnb_listings_price___0_9_0_9_  [[32mPASS[0m in 4.19s]
5 of 25 START sql view model DEV.dim_hosts_cleansed ............................ [RUN]
5 of 25 OK created sql view model DEV.dim_hosts_cleansed ....................... [[32mSUCCESS 1[0m in 4.97s]
6 of 25 START sql table model DEV.mart_fullmoon_reviews ........................ [RUN]
6 of 25 OK created sql table model DEV.mart_fullmoon_reviews ................... [[32mSUCCESS 1[0m in 7.54s]
7 of 25 START snapshot DEV.scd_raw_listings .................................... [RUN]
7 of 25 OK snapshotted DEV.scd_raw_listings .................................... [[32mSUCCESS 0[0m in 11.59s]
8 of 25 START test accepted_values_dim_hosts_cleansed_is_superhost__t__f ....... [RUN]
8 of 25 PASS accepted_values_dim_hosts_cleansed_is_superhost__t__f ............. [[32mPASS[0m in 3.76s]
9 of 25 START test not_null_dim_hosts_cleansed_host_id ......................... [RUN]
9 of 25 PASS not_null_dim_hosts_cleansed_host_id ............................... [[32mPASS[0m in 3.75s]
10 of 25 START test not_null_dim_hosts_cleansed_host_name ...................... [RUN]
10 of 25 PASS not_null_dim_hosts_cleansed_host_name ............................ [[32mPASS[0m in 3.93s]
11 of 25 START test unique_dim_hosts_cleansed_host_id .......................... [RUN]
11 of 25 PASS unique_dim_hosts_cleansed_host_id ................................ [[32mPASS[0m in 4.24s]
12 of 25 START sql view model DEV.dim_listings_cleansed ........................ [RUN]
12 of 25 OK created sql view model DEV.dim_listings_cleansed ................... [[32mSUCCESS 1[0m in 5.86s]
13 of 25 START test accepted_values_dim_listings_cleansed_room_type__Entire_home_apt__Private_room__Shared_room__Hotel_room  [RUN]
13 of 25 PASS accepted_values_dim_listings_cleansed_room_type__Entire_home_apt__Private_room__Shared_room__Hotel_room  [[32mPASS[0m in 3.70s]
14 of 25 START test dim_listings_minimum_nights ................................ [RUN]
14 of 25 PASS dim_listings_minimum_nights ...................................... [[32mPASS[0m in 4.55s]
15 of 25 START test no_nulls_in_dim_listings ................................... [RUN]
15 of 25 PASS no_nulls_in_dim_listings ......................................... [[32mPASS[0m in 8.03s]
16 of 25 START test not_null_dim_listings_cleansed_host_id ..................... [RUN]
16 of 25 PASS not_null_dim_listings_cleansed_host_id ........................... [[32mPASS[0m in 4.92s]
17 of 25 START test not_null_dim_listings_cleansed_listing_id .................. [RUN]
17 of 25 PASS not_null_dim_listings_cleansed_listing_id ........................ [[32mPASS[0m in 3.78s]
18 of 25 START test positive_value_dim_listings_cleansed_minimum_nights ........ [RUN]
18 of 25 PASS positive_value_dim_listings_cleansed_minimum_nights .............. [[32mPASS[0m in 6.39s]
19 of 25 START test relationships_dim_listings_cleansed_host_id__host_id__ref_dim_hosts_cleansed_  [RUN]
19 of 25 PASS relationships_dim_listings_cleansed_host_id__host_id__ref_dim_hosts_cleansed_  [[32mPASS[0m in 3.65s]
20 of 25 START test unique_dim_listings_cleansed_listing_id .................... [RUN]
20 of 25 PASS unique_dim_listings_cleansed_listing_id .......................... [[32mPASS[0m in 4.13s]
21 of 25 START sql table model DEV.dim_listings_w_hosts ........................ [RUN]
21 of 25 OK created sql table model DEV.dim_listings_w_hosts ................... [[32mSUCCESS 1[0m in 5.33s]
22 of 25 START test dbt_expectations_expect_column_max_to_be_between_dim_listings_w_hosts_price__5000  [RUN]
22 of 25 WARN 1 dbt_expectations_expect_column_max_to_be_between_dim_listings_w_hosts_price__5000  [[33mWARN 1[0m in 5.05s]
23 of 25 START test dbt_expectations_expect_column_quantile_values_to_be_between_dim_listings_w_hosts_price__500__50__0_99  [RUN]
23 of 25 PASS dbt_expectations_expect_column_quantile_values_to_be_between_dim_listings_w_hosts_price__500__50__0_99  [[32mPASS[0m in 3.48s]
24 of 25 START test dbt_expectations_expect_column_values_to_be_of_type_dim_listings_w_hosts_price__number  [RUN]
24 of 25 PASS dbt_expectations_expect_column_values_to_be_of_type_dim_listings_w_hosts_price__number  [[32mPASS[0m in 6.04s]
25 of 25 START test dbt_expectations_expect_table_row_count_to_equal_other_table_dim_listings_w_hosts_source_airbnb_listings_  [RUN]
25 of 25 PASS dbt_expectations_expect_table_row_count_to_equal_other_table_dim_listings_w_hosts_source_airbnb_listings_  [[32mPASS[0m in 4.55s]

Finished running 1 seed, 2 snapshots, 18 tests, 2 view models, 2 table models in 0 hours 2 minutes and 37.31 seconds (157.31s).

[33mCompleted with 1 warning:[0m

[33mWarning in test dbt_expectations_expect_column_max_to_be_between_dim_listings_w_hosts_price__5000 (models/schema.yml)[0m
Got 1 result, configured to warn if != 0

  compiled Code at target/dbt_project_dbt_assets-65134a5-42f6e03/compiled/dbt_project/models/schema.yml/dbt_expectations_expect_column_c59e300e0dddb335c4211147100ac1c6.sql

Done. PASS=24 WARN=1 ERROR=0 SKIP=0 TOTAL=25
