[32m2024-05-30 15:39:49 +0530[0m - dagster - [34mDEBUG[0m - materialize_dbt_models - 65134a53-b7a9-4310-9e0e-453f90a4bf75 - 62097 - LOGS_CAPTURED - Started capturing logs in process (pid: 62097).
[32m2024-05-30 15:39:49 +0530[0m - dagster - [34mDEBUG[0m - materialize_dbt_models - 65134a53-b7a9-4310-9e0e-453f90a4bf75 - 62097 - dbt_project_dbt_assets - STEP_START - Started execution of step "dbt_project_dbt_assets".
[32m2024-05-30 15:39:50 +0530[0m - dagster - [34mINFO[0m - materialize_dbt_models - 65134a53-b7a9-4310-9e0e-453f90a4bf75 - dbt_project_dbt_assets - A dbt subsetted execution is not being performed. Using the default dbt selection arguments `['--select', 'fqn:*', '--exclude', 'fct_reviews']`.
[32m2024-05-30 15:39:50 +0530[0m - dagster - [34mINFO[0m - materialize_dbt_models - 65134a53-b7a9-4310-9e0e-453f90a4bf75 - dbt_project_dbt_assets - Copying `/Users/divinesam/airbnb_dwh_project/dbt_project/target/partial_parse.msgpack` to `/Users/divinesam/airbnb_dwh_project/dbt_project/target/dbt_project_dbt_assets-65134a5-42f6e03/partial_parse.msgpack` to take advantage of partial parsing.
[32m2024-05-30 15:39:50 +0530[0m - dagster - [34mINFO[0m - materialize_dbt_models - 65134a53-b7a9-4310-9e0e-453f90a4bf75 - dbt_project_dbt_assets - Running dbt command: `dbt build --select fqn:* --exclude fct_reviews`.
[32m2024-05-30 15:40:34 +0530[0m - dagster - [34mDEBUG[0m - materialize_dbt_models - 65134a53-b7a9-4310-9e0e-453f90a4bf75 - 62097 - dbt_project_dbt_assets - STEP_OUTPUT - Yielded output "seed_full_moon_dates" of type "Nothing". (Type check passed).
[32m2024-05-30 15:40:34 +0530[0m - dagster - [34mDEBUG[0m - materialize_dbt_models - 65134a53-b7a9-4310-9e0e-453f90a4bf75 - 62097 - dbt_project_dbt_assets - ASSET_MATERIALIZATION - Materialized value seed_full_moon_dates.
[32m2024-05-30 15:40:46 +0530[0m - dagster - [34mDEBUG[0m - materialize_dbt_models - 65134a53-b7a9-4310-9e0e-453f90a4bf75 - 62097 - dbt_project_dbt_assets - STEP_OUTPUT - Yielded output "scd_raw_hosts" of type "Nothing". (Type check passed).
[32m2024-05-30 15:40:47 +0530[0m - dagster - [34mDEBUG[0m - materialize_dbt_models - 65134a53-b7a9-4310-9e0e-453f90a4bf75 - 62097 - dbt_project_dbt_assets - ASSET_MATERIALIZATION - Materialized value scd_raw_hosts.
[32m2024-05-30 15:40:51 +0530[0m - dagster - [34mDEBUG[0m - materialize_dbt_models - 65134a53-b7a9-4310-9e0e-453f90a4bf75 - 62097 - dbt_project_dbt_assets - ASSET_OBSERVATION - DagsterEventType.ASSET_OBSERVATION for step dbt_project_dbt_assets
[32m2024-05-30 15:40:55 +0530[0m - dagster - [34mDEBUG[0m - materialize_dbt_models - 65134a53-b7a9-4310-9e0e-453f90a4bf75 - 62097 - dbt_project_dbt_assets - ASSET_OBSERVATION - DagsterEventType.ASSET_OBSERVATION for step dbt_project_dbt_assets
[32m2024-05-30 15:41:00 +0530[0m - dagster - [34mDEBUG[0m - materialize_dbt_models - 65134a53-b7a9-4310-9e0e-453f90a4bf75 - 62097 - dbt_project_dbt_assets - STEP_OUTPUT - Yielded output "dim_hosts_cleansed" of type "Nothing". (Type check passed).
[32m2024-05-30 15:41:00 +0530[0m - dagster - [34mDEBUG[0m - materialize_dbt_models - 65134a53-b7a9-4310-9e0e-453f90a4bf75 - 62097 - dbt_project_dbt_assets - ASSET_MATERIALIZATION - Materialized value dim_hosts_cleansed.
[32m2024-05-30 15:41:08 +0530[0m - dagster - [34mDEBUG[0m - materialize_dbt_models - 65134a53-b7a9-4310-9e0e-453f90a4bf75 - 62097 - dbt_project_dbt_assets - STEP_OUTPUT - Yielded output "mart_fullmoon_reviews" of type "Nothing". (Type check passed).
[32m2024-05-30 15:41:08 +0530[0m - dagster - [34mDEBUG[0m - materialize_dbt_models - 65134a53-b7a9-4310-9e0e-453f90a4bf75 - 62097 - dbt_project_dbt_assets - ASSET_MATERIALIZATION - Materialized value mart_fullmoon_reviews.
[32m2024-05-30 15:41:20 +0530[0m - dagster - [34mDEBUG[0m - materialize_dbt_models - 65134a53-b7a9-4310-9e0e-453f90a4bf75 - 62097 - dbt_project_dbt_assets - STEP_OUTPUT - Yielded output "scd_raw_listings" of type "Nothing". (Type check passed).
[32m2024-05-30 15:41:20 +0530[0m - dagster - [34mDEBUG[0m - materialize_dbt_models - 65134a53-b7a9-4310-9e0e-453f90a4bf75 - 62097 - dbt_project_dbt_assets - ASSET_MATERIALIZATION - Materialized value scd_raw_listings.
[32m2024-05-30 15:41:23 +0530[0m - dagster - [34mDEBUG[0m - materialize_dbt_models - 65134a53-b7a9-4310-9e0e-453f90a4bf75 - 62097 - dbt_project_dbt_assets - ASSET_OBSERVATION - DagsterEventType.ASSET_OBSERVATION for step dbt_project_dbt_assets
[32m2024-05-30 15:41:27 +0530[0m - dagster - [34mDEBUG[0m - materialize_dbt_models - 65134a53-b7a9-4310-9e0e-453f90a4bf75 - 62097 - dbt_project_dbt_assets - ASSET_OBSERVATION - DagsterEventType.ASSET_OBSERVATION for step dbt_project_dbt_assets
[32m2024-05-30 15:41:32 +0530[0m - dagster - [34mDEBUG[0m - materialize_dbt_models - 65134a53-b7a9-4310-9e0e-453f90a4bf75 - 62097 - dbt_project_dbt_assets - ASSET_OBSERVATION - DagsterEventType.ASSET_OBSERVATION for step dbt_project_dbt_assets
[32m2024-05-30 15:41:36 +0530[0m - dagster - [34mDEBUG[0m - materialize_dbt_models - 65134a53-b7a9-4310-9e0e-453f90a4bf75 - 62097 - dbt_project_dbt_assets - ASSET_OBSERVATION - DagsterEventType.ASSET_OBSERVATION for step dbt_project_dbt_assets
[32m2024-05-30 15:41:42 +0530[0m - dagster - [34mDEBUG[0m - materialize_dbt_models - 65134a53-b7a9-4310-9e0e-453f90a4bf75 - 62097 - dbt_project_dbt_assets - STEP_OUTPUT - Yielded output "dim_listings_cleansed" of type "Nothing". (Type check passed).
[32m2024-05-30 15:41:42 +0530[0m - dagster - [34mDEBUG[0m - materialize_dbt_models - 65134a53-b7a9-4310-9e0e-453f90a4bf75 - 62097 - dbt_project_dbt_assets - ASSET_MATERIALIZATION - Materialized value dim_listings_cleansed.
[32m2024-05-30 15:41:45 +0530[0m - dagster - [34mDEBUG[0m - materialize_dbt_models - 65134a53-b7a9-4310-9e0e-453f90a4bf75 - 62097 - dbt_project_dbt_assets - ASSET_OBSERVATION - DagsterEventType.ASSET_OBSERVATION for step dbt_project_dbt_assets
[32m2024-05-30 15:41:50 +0530[0m - dagster - [34mDEBUG[0m - materialize_dbt_models - 65134a53-b7a9-4310-9e0e-453f90a4bf75 - 62097 - dbt_project_dbt_assets - ASSET_OBSERVATION - DagsterEventType.ASSET_OBSERVATION for step dbt_project_dbt_assets
[32m2024-05-30 15:42:00 +0530[0m - dagster - [34mDEBUG[0m - materialize_dbt_models - 65134a53-b7a9-4310-9e0e-453f90a4bf75 - 62097 - dbt_project_dbt_assets - ASSET_OBSERVATION - DagsterEventType.ASSET_OBSERVATION for step dbt_project_dbt_assets
[32m2024-05-30 15:42:05 +0530[0m - dagster - [34mDEBUG[0m - materialize_dbt_models - 65134a53-b7a9-4310-9e0e-453f90a4bf75 - 62097 - dbt_project_dbt_assets - ASSET_OBSERVATION - DagsterEventType.ASSET_OBSERVATION for step dbt_project_dbt_assets
[32m2024-05-30 15:42:09 +0530[0m - dagster - [34mDEBUG[0m - materialize_dbt_models - 65134a53-b7a9-4310-9e0e-453f90a4bf75 - 62097 - dbt_project_dbt_assets - ASSET_OBSERVATION - DagsterEventType.ASSET_OBSERVATION for step dbt_project_dbt_assets
[32m2024-05-30 15:42:15 +0530[0m - dagster - [34mDEBUG[0m - materialize_dbt_models - 65134a53-b7a9-4310-9e0e-453f90a4bf75 - 62097 - dbt_project_dbt_assets - ASSET_OBSERVATION - DagsterEventType.ASSET_OBSERVATION for step dbt_project_dbt_assets
[32m2024-05-30 15:42:19 +0530[0m - dagster - [34mDEBUG[0m - materialize_dbt_models - 65134a53-b7a9-4310-9e0e-453f90a4bf75 - 62097 - dbt_project_dbt_assets - ASSET_OBSERVATION - DagsterEventType.ASSET_OBSERVATION for step dbt_project_dbt_assets
[32m2024-05-30 15:42:19 +0530[0m - dagster - [34mDEBUG[0m - materialize_dbt_models - 65134a53-b7a9-4310-9e0e-453f90a4bf75 - 62097 - dbt_project_dbt_assets - ASSET_OBSERVATION - DagsterEventType.ASSET_OBSERVATION for step dbt_project_dbt_assets
[32m2024-05-30 15:42:23 +0530[0m - dagster - [34mDEBUG[0m - materialize_dbt_models - 65134a53-b7a9-4310-9e0e-453f90a4bf75 - 62097 - dbt_project_dbt_assets - ASSET_OBSERVATION - DagsterEventType.ASSET_OBSERVATION for step dbt_project_dbt_assets
[32m2024-05-30 15:42:29 +0530[0m - dagster - [34mDEBUG[0m - materialize_dbt_models - 65134a53-b7a9-4310-9e0e-453f90a4bf75 - 62097 - dbt_project_dbt_assets - STEP_OUTPUT - Yielded output "dim_listings_w_hosts" of type "Nothing". (Type check passed).
[32m2024-05-30 15:42:32 +0530[0m - dagster - [34mDEBUG[0m - materialize_dbt_models - 65134a53-b7a9-4310-9e0e-453f90a4bf75 - 62097 - dbt_project_dbt_assets - ASSET_MATERIALIZATION - Materialized value dim_listings_w_hosts.
[32m2024-05-30 15:42:34 +0530[0m - dagster - [34mDEBUG[0m - materialize_dbt_models - 65134a53-b7a9-4310-9e0e-453f90a4bf75 - 62097 - dbt_project_dbt_assets - ASSET_OBSERVATION - DagsterEventType.ASSET_OBSERVATION for step dbt_project_dbt_assets
[32m2024-05-30 15:42:38 +0530[0m - dagster - [34mDEBUG[0m - materialize_dbt_models - 65134a53-b7a9-4310-9e0e-453f90a4bf75 - 62097 - dbt_project_dbt_assets - ASSET_OBSERVATION - DagsterEventType.ASSET_OBSERVATION for step dbt_project_dbt_assets
[32m2024-05-30 15:42:44 +0530[0m - dagster - [34mDEBUG[0m - materialize_dbt_models - 65134a53-b7a9-4310-9e0e-453f90a4bf75 - 62097 - dbt_project_dbt_assets - ASSET_OBSERVATION - DagsterEventType.ASSET_OBSERVATION for step dbt_project_dbt_assets
[32m2024-05-30 15:42:48 +0530[0m - dagster - [34mDEBUG[0m - materialize_dbt_models - 65134a53-b7a9-4310-9e0e-453f90a4bf75 - 62097 - dbt_project_dbt_assets - ASSET_OBSERVATION - DagsterEventType.ASSET_OBSERVATION for step dbt_project_dbt_assets
[32m2024-05-30 15:42:48 +0530[0m - dagster - [34mDEBUG[0m - materialize_dbt_models - 65134a53-b7a9-4310-9e0e-453f90a4bf75 - 62097 - dbt_project_dbt_assets - ASSET_OBSERVATION - DagsterEventType.ASSET_OBSERVATION for step dbt_project_dbt_assets
[32m2024-05-30 15:44:13 +0530[0m - dagster - [34mDEBUG[0m - materialize_dbt_models - 65134a53-b7a9-4310-9e0e-453f90a4bf75 - 62097 - dbt_project_dbt_assets - STEP_SUCCESS - Finished execution of step "dbt_project_dbt_assets" in 4m21s.
