[32m2024-05-30 15:40:24 +0530[0m - dagster - [34mDEBUG[0m - materialize_dbt_models - 600cd07b-8edb-4ef7-abc5-ddf3ad8fdf39 - 62428 - LOGS_CAPTURED - Started capturing logs in process (pid: 62428).
[32m2024-05-30 15:40:24 +0530[0m - dagster - [34mDEBUG[0m - materialize_dbt_models - 600cd07b-8edb-4ef7-abc5-ddf3ad8fdf39 - 62428 - dbt_project_dbt_assets - STEP_START - Started execution of step "dbt_project_dbt_assets".
[32m2024-05-30 15:40:24 +0530[0m - dagster - [34mINFO[0m - materialize_dbt_models - 600cd07b-8edb-4ef7-abc5-ddf3ad8fdf39 - dbt_project_dbt_assets - A dbt subsetted execution is not being performed. Using the default dbt selection arguments `['--select', 'fqn:*', '--exclude', 'fct_reviews']`.
[32m2024-05-30 15:40:25 +0530[0m - dagster - [34mINFO[0m - materialize_dbt_models - 600cd07b-8edb-4ef7-abc5-ddf3ad8fdf39 - dbt_project_dbt_assets - Copying `/Users/divinesam/airbnb_dwh_project/dbt_project/target/partial_parse.msgpack` to `/Users/divinesam/airbnb_dwh_project/dbt_project/target/dbt_project_dbt_assets-600cd07-48e439f/partial_parse.msgpack` to take advantage of partial parsing.
[32m2024-05-30 15:40:25 +0530[0m - dagster - [34mINFO[0m - materialize_dbt_models - 600cd07b-8edb-4ef7-abc5-ddf3ad8fdf39 - dbt_project_dbt_assets - Running dbt command: `dbt build --select fqn:* --exclude fct_reviews`.
[32m2024-05-30 15:41:16 +0530[0m - dagster - [34mDEBUG[0m - materialize_dbt_models - 600cd07b-8edb-4ef7-abc5-ddf3ad8fdf39 - 62428 - dbt_project_dbt_assets - STEP_OUTPUT - Yielded output "seed_full_moon_dates" of type "Nothing". (Type check passed).
[32m2024-05-30 15:41:16 +0530[0m - dagster - [34mDEBUG[0m - materialize_dbt_models - 600cd07b-8edb-4ef7-abc5-ddf3ad8fdf39 - 62428 - dbt_project_dbt_assets - ASSET_MATERIALIZATION - Materialized value seed_full_moon_dates.
[32m2024-05-30 15:41:27 +0530[0m - dagster - [34mDEBUG[0m - materialize_dbt_models - 600cd07b-8edb-4ef7-abc5-ddf3ad8fdf39 - 62428 - dbt_project_dbt_assets - STEP_OUTPUT - Yielded output "scd_raw_hosts" of type "Nothing". (Type check passed).
[32m2024-05-30 15:41:27 +0530[0m - dagster - [34mDEBUG[0m - materialize_dbt_models - 600cd07b-8edb-4ef7-abc5-ddf3ad8fdf39 - 62428 - dbt_project_dbt_assets - ASSET_MATERIALIZATION - Materialized value scd_raw_hosts.
[32m2024-05-30 15:41:31 +0530[0m - dagster - [34mDEBUG[0m - materialize_dbt_models - 600cd07b-8edb-4ef7-abc5-ddf3ad8fdf39 - 62428 - dbt_project_dbt_assets - ASSET_OBSERVATION - DagsterEventType.ASSET_OBSERVATION for step dbt_project_dbt_assets
[32m2024-05-30 15:41:37 +0530[0m - dagster - [34mDEBUG[0m - materialize_dbt_models - 600cd07b-8edb-4ef7-abc5-ddf3ad8fdf39 - 62428 - dbt_project_dbt_assets - ASSET_OBSERVATION - DagsterEventType.ASSET_OBSERVATION for step dbt_project_dbt_assets
[32m2024-05-30 15:41:43 +0530[0m - dagster - [34mDEBUG[0m - materialize_dbt_models - 600cd07b-8edb-4ef7-abc5-ddf3ad8fdf39 - 62428 - dbt_project_dbt_assets - STEP_OUTPUT - Yielded output "dim_hosts_cleansed" of type "Nothing". (Type check passed).
[32m2024-05-30 15:41:44 +0530[0m - dagster - [34mDEBUG[0m - materialize_dbt_models - 600cd07b-8edb-4ef7-abc5-ddf3ad8fdf39 - 62428 - dbt_project_dbt_assets - ASSET_MATERIALIZATION - Materialized value dim_hosts_cleansed.
[32m2024-05-30 15:41:51 +0530[0m - dagster - [34mDEBUG[0m - materialize_dbt_models - 600cd07b-8edb-4ef7-abc5-ddf3ad8fdf39 - 62428 - dbt_project_dbt_assets - STEP_OUTPUT - Yielded output "mart_fullmoon_reviews" of type "Nothing". (Type check passed).
[32m2024-05-30 15:41:51 +0530[0m - dagster - [34mDEBUG[0m - materialize_dbt_models - 600cd07b-8edb-4ef7-abc5-ddf3ad8fdf39 - 62428 - dbt_project_dbt_assets - ASSET_MATERIALIZATION - Materialized value mart_fullmoon_reviews.
[32m2024-05-30 15:42:07 +0530[0m - dagster - [34mDEBUG[0m - materialize_dbt_models - 600cd07b-8edb-4ef7-abc5-ddf3ad8fdf39 - 62428 - dbt_project_dbt_assets - STEP_OUTPUT - Yielded output "scd_raw_listings" of type "Nothing". (Type check passed).
[32m2024-05-30 15:42:07 +0530[0m - dagster - [34mDEBUG[0m - materialize_dbt_models - 600cd07b-8edb-4ef7-abc5-ddf3ad8fdf39 - 62428 - dbt_project_dbt_assets - ASSET_MATERIALIZATION - Materialized value scd_raw_listings.
[32m2024-05-30 15:42:11 +0530[0m - dagster - [34mDEBUG[0m - materialize_dbt_models - 600cd07b-8edb-4ef7-abc5-ddf3ad8fdf39 - 62428 - dbt_project_dbt_assets - ASSET_OBSERVATION - DagsterEventType.ASSET_OBSERVATION for step dbt_project_dbt_assets
[32m2024-05-30 15:42:15 +0530[0m - dagster - [34mDEBUG[0m - materialize_dbt_models - 600cd07b-8edb-4ef7-abc5-ddf3ad8fdf39 - 62428 - dbt_project_dbt_assets - ASSET_OBSERVATION - DagsterEventType.ASSET_OBSERVATION for step dbt_project_dbt_assets
[32m2024-05-30 15:42:19 +0530[0m - dagster - [34mDEBUG[0m - materialize_dbt_models - 600cd07b-8edb-4ef7-abc5-ddf3ad8fdf39 - 62428 - dbt_project_dbt_assets - ASSET_OBSERVATION - DagsterEventType.ASSET_OBSERVATION for step dbt_project_dbt_assets
[32m2024-05-30 15:42:23 +0530[0m - dagster - [34mDEBUG[0m - materialize_dbt_models - 600cd07b-8edb-4ef7-abc5-ddf3ad8fdf39 - 62428 - dbt_project_dbt_assets - ASSET_OBSERVATION - DagsterEventType.ASSET_OBSERVATION for step dbt_project_dbt_assets
[32m2024-05-30 15:42:28 +0530[0m - dagster - [34mDEBUG[0m - materialize_dbt_models - 600cd07b-8edb-4ef7-abc5-ddf3ad8fdf39 - 62428 - dbt_project_dbt_assets - STEP_OUTPUT - Yielded output "dim_listings_cleansed" of type "Nothing". (Type check passed).
[32m2024-05-30 15:42:29 +0530[0m - dagster - [34mDEBUG[0m - materialize_dbt_models - 600cd07b-8edb-4ef7-abc5-ddf3ad8fdf39 - 62428 - dbt_project_dbt_assets - ASSET_MATERIALIZATION - Materialized value dim_listings_cleansed.
[32m2024-05-30 15:42:33 +0530[0m - dagster - [34mDEBUG[0m - materialize_dbt_models - 600cd07b-8edb-4ef7-abc5-ddf3ad8fdf39 - 62428 - dbt_project_dbt_assets - ASSET_OBSERVATION - DagsterEventType.ASSET_OBSERVATION for step dbt_project_dbt_assets
[32m2024-05-30 15:42:38 +0530[0m - dagster - [34mDEBUG[0m - materialize_dbt_models - 600cd07b-8edb-4ef7-abc5-ddf3ad8fdf39 - 62428 - dbt_project_dbt_assets - ASSET_OBSERVATION - DagsterEventType.ASSET_OBSERVATION for step dbt_project_dbt_assets
[32m2024-05-30 15:43:13 +0530[0m - dagster - [34mDEBUG[0m - materialize_dbt_models - 600cd07b-8edb-4ef7-abc5-ddf3ad8fdf39 - 62428 - dbt_project_dbt_assets - ASSET_OBSERVATION - DagsterEventType.ASSET_OBSERVATION for step dbt_project_dbt_assets
[32m2024-05-30 15:43:16 +0530[0m - dagster - [34mDEBUG[0m - materialize_dbt_models - 600cd07b-8edb-4ef7-abc5-ddf3ad8fdf39 - 62428 - dbt_project_dbt_assets - ASSET_OBSERVATION - DagsterEventType.ASSET_OBSERVATION for step dbt_project_dbt_assets
[32m2024-05-30 15:43:23 +0530[0m - dagster - [34mDEBUG[0m - materialize_dbt_models - 600cd07b-8edb-4ef7-abc5-ddf3ad8fdf39 - 62428 - dbt_project_dbt_assets - ASSET_OBSERVATION - DagsterEventType.ASSET_OBSERVATION for step dbt_project_dbt_assets
[32m2024-05-30 15:43:30 +0530[0m - dagster - [34mDEBUG[0m - materialize_dbt_models - 600cd07b-8edb-4ef7-abc5-ddf3ad8fdf39 - 62428 - dbt_project_dbt_assets - ASSET_OBSERVATION - DagsterEventType.ASSET_OBSERVATION for step dbt_project_dbt_assets
[32m2024-05-30 15:43:36 +0530[0m - dagster - [34mDEBUG[0m - materialize_dbt_models - 600cd07b-8edb-4ef7-abc5-ddf3ad8fdf39 - 62428 - dbt_project_dbt_assets - ASSET_OBSERVATION - DagsterEventType.ASSET_OBSERVATION for step dbt_project_dbt_assets
[32m2024-05-30 15:43:36 +0530[0m - dagster - [34mDEBUG[0m - materialize_dbt_models - 600cd07b-8edb-4ef7-abc5-ddf3ad8fdf39 - 62428 - dbt_project_dbt_assets - ASSET_OBSERVATION - DagsterEventType.ASSET_OBSERVATION for step dbt_project_dbt_assets
[32m2024-05-30 15:43:44 +0530[0m - dagster - [34mDEBUG[0m - materialize_dbt_models - 600cd07b-8edb-4ef7-abc5-ddf3ad8fdf39 - 62428 - dbt_project_dbt_assets - ASSET_OBSERVATION - DagsterEventType.ASSET_OBSERVATION for step dbt_project_dbt_assets
[32m2024-05-30 15:43:55 +0530[0m - dagster - [34mDEBUG[0m - materialize_dbt_models - 600cd07b-8edb-4ef7-abc5-ddf3ad8fdf39 - 62428 - dbt_project_dbt_assets - STEP_OUTPUT - Yielded output "dim_listings_w_hosts" of type "Nothing". (Type check passed).
[32m2024-05-30 15:44:00 +0530[0m - dagster - [34mDEBUG[0m - materialize_dbt_models - 600cd07b-8edb-4ef7-abc5-ddf3ad8fdf39 - 62428 - dbt_project_dbt_assets - ASSET_MATERIALIZATION - Materialized value dim_listings_w_hosts.
[32m2024-05-30 15:44:07 +0530[0m - dagster - [34mDEBUG[0m - materialize_dbt_models - 600cd07b-8edb-4ef7-abc5-ddf3ad8fdf39 - 62428 - dbt_project_dbt_assets - ASSET_OBSERVATION - DagsterEventType.ASSET_OBSERVATION for step dbt_project_dbt_assets
[32m2024-05-30 15:44:12 +0530[0m - dagster - [34mDEBUG[0m - materialize_dbt_models - 600cd07b-8edb-4ef7-abc5-ddf3ad8fdf39 - 62428 - dbt_project_dbt_assets - ASSET_OBSERVATION - DagsterEventType.ASSET_OBSERVATION for step dbt_project_dbt_assets
[32m2024-05-30 15:44:21 +0530[0m - dagster - [34mDEBUG[0m - materialize_dbt_models - 600cd07b-8edb-4ef7-abc5-ddf3ad8fdf39 - 62428 - dbt_project_dbt_assets - ASSET_OBSERVATION - DagsterEventType.ASSET_OBSERVATION for step dbt_project_dbt_assets
[32m2024-05-30 15:44:27 +0530[0m - dagster - [34mDEBUG[0m - materialize_dbt_models - 600cd07b-8edb-4ef7-abc5-ddf3ad8fdf39 - 62428 - dbt_project_dbt_assets - ASSET_OBSERVATION - DagsterEventType.ASSET_OBSERVATION for step dbt_project_dbt_assets
[32m2024-05-30 15:44:27 +0530[0m - dagster - [34mDEBUG[0m - materialize_dbt_models - 600cd07b-8edb-4ef7-abc5-ddf3ad8fdf39 - 62428 - dbt_project_dbt_assets - ASSET_OBSERVATION - DagsterEventType.ASSET_OBSERVATION for step dbt_project_dbt_assets
[32m2024-05-30 15:45:41 +0530[0m - dagster - [34mDEBUG[0m - materialize_dbt_models - 600cd07b-8edb-4ef7-abc5-ddf3ad8fdf39 - 62428 - dbt_project_dbt_assets - STEP_SUCCESS - Finished execution of step "dbt_project_dbt_assets" in 5m14s.
