[32m2024-05-30 15:40:19 +0530[0m - dagster - [34mDEBUG[0m - materialize_dbt_models - a8e6a39b-3cdc-43aa-8986-8cb1689e3774 - 62350 - LOGS_CAPTURED - Started capturing logs in process (pid: 62350).
[32m2024-05-30 15:40:19 +0530[0m - dagster - [34mDEBUG[0m - materialize_dbt_models - a8e6a39b-3cdc-43aa-8986-8cb1689e3774 - 62350 - dbt_project_dbt_assets - STEP_START - Started execution of step "dbt_project_dbt_assets".
[32m2024-05-30 15:40:19 +0530[0m - dagster - [34mINFO[0m - materialize_dbt_models - a8e6a39b-3cdc-43aa-8986-8cb1689e3774 - dbt_project_dbt_assets - A dbt subsetted execution is not being performed. Using the default dbt selection arguments `['--select', 'fqn:*', '--exclude', 'fct_reviews']`.
[32m2024-05-30 15:40:19 +0530[0m - dagster - [34mINFO[0m - materialize_dbt_models - a8e6a39b-3cdc-43aa-8986-8cb1689e3774 - dbt_project_dbt_assets - Copying `/Users/divinesam/airbnb_dwh_project/dbt_project/target/partial_parse.msgpack` to `/Users/divinesam/airbnb_dwh_project/dbt_project/target/dbt_project_dbt_assets-a8e6a39-67816ee/partial_parse.msgpack` to take advantage of partial parsing.
[32m2024-05-30 15:40:19 +0530[0m - dagster - [34mINFO[0m - materialize_dbt_models - a8e6a39b-3cdc-43aa-8986-8cb1689e3774 - dbt_project_dbt_assets - Running dbt command: `dbt build --select fqn:* --exclude fct_reviews`.
[32m2024-05-30 15:41:02 +0530[0m - dagster - [34mDEBUG[0m - materialize_dbt_models - a8e6a39b-3cdc-43aa-8986-8cb1689e3774 - 62350 - dbt_project_dbt_assets - STEP_OUTPUT - Yielded output "seed_full_moon_dates" of type "Nothing". (Type check passed).
[32m2024-05-30 15:41:03 +0530[0m - dagster - [34mDEBUG[0m - materialize_dbt_models - a8e6a39b-3cdc-43aa-8986-8cb1689e3774 - 62350 - dbt_project_dbt_assets - ASSET_MATERIALIZATION - Materialized value seed_full_moon_dates.
[32m2024-05-30 15:41:12 +0530[0m - dagster - [34mDEBUG[0m - materialize_dbt_models - a8e6a39b-3cdc-43aa-8986-8cb1689e3774 - 62350 - dbt_project_dbt_assets - STEP_OUTPUT - Yielded output "scd_raw_hosts" of type "Nothing". (Type check passed).
[32m2024-05-30 15:41:13 +0530[0m - dagster - [34mDEBUG[0m - materialize_dbt_models - a8e6a39b-3cdc-43aa-8986-8cb1689e3774 - 62350 - dbt_project_dbt_assets - ASSET_MATERIALIZATION - Materialized value scd_raw_hosts.
[32m2024-05-30 15:41:17 +0530[0m - dagster - [34mDEBUG[0m - materialize_dbt_models - a8e6a39b-3cdc-43aa-8986-8cb1689e3774 - 62350 - dbt_project_dbt_assets - ASSET_OBSERVATION - DagsterEventType.ASSET_OBSERVATION for step dbt_project_dbt_assets
[32m2024-05-30 15:41:25 +0530[0m - dagster - [34mDEBUG[0m - materialize_dbt_models - a8e6a39b-3cdc-43aa-8986-8cb1689e3774 - 62350 - dbt_project_dbt_assets - ASSET_OBSERVATION - DagsterEventType.ASSET_OBSERVATION for step dbt_project_dbt_assets
[32m2024-05-30 15:41:31 +0530[0m - dagster - [34mDEBUG[0m - materialize_dbt_models - a8e6a39b-3cdc-43aa-8986-8cb1689e3774 - 62350 - dbt_project_dbt_assets - STEP_OUTPUT - Yielded output "dim_hosts_cleansed" of type "Nothing". (Type check passed).
[32m2024-05-30 15:41:32 +0530[0m - dagster - [34mDEBUG[0m - materialize_dbt_models - a8e6a39b-3cdc-43aa-8986-8cb1689e3774 - 62350 - dbt_project_dbt_assets - ASSET_MATERIALIZATION - Materialized value dim_hosts_cleansed.
[32m2024-05-30 15:41:40 +0530[0m - dagster - [34mDEBUG[0m - materialize_dbt_models - a8e6a39b-3cdc-43aa-8986-8cb1689e3774 - 62350 - dbt_project_dbt_assets - STEP_OUTPUT - Yielded output "mart_fullmoon_reviews" of type "Nothing". (Type check passed).
[32m2024-05-30 15:41:40 +0530[0m - dagster - [34mDEBUG[0m - materialize_dbt_models - a8e6a39b-3cdc-43aa-8986-8cb1689e3774 - 62350 - dbt_project_dbt_assets - ASSET_MATERIALIZATION - Materialized value mart_fullmoon_reviews.
[32m2024-05-30 15:41:50 +0530[0m - dagster - [34mDEBUG[0m - materialize_dbt_models - a8e6a39b-3cdc-43aa-8986-8cb1689e3774 - 62350 - dbt_project_dbt_assets - STEP_OUTPUT - Yielded output "scd_raw_listings" of type "Nothing". (Type check passed).
[32m2024-05-30 15:41:50 +0530[0m - dagster - [34mDEBUG[0m - materialize_dbt_models - a8e6a39b-3cdc-43aa-8986-8cb1689e3774 - 62350 - dbt_project_dbt_assets - ASSET_MATERIALIZATION - Materialized value scd_raw_listings.
[32m2024-05-30 15:41:56 +0530[0m - dagster - [34mDEBUG[0m - materialize_dbt_models - a8e6a39b-3cdc-43aa-8986-8cb1689e3774 - 62350 - dbt_project_dbt_assets - ASSET_OBSERVATION - DagsterEventType.ASSET_OBSERVATION for step dbt_project_dbt_assets
[32m2024-05-30 15:42:01 +0530[0m - dagster - [34mDEBUG[0m - materialize_dbt_models - a8e6a39b-3cdc-43aa-8986-8cb1689e3774 - 62350 - dbt_project_dbt_assets - ASSET_OBSERVATION - DagsterEventType.ASSET_OBSERVATION for step dbt_project_dbt_assets
[32m2024-05-30 15:42:06 +0530[0m - dagster - [34mDEBUG[0m - materialize_dbt_models - a8e6a39b-3cdc-43aa-8986-8cb1689e3774 - 62350 - dbt_project_dbt_assets - ASSET_OBSERVATION - DagsterEventType.ASSET_OBSERVATION for step dbt_project_dbt_assets
[32m2024-05-30 15:42:10 +0530[0m - dagster - [34mDEBUG[0m - materialize_dbt_models - a8e6a39b-3cdc-43aa-8986-8cb1689e3774 - 62350 - dbt_project_dbt_assets - ASSET_OBSERVATION - DagsterEventType.ASSET_OBSERVATION for step dbt_project_dbt_assets
[32m2024-05-30 15:42:15 +0530[0m - dagster - [34mDEBUG[0m - materialize_dbt_models - a8e6a39b-3cdc-43aa-8986-8cb1689e3774 - 62350 - dbt_project_dbt_assets - STEP_OUTPUT - Yielded output "dim_listings_cleansed" of type "Nothing". (Type check passed).
[32m2024-05-30 15:42:15 +0530[0m - dagster - [34mDEBUG[0m - materialize_dbt_models - a8e6a39b-3cdc-43aa-8986-8cb1689e3774 - 62350 - dbt_project_dbt_assets - ASSET_MATERIALIZATION - Materialized value dim_listings_cleansed.
[32m2024-05-30 15:42:19 +0530[0m - dagster - [34mDEBUG[0m - materialize_dbt_models - a8e6a39b-3cdc-43aa-8986-8cb1689e3774 - 62350 - dbt_project_dbt_assets - ASSET_OBSERVATION - DagsterEventType.ASSET_OBSERVATION for step dbt_project_dbt_assets
[32m2024-05-30 15:42:22 +0530[0m - dagster - [34mDEBUG[0m - materialize_dbt_models - a8e6a39b-3cdc-43aa-8986-8cb1689e3774 - 62350 - dbt_project_dbt_assets - ASSET_OBSERVATION - DagsterEventType.ASSET_OBSERVATION for step dbt_project_dbt_assets
[32m2024-05-30 15:42:27 +0530[0m - dagster - [34mDEBUG[0m - materialize_dbt_models - a8e6a39b-3cdc-43aa-8986-8cb1689e3774 - 62350 - dbt_project_dbt_assets - ASSET_OBSERVATION - DagsterEventType.ASSET_OBSERVATION for step dbt_project_dbt_assets
[32m2024-05-30 15:42:32 +0530[0m - dagster - [34mDEBUG[0m - materialize_dbt_models - a8e6a39b-3cdc-43aa-8986-8cb1689e3774 - 62350 - dbt_project_dbt_assets - ASSET_OBSERVATION - DagsterEventType.ASSET_OBSERVATION for step dbt_project_dbt_assets
[32m2024-05-30 15:42:40 +0530[0m - dagster - [34mDEBUG[0m - materialize_dbt_models - a8e6a39b-3cdc-43aa-8986-8cb1689e3774 - 62350 - dbt_project_dbt_assets - ASSET_OBSERVATION - DagsterEventType.ASSET_OBSERVATION for step dbt_project_dbt_assets
[32m2024-05-30 15:42:45 +0530[0m - dagster - [34mDEBUG[0m - materialize_dbt_models - a8e6a39b-3cdc-43aa-8986-8cb1689e3774 - 62350 - dbt_project_dbt_assets - ASSET_OBSERVATION - DagsterEventType.ASSET_OBSERVATION for step dbt_project_dbt_assets
[32m2024-05-30 15:42:49 +0530[0m - dagster - [34mDEBUG[0m - materialize_dbt_models - a8e6a39b-3cdc-43aa-8986-8cb1689e3774 - 62350 - dbt_project_dbt_assets - ASSET_OBSERVATION - DagsterEventType.ASSET_OBSERVATION for step dbt_project_dbt_assets
[32m2024-05-30 15:42:50 +0530[0m - dagster - [34mDEBUG[0m - materialize_dbt_models - a8e6a39b-3cdc-43aa-8986-8cb1689e3774 - 62350 - dbt_project_dbt_assets - ASSET_OBSERVATION - DagsterEventType.ASSET_OBSERVATION for step dbt_project_dbt_assets
[32m2024-05-30 15:42:54 +0530[0m - dagster - [34mDEBUG[0m - materialize_dbt_models - a8e6a39b-3cdc-43aa-8986-8cb1689e3774 - 62350 - dbt_project_dbt_assets - ASSET_OBSERVATION - DagsterEventType.ASSET_OBSERVATION for step dbt_project_dbt_assets
[32m2024-05-30 15:43:04 +0530[0m - dagster - [34mDEBUG[0m - materialize_dbt_models - a8e6a39b-3cdc-43aa-8986-8cb1689e3774 - 62350 - dbt_project_dbt_assets - STEP_OUTPUT - Yielded output "dim_listings_w_hosts" of type "Nothing". (Type check passed).
[32m2024-05-30 15:43:05 +0530[0m - dagster - [34mDEBUG[0m - materialize_dbt_models - a8e6a39b-3cdc-43aa-8986-8cb1689e3774 - 62350 - dbt_project_dbt_assets - ASSET_MATERIALIZATION - Materialized value dim_listings_w_hosts.
[32m2024-05-30 15:43:09 +0530[0m - dagster - [34mDEBUG[0m - materialize_dbt_models - a8e6a39b-3cdc-43aa-8986-8cb1689e3774 - 62350 - dbt_project_dbt_assets - ASSET_OBSERVATION - DagsterEventType.ASSET_OBSERVATION for step dbt_project_dbt_assets
[32m2024-05-30 15:43:14 +0530[0m - dagster - [34mDEBUG[0m - materialize_dbt_models - a8e6a39b-3cdc-43aa-8986-8cb1689e3774 - 62350 - dbt_project_dbt_assets - ASSET_OBSERVATION - DagsterEventType.ASSET_OBSERVATION for step dbt_project_dbt_assets
[32m2024-05-30 15:43:22 +0530[0m - dagster - [34mDEBUG[0m - materialize_dbt_models - a8e6a39b-3cdc-43aa-8986-8cb1689e3774 - 62350 - dbt_project_dbt_assets - ASSET_OBSERVATION - DagsterEventType.ASSET_OBSERVATION for step dbt_project_dbt_assets
[32m2024-05-30 15:43:30 +0530[0m - dagster - [34mDEBUG[0m - materialize_dbt_models - a8e6a39b-3cdc-43aa-8986-8cb1689e3774 - 62350 - dbt_project_dbt_assets - ASSET_OBSERVATION - DagsterEventType.ASSET_OBSERVATION for step dbt_project_dbt_assets
[32m2024-05-30 15:43:31 +0530[0m - dagster - [34mDEBUG[0m - materialize_dbt_models - a8e6a39b-3cdc-43aa-8986-8cb1689e3774 - 62350 - dbt_project_dbt_assets - ASSET_OBSERVATION - DagsterEventType.ASSET_OBSERVATION for step dbt_project_dbt_assets
[32m2024-05-30 15:45:14 +0530[0m - dagster - [34mDEBUG[0m - materialize_dbt_models - a8e6a39b-3cdc-43aa-8986-8cb1689e3774 - 62350 - dbt_project_dbt_assets - STEP_SUCCESS - Finished execution of step "dbt_project_dbt_assets" in 4m51s.
