[32m2024-05-30 15:42:18 +0530[0m - dagster - [34mDEBUG[0m - materialize_dbt_models - 51820748-8e65-4a1d-bd7f-8c6c5fe7e772 - 63096 - LOGS_CAPTURED - Started capturing logs in process (pid: 63096).
[32m2024-05-30 15:42:18 +0530[0m - dagster - [34mDEBUG[0m - materialize_dbt_models - 51820748-8e65-4a1d-bd7f-8c6c5fe7e772 - 63096 - dbt_project_dbt_assets - STEP_START - Started execution of step "dbt_project_dbt_assets".
[32m2024-05-30 15:42:20 +0530[0m - dagster - [34mINFO[0m - materialize_dbt_models - 51820748-8e65-4a1d-bd7f-8c6c5fe7e772 - dbt_project_dbt_assets - A dbt subsetted execution is not being performed. Using the default dbt selection arguments `['--select', 'fqn:*', '--exclude', 'fct_reviews']`.
[32m2024-05-30 15:42:20 +0530[0m - dagster - [34mINFO[0m - materialize_dbt_models - 51820748-8e65-4a1d-bd7f-8c6c5fe7e772 - dbt_project_dbt_assets - Copying `/Users/divinesam/airbnb_dwh_project/dbt_project/target/partial_parse.msgpack` to `/Users/divinesam/airbnb_dwh_project/dbt_project/target/dbt_project_dbt_assets-5182074-b552946/partial_parse.msgpack` to take advantage of partial parsing.
[32m2024-05-30 15:42:20 +0530[0m - dagster - [34mINFO[0m - materialize_dbt_models - 51820748-8e65-4a1d-bd7f-8c6c5fe7e772 - dbt_project_dbt_assets - Running dbt command: `dbt build --select fqn:* --exclude fct_reviews`.
[32m2024-05-30 15:44:19 +0530[0m - dagster - [34mDEBUG[0m - materialize_dbt_models - 51820748-8e65-4a1d-bd7f-8c6c5fe7e772 - 63096 - dbt_project_dbt_assets - STEP_OUTPUT - Yielded output "seed_full_moon_dates" of type "Nothing". (Type check passed).
[32m2024-05-30 15:44:22 +0530[0m - dagster - [34mDEBUG[0m - materialize_dbt_models - 51820748-8e65-4a1d-bd7f-8c6c5fe7e772 - 63096 - dbt_project_dbt_assets - ASSET_MATERIALIZATION - Materialized value seed_full_moon_dates.
[32m2024-05-30 15:44:39 +0530[0m - dagster - [34mDEBUG[0m - materialize_dbt_models - 51820748-8e65-4a1d-bd7f-8c6c5fe7e772 - 63096 - dbt_project_dbt_assets - STEP_OUTPUT - Yielded output "scd_raw_hosts" of type "Nothing". (Type check passed).
[32m2024-05-30 15:44:40 +0530[0m - dagster - [34mDEBUG[0m - materialize_dbt_models - 51820748-8e65-4a1d-bd7f-8c6c5fe7e772 - 63096 - dbt_project_dbt_assets - ASSET_MATERIALIZATION - Materialized value scd_raw_hosts.
[32m2024-05-30 15:44:46 +0530[0m - dagster - [34mDEBUG[0m - materialize_dbt_models - 51820748-8e65-4a1d-bd7f-8c6c5fe7e772 - 63096 - dbt_project_dbt_assets - ASSET_OBSERVATION - DagsterEventType.ASSET_OBSERVATION for step dbt_project_dbt_assets
[32m2024-05-30 15:44:55 +0530[0m - dagster - [34mDEBUG[0m - materialize_dbt_models - 51820748-8e65-4a1d-bd7f-8c6c5fe7e772 - 63096 - dbt_project_dbt_assets - ASSET_OBSERVATION - DagsterEventType.ASSET_OBSERVATION for step dbt_project_dbt_assets
[32m2024-05-30 15:45:04 +0530[0m - dagster - [34mDEBUG[0m - materialize_dbt_models - 51820748-8e65-4a1d-bd7f-8c6c5fe7e772 - 63096 - dbt_project_dbt_assets - STEP_OUTPUT - Yielded output "dim_hosts_cleansed" of type "Nothing". (Type check passed).
[32m2024-05-30 15:45:08 +0530[0m - dagster - [34mDEBUG[0m - materialize_dbt_models - 51820748-8e65-4a1d-bd7f-8c6c5fe7e772 - 63096 - dbt_project_dbt_assets - ASSET_MATERIALIZATION - Materialized value dim_hosts_cleansed.
[32m2024-05-30 15:45:21 +0530[0m - dagster - [34mDEBUG[0m - materialize_dbt_models - 51820748-8e65-4a1d-bd7f-8c6c5fe7e772 - 63096 - dbt_project_dbt_assets - STEP_OUTPUT - Yielded output "mart_fullmoon_reviews" of type "Nothing". (Type check passed).
[32m2024-05-30 15:45:24 +0530[0m - dagster - [34mDEBUG[0m - materialize_dbt_models - 51820748-8e65-4a1d-bd7f-8c6c5fe7e772 - 63096 - dbt_project_dbt_assets - ASSET_MATERIALIZATION - Materialized value mart_fullmoon_reviews.
[32m2024-05-30 15:45:54 +0530[0m - dagster - [34mDEBUG[0m - materialize_dbt_models - 51820748-8e65-4a1d-bd7f-8c6c5fe7e772 - 63096 - dbt_project_dbt_assets - STEP_OUTPUT - Yielded output "scd_raw_listings" of type "Nothing". (Type check passed).
[32m2024-05-30 15:45:57 +0530[0m - dagster - [34mDEBUG[0m - materialize_dbt_models - 51820748-8e65-4a1d-bd7f-8c6c5fe7e772 - 63096 - dbt_project_dbt_assets - ASSET_MATERIALIZATION - Materialized value scd_raw_listings.
[32m2024-05-30 15:46:04 +0530[0m - dagster - [34mDEBUG[0m - materialize_dbt_models - 51820748-8e65-4a1d-bd7f-8c6c5fe7e772 - 63096 - dbt_project_dbt_assets - ASSET_OBSERVATION - DagsterEventType.ASSET_OBSERVATION for step dbt_project_dbt_assets
[32m2024-05-30 15:46:16 +0530[0m - dagster - [34mDEBUG[0m - materialize_dbt_models - 51820748-8e65-4a1d-bd7f-8c6c5fe7e772 - 63096 - dbt_project_dbt_assets - ASSET_OBSERVATION - DagsterEventType.ASSET_OBSERVATION for step dbt_project_dbt_assets
[32m2024-05-30 15:46:25 +0530[0m - dagster - [34mDEBUG[0m - materialize_dbt_models - 51820748-8e65-4a1d-bd7f-8c6c5fe7e772 - 63096 - dbt_project_dbt_assets - ASSET_OBSERVATION - DagsterEventType.ASSET_OBSERVATION for step dbt_project_dbt_assets
[32m2024-05-30 15:46:33 +0530[0m - dagster - [34mDEBUG[0m - materialize_dbt_models - 51820748-8e65-4a1d-bd7f-8c6c5fe7e772 - 63096 - dbt_project_dbt_assets - ASSET_OBSERVATION - DagsterEventType.ASSET_OBSERVATION for step dbt_project_dbt_assets
[32m2024-05-30 15:46:48 +0530[0m - dagster - [34mDEBUG[0m - materialize_dbt_models - 51820748-8e65-4a1d-bd7f-8c6c5fe7e772 - 63096 - dbt_project_dbt_assets - STEP_OUTPUT - Yielded output "dim_listings_cleansed" of type "Nothing". (Type check passed).
[32m2024-05-30 15:46:49 +0530[0m - dagster - [34mDEBUG[0m - materialize_dbt_models - 51820748-8e65-4a1d-bd7f-8c6c5fe7e772 - 63096 - dbt_project_dbt_assets - ASSET_MATERIALIZATION - Materialized value dim_listings_cleansed.
[32m2024-05-30 15:46:55 +0530[0m - dagster - [34mDEBUG[0m - materialize_dbt_models - 51820748-8e65-4a1d-bd7f-8c6c5fe7e772 - 63096 - dbt_project_dbt_assets - ASSET_OBSERVATION - DagsterEventType.ASSET_OBSERVATION for step dbt_project_dbt_assets
[32m2024-05-30 15:47:03 +0530[0m - dagster - [34mDEBUG[0m - materialize_dbt_models - 51820748-8e65-4a1d-bd7f-8c6c5fe7e772 - 63096 - dbt_project_dbt_assets - ASSET_OBSERVATION - DagsterEventType.ASSET_OBSERVATION for step dbt_project_dbt_assets
[32m2024-05-30 15:47:12 +0530[0m - dagster - [34mDEBUG[0m - materialize_dbt_models - 51820748-8e65-4a1d-bd7f-8c6c5fe7e772 - 63096 - dbt_project_dbt_assets - ASSET_OBSERVATION - DagsterEventType.ASSET_OBSERVATION for step dbt_project_dbt_assets
[32m2024-05-30 15:47:20 +0530[0m - dagster - [34mDEBUG[0m - materialize_dbt_models - 51820748-8e65-4a1d-bd7f-8c6c5fe7e772 - 63096 - dbt_project_dbt_assets - ASSET_OBSERVATION - DagsterEventType.ASSET_OBSERVATION for step dbt_project_dbt_assets
[32m2024-05-30 15:47:29 +0530[0m - dagster - [34mDEBUG[0m - materialize_dbt_models - 51820748-8e65-4a1d-bd7f-8c6c5fe7e772 - 63096 - dbt_project_dbt_assets - ASSET_OBSERVATION - DagsterEventType.ASSET_OBSERVATION for step dbt_project_dbt_assets
[32m2024-05-30 15:47:36 +0530[0m - dagster - [34mDEBUG[0m - materialize_dbt_models - 51820748-8e65-4a1d-bd7f-8c6c5fe7e772 - 63096 - dbt_project_dbt_assets - ASSET_OBSERVATION - DagsterEventType.ASSET_OBSERVATION for step dbt_project_dbt_assets
[32m2024-05-30 15:47:46 +0530[0m - dagster - [34mDEBUG[0m - materialize_dbt_models - 51820748-8e65-4a1d-bd7f-8c6c5fe7e772 - 63096 - dbt_project_dbt_assets - ASSET_OBSERVATION - DagsterEventType.ASSET_OBSERVATION for step dbt_project_dbt_assets
[32m2024-05-30 15:47:46 +0530[0m - dagster - [34mDEBUG[0m - materialize_dbt_models - 51820748-8e65-4a1d-bd7f-8c6c5fe7e772 - 63096 - dbt_project_dbt_assets - ASSET_OBSERVATION - DagsterEventType.ASSET_OBSERVATION for step dbt_project_dbt_assets
[32m2024-05-30 15:47:52 +0530[0m - dagster - [34mDEBUG[0m - materialize_dbt_models - 51820748-8e65-4a1d-bd7f-8c6c5fe7e772 - 63096 - dbt_project_dbt_assets - ASSET_OBSERVATION - DagsterEventType.ASSET_OBSERVATION for step dbt_project_dbt_assets
[32m2024-05-30 15:48:12 +0530[0m - dagster - [34mDEBUG[0m - materialize_dbt_models - 51820748-8e65-4a1d-bd7f-8c6c5fe7e772 - 63096 - dbt_project_dbt_assets - STEP_OUTPUT - Yielded output "dim_listings_w_hosts" of type "Nothing". (Type check passed).
[32m2024-05-30 15:48:18 +0530[0m - dagster - [34mDEBUG[0m - materialize_dbt_models - 51820748-8e65-4a1d-bd7f-8c6c5fe7e772 - 63096 - dbt_project_dbt_assets - ASSET_MATERIALIZATION - Materialized value dim_listings_w_hosts.
[32m2024-05-30 15:48:22 +0530[0m - dagster - [34mDEBUG[0m - materialize_dbt_models - 51820748-8e65-4a1d-bd7f-8c6c5fe7e772 - 63096 - dbt_project_dbt_assets - ASSET_OBSERVATION - DagsterEventType.ASSET_OBSERVATION for step dbt_project_dbt_assets
[32m2024-05-30 15:48:29 +0530[0m - dagster - [34mDEBUG[0m - materialize_dbt_models - 51820748-8e65-4a1d-bd7f-8c6c5fe7e772 - 63096 - dbt_project_dbt_assets - ASSET_OBSERVATION - DagsterEventType.ASSET_OBSERVATION for step dbt_project_dbt_assets
[32m2024-05-30 15:48:38 +0530[0m - dagster - [34mDEBUG[0m - materialize_dbt_models - 51820748-8e65-4a1d-bd7f-8c6c5fe7e772 - 63096 - dbt_project_dbt_assets - ASSET_OBSERVATION - DagsterEventType.ASSET_OBSERVATION for step dbt_project_dbt_assets
[32m2024-05-30 15:48:54 +0530[0m - dagster - [34mDEBUG[0m - materialize_dbt_models - 51820748-8e65-4a1d-bd7f-8c6c5fe7e772 - 63096 - dbt_project_dbt_assets - ASSET_OBSERVATION - DagsterEventType.ASSET_OBSERVATION for step dbt_project_dbt_assets
[32m2024-05-30 15:48:55 +0530[0m - dagster - [34mDEBUG[0m - materialize_dbt_models - 51820748-8e65-4a1d-bd7f-8c6c5fe7e772 - 63096 - dbt_project_dbt_assets - ASSET_OBSERVATION - DagsterEventType.ASSET_OBSERVATION for step dbt_project_dbt_assets
