[32m2024-05-30 15:39:56 +0530[0m - dagster - [34mDEBUG[0m - materialize_dbt_models - 8b6171ce-78f7-4efb-b478-4b632b8e789d - 62138 - LOGS_CAPTURED - Started capturing logs in process (pid: 62138).
[32m2024-05-30 15:39:56 +0530[0m - dagster - [34mDEBUG[0m - materialize_dbt_models - 8b6171ce-78f7-4efb-b478-4b632b8e789d - 62138 - dbt_project_dbt_assets - STEP_START - Started execution of step "dbt_project_dbt_assets".
[32m2024-05-30 15:39:56 +0530[0m - dagster - [34mINFO[0m - materialize_dbt_models - 8b6171ce-78f7-4efb-b478-4b632b8e789d - dbt_project_dbt_assets - A dbt subsetted execution is not being performed. Using the default dbt selection arguments `['--select', 'fqn:*', '--exclude', 'fct_reviews']`.
[32m2024-05-30 15:39:56 +0530[0m - dagster - [34mINFO[0m - materialize_dbt_models - 8b6171ce-78f7-4efb-b478-4b632b8e789d - dbt_project_dbt_assets - Copying `/Users/divinesam/airbnb_dwh_project/dbt_project/target/partial_parse.msgpack` to `/Users/divinesam/airbnb_dwh_project/dbt_project/target/dbt_project_dbt_assets-8b6171c-665236c/partial_parse.msgpack` to take advantage of partial parsing.
[32m2024-05-30 15:39:56 +0530[0m - dagster - [34mINFO[0m - materialize_dbt_models - 8b6171ce-78f7-4efb-b478-4b632b8e789d - dbt_project_dbt_assets - Running dbt command: `dbt build --select fqn:* --exclude fct_reviews`.
[32m2024-05-30 15:40:42 +0530[0m - dagster - [34mDEBUG[0m - materialize_dbt_models - 8b6171ce-78f7-4efb-b478-4b632b8e789d - 62138 - dbt_project_dbt_assets - STEP_OUTPUT - Yielded output "seed_full_moon_dates" of type "Nothing". (Type check passed).
[32m2024-05-30 15:40:43 +0530[0m - dagster - [34mDEBUG[0m - materialize_dbt_models - 8b6171ce-78f7-4efb-b478-4b632b8e789d - 62138 - dbt_project_dbt_assets - ASSET_MATERIALIZATION - Materialized value seed_full_moon_dates.
[32m2024-05-30 15:40:53 +0530[0m - dagster - [34mDEBUG[0m - materialize_dbt_models - 8b6171ce-78f7-4efb-b478-4b632b8e789d - 62138 - dbt_project_dbt_assets - STEP_OUTPUT - Yielded output "scd_raw_hosts" of type "Nothing". (Type check passed).
[32m2024-05-30 15:40:53 +0530[0m - dagster - [34mDEBUG[0m - materialize_dbt_models - 8b6171ce-78f7-4efb-b478-4b632b8e789d - 62138 - dbt_project_dbt_assets - ASSET_MATERIALIZATION - Materialized value scd_raw_hosts.
[32m2024-05-30 15:40:57 +0530[0m - dagster - [34mDEBUG[0m - materialize_dbt_models - 8b6171ce-78f7-4efb-b478-4b632b8e789d - 62138 - dbt_project_dbt_assets - ASSET_OBSERVATION - DagsterEventType.ASSET_OBSERVATION for step dbt_project_dbt_assets
[32m2024-05-30 15:41:02 +0530[0m - dagster - [34mDEBUG[0m - materialize_dbt_models - 8b6171ce-78f7-4efb-b478-4b632b8e789d - 62138 - dbt_project_dbt_assets - ASSET_OBSERVATION - DagsterEventType.ASSET_OBSERVATION for step dbt_project_dbt_assets
[32m2024-05-30 15:41:07 +0530[0m - dagster - [34mDEBUG[0m - materialize_dbt_models - 8b6171ce-78f7-4efb-b478-4b632b8e789d - 62138 - dbt_project_dbt_assets - STEP_OUTPUT - Yielded output "dim_hosts_cleansed" of type "Nothing". (Type check passed).
[32m2024-05-30 15:41:07 +0530[0m - dagster - [34mDEBUG[0m - materialize_dbt_models - 8b6171ce-78f7-4efb-b478-4b632b8e789d - 62138 - dbt_project_dbt_assets - ASSET_MATERIALIZATION - Materialized value dim_hosts_cleansed.
[32m2024-05-30 15:41:17 +0530[0m - dagster - [34mDEBUG[0m - materialize_dbt_models - 8b6171ce-78f7-4efb-b478-4b632b8e789d - 62138 - dbt_project_dbt_assets - STEP_OUTPUT - Yielded output "mart_fullmoon_reviews" of type "Nothing". (Type check passed).
[32m2024-05-30 15:41:18 +0530[0m - dagster - [34mDEBUG[0m - materialize_dbt_models - 8b6171ce-78f7-4efb-b478-4b632b8e789d - 62138 - dbt_project_dbt_assets - ASSET_MATERIALIZATION - Materialized value mart_fullmoon_reviews.
[32m2024-05-30 15:41:27 +0530[0m - dagster - [34mDEBUG[0m - materialize_dbt_models - 8b6171ce-78f7-4efb-b478-4b632b8e789d - 62138 - dbt_project_dbt_assets - STEP_OUTPUT - Yielded output "scd_raw_listings" of type "Nothing". (Type check passed).
[32m2024-05-30 15:41:27 +0530[0m - dagster - [34mDEBUG[0m - materialize_dbt_models - 8b6171ce-78f7-4efb-b478-4b632b8e789d - 62138 - dbt_project_dbt_assets - ASSET_MATERIALIZATION - Materialized value scd_raw_listings.
[32m2024-05-30 15:41:32 +0530[0m - dagster - [34mDEBUG[0m - materialize_dbt_models - 8b6171ce-78f7-4efb-b478-4b632b8e789d - 62138 - dbt_project_dbt_assets - ASSET_OBSERVATION - DagsterEventType.ASSET_OBSERVATION for step dbt_project_dbt_assets
[32m2024-05-30 15:41:37 +0530[0m - dagster - [34mDEBUG[0m - materialize_dbt_models - 8b6171ce-78f7-4efb-b478-4b632b8e789d - 62138 - dbt_project_dbt_assets - ASSET_OBSERVATION - DagsterEventType.ASSET_OBSERVATION for step dbt_project_dbt_assets
[32m2024-05-30 15:41:41 +0530[0m - dagster - [34mDEBUG[0m - materialize_dbt_models - 8b6171ce-78f7-4efb-b478-4b632b8e789d - 62138 - dbt_project_dbt_assets - ASSET_OBSERVATION - DagsterEventType.ASSET_OBSERVATION for step dbt_project_dbt_assets
[32m2024-05-30 15:41:45 +0530[0m - dagster - [34mDEBUG[0m - materialize_dbt_models - 8b6171ce-78f7-4efb-b478-4b632b8e789d - 62138 - dbt_project_dbt_assets - ASSET_OBSERVATION - DagsterEventType.ASSET_OBSERVATION for step dbt_project_dbt_assets
[32m2024-05-30 15:41:55 +0530[0m - dagster - [34mDEBUG[0m - materialize_dbt_models - 8b6171ce-78f7-4efb-b478-4b632b8e789d - 62138 - dbt_project_dbt_assets - STEP_OUTPUT - Yielded output "dim_listings_cleansed" of type "Nothing". (Type check passed).
[32m2024-05-30 15:41:56 +0530[0m - dagster - [34mDEBUG[0m - materialize_dbt_models - 8b6171ce-78f7-4efb-b478-4b632b8e789d - 62138 - dbt_project_dbt_assets - ASSET_MATERIALIZATION - Materialized value dim_listings_cleansed.
[32m2024-05-30 15:42:01 +0530[0m - dagster - [34mDEBUG[0m - materialize_dbt_models - 8b6171ce-78f7-4efb-b478-4b632b8e789d - 62138 - dbt_project_dbt_assets - ASSET_OBSERVATION - DagsterEventType.ASSET_OBSERVATION for step dbt_project_dbt_assets
[32m2024-05-30 15:42:06 +0530[0m - dagster - [34mDEBUG[0m - materialize_dbt_models - 8b6171ce-78f7-4efb-b478-4b632b8e789d - 62138 - dbt_project_dbt_assets - ASSET_OBSERVATION - DagsterEventType.ASSET_OBSERVATION for step dbt_project_dbt_assets
[32m2024-05-30 15:42:11 +0530[0m - dagster - [34mDEBUG[0m - materialize_dbt_models - 8b6171ce-78f7-4efb-b478-4b632b8e789d - 62138 - dbt_project_dbt_assets - ASSET_OBSERVATION - DagsterEventType.ASSET_OBSERVATION for step dbt_project_dbt_assets
[32m2024-05-30 15:42:14 +0530[0m - dagster - [34mDEBUG[0m - materialize_dbt_models - 8b6171ce-78f7-4efb-b478-4b632b8e789d - 62138 - dbt_project_dbt_assets - ASSET_OBSERVATION - DagsterEventType.ASSET_OBSERVATION for step dbt_project_dbt_assets
[32m2024-05-30 15:42:17 +0530[0m - dagster - [34mDEBUG[0m - materialize_dbt_models - 8b6171ce-78f7-4efb-b478-4b632b8e789d - 62138 - dbt_project_dbt_assets - ASSET_OBSERVATION - DagsterEventType.ASSET_OBSERVATION for step dbt_project_dbt_assets
[32m2024-05-30 15:42:21 +0530[0m - dagster - [34mDEBUG[0m - materialize_dbt_models - 8b6171ce-78f7-4efb-b478-4b632b8e789d - 62138 - dbt_project_dbt_assets - ASSET_OBSERVATION - DagsterEventType.ASSET_OBSERVATION for step dbt_project_dbt_assets
[32m2024-05-30 15:42:25 +0530[0m - dagster - [34mDEBUG[0m - materialize_dbt_models - 8b6171ce-78f7-4efb-b478-4b632b8e789d - 62138 - dbt_project_dbt_assets - ASSET_OBSERVATION - DagsterEventType.ASSET_OBSERVATION for step dbt_project_dbt_assets
[32m2024-05-30 15:42:25 +0530[0m - dagster - [34mDEBUG[0m - materialize_dbt_models - 8b6171ce-78f7-4efb-b478-4b632b8e789d - 62138 - dbt_project_dbt_assets - ASSET_OBSERVATION - DagsterEventType.ASSET_OBSERVATION for step dbt_project_dbt_assets
[32m2024-05-30 15:42:31 +0530[0m - dagster - [34mDEBUG[0m - materialize_dbt_models - 8b6171ce-78f7-4efb-b478-4b632b8e789d - 62138 - dbt_project_dbt_assets - ASSET_OBSERVATION - DagsterEventType.ASSET_OBSERVATION for step dbt_project_dbt_assets
[32m2024-05-30 15:42:39 +0530[0m - dagster - [34mDEBUG[0m - materialize_dbt_models - 8b6171ce-78f7-4efb-b478-4b632b8e789d - 62138 - dbt_project_dbt_assets - STEP_OUTPUT - Yielded output "dim_listings_w_hosts" of type "Nothing". (Type check passed).
[32m2024-05-30 15:42:40 +0530[0m - dagster - [34mDEBUG[0m - materialize_dbt_models - 8b6171ce-78f7-4efb-b478-4b632b8e789d - 62138 - dbt_project_dbt_assets - ASSET_MATERIALIZATION - Materialized value dim_listings_w_hosts.
[32m2024-05-30 15:42:44 +0530[0m - dagster - [34mDEBUG[0m - materialize_dbt_models - 8b6171ce-78f7-4efb-b478-4b632b8e789d - 62138 - dbt_project_dbt_assets - ASSET_OBSERVATION - DagsterEventType.ASSET_OBSERVATION for step dbt_project_dbt_assets
[32m2024-05-30 15:42:48 +0530[0m - dagster - [34mDEBUG[0m - materialize_dbt_models - 8b6171ce-78f7-4efb-b478-4b632b8e789d - 62138 - dbt_project_dbt_assets - ASSET_OBSERVATION - DagsterEventType.ASSET_OBSERVATION for step dbt_project_dbt_assets
[32m2024-05-30 15:42:55 +0530[0m - dagster - [34mDEBUG[0m - materialize_dbt_models - 8b6171ce-78f7-4efb-b478-4b632b8e789d - 62138 - dbt_project_dbt_assets - ASSET_OBSERVATION - DagsterEventType.ASSET_OBSERVATION for step dbt_project_dbt_assets
[32m2024-05-30 15:43:00 +0530[0m - dagster - [34mDEBUG[0m - materialize_dbt_models - 8b6171ce-78f7-4efb-b478-4b632b8e789d - 62138 - dbt_project_dbt_assets - ASSET_OBSERVATION - DagsterEventType.ASSET_OBSERVATION for step dbt_project_dbt_assets
[32m2024-05-30 15:43:04 +0530[0m - dagster - [34mDEBUG[0m - materialize_dbt_models - 8b6171ce-78f7-4efb-b478-4b632b8e789d - 62138 - dbt_project_dbt_assets - ASSET_OBSERVATION - DagsterEventType.ASSET_OBSERVATION for step dbt_project_dbt_assets
[32m2024-05-30 15:44:32 +0530[0m - dagster - [34mDEBUG[0m - materialize_dbt_models - 8b6171ce-78f7-4efb-b478-4b632b8e789d - 62138 - dbt_project_dbt_assets - STEP_SUCCESS - Finished execution of step "dbt_project_dbt_assets" in 4m34s.
