[32m2024-05-30 15:40:08 +0530[0m - dagster - [34mDEBUG[0m - materialize_dbt_models - aa7c31be-35e3-4eae-8d37-fb2e1a13854b - 62206 - LOGS_CAPTURED - Started capturing logs in process (pid: 62206).
[32m2024-05-30 15:40:08 +0530[0m - dagster - [34mDEBUG[0m - materialize_dbt_models - aa7c31be-35e3-4eae-8d37-fb2e1a13854b - 62206 - dbt_project_dbt_assets - STEP_START - Started execution of step "dbt_project_dbt_assets".
[32m2024-05-30 15:40:08 +0530[0m - dagster - [34mINFO[0m - materialize_dbt_models - aa7c31be-35e3-4eae-8d37-fb2e1a13854b - dbt_project_dbt_assets - A dbt subsetted execution is not being performed. Using the default dbt selection arguments `['--select', 'fqn:*', '--exclude', 'fct_reviews']`.
[32m2024-05-30 15:40:08 +0530[0m - dagster - [34mINFO[0m - materialize_dbt_models - aa7c31be-35e3-4eae-8d37-fb2e1a13854b - dbt_project_dbt_assets - Copying `/Users/divinesam/airbnb_dwh_project/dbt_project/target/partial_parse.msgpack` to `/Users/divinesam/airbnb_dwh_project/dbt_project/target/dbt_project_dbt_assets-aa7c31b-d00406f/partial_parse.msgpack` to take advantage of partial parsing.
[32m2024-05-30 15:40:08 +0530[0m - dagster - [34mINFO[0m - materialize_dbt_models - aa7c31be-35e3-4eae-8d37-fb2e1a13854b - dbt_project_dbt_assets - Running dbt command: `dbt build --select fqn:* --exclude fct_reviews`.
[32m2024-05-30 15:40:46 +0530[0m - dagster - [34mDEBUG[0m - materialize_dbt_models - aa7c31be-35e3-4eae-8d37-fb2e1a13854b - 62206 - dbt_project_dbt_assets - STEP_OUTPUT - Yielded output "seed_full_moon_dates" of type "Nothing". (Type check passed).
[32m2024-05-30 15:40:47 +0530[0m - dagster - [34mDEBUG[0m - materialize_dbt_models - aa7c31be-35e3-4eae-8d37-fb2e1a13854b - 62206 - dbt_project_dbt_assets - ASSET_MATERIALIZATION - Materialized value seed_full_moon_dates.
[32m2024-05-30 15:40:56 +0530[0m - dagster - [34mDEBUG[0m - materialize_dbt_models - aa7c31be-35e3-4eae-8d37-fb2e1a13854b - 62206 - dbt_project_dbt_assets - STEP_OUTPUT - Yielded output "scd_raw_hosts" of type "Nothing". (Type check passed).
[32m2024-05-30 15:40:56 +0530[0m - dagster - [34mDEBUG[0m - materialize_dbt_models - aa7c31be-35e3-4eae-8d37-fb2e1a13854b - 62206 - dbt_project_dbt_assets - ASSET_MATERIALIZATION - Materialized value scd_raw_hosts.
[32m2024-05-30 15:41:00 +0530[0m - dagster - [34mDEBUG[0m - materialize_dbt_models - aa7c31be-35e3-4eae-8d37-fb2e1a13854b - 62206 - dbt_project_dbt_assets - ASSET_OBSERVATION - DagsterEventType.ASSET_OBSERVATION for step dbt_project_dbt_assets
[32m2024-05-30 15:41:03 +0530[0m - dagster - [34mDEBUG[0m - materialize_dbt_models - aa7c31be-35e3-4eae-8d37-fb2e1a13854b - 62206 - dbt_project_dbt_assets - ASSET_OBSERVATION - DagsterEventType.ASSET_OBSERVATION for step dbt_project_dbt_assets
[32m2024-05-30 15:41:09 +0530[0m - dagster - [34mDEBUG[0m - materialize_dbt_models - aa7c31be-35e3-4eae-8d37-fb2e1a13854b - 62206 - dbt_project_dbt_assets - STEP_OUTPUT - Yielded output "dim_hosts_cleansed" of type "Nothing". (Type check passed).
[32m2024-05-30 15:41:09 +0530[0m - dagster - [34mDEBUG[0m - materialize_dbt_models - aa7c31be-35e3-4eae-8d37-fb2e1a13854b - 62206 - dbt_project_dbt_assets - ASSET_MATERIALIZATION - Materialized value dim_hosts_cleansed.
[32m2024-05-30 15:41:16 +0530[0m - dagster - [34mDEBUG[0m - materialize_dbt_models - aa7c31be-35e3-4eae-8d37-fb2e1a13854b - 62206 - dbt_project_dbt_assets - STEP_OUTPUT - Yielded output "mart_fullmoon_reviews" of type "Nothing". (Type check passed).
[32m2024-05-30 15:41:16 +0530[0m - dagster - [34mDEBUG[0m - materialize_dbt_models - aa7c31be-35e3-4eae-8d37-fb2e1a13854b - 62206 - dbt_project_dbt_assets - ASSET_MATERIALIZATION - Materialized value mart_fullmoon_reviews.
[32m2024-05-30 15:41:29 +0530[0m - dagster - [34mDEBUG[0m - materialize_dbt_models - aa7c31be-35e3-4eae-8d37-fb2e1a13854b - 62206 - dbt_project_dbt_assets - STEP_OUTPUT - Yielded output "scd_raw_listings" of type "Nothing". (Type check passed).
[32m2024-05-30 15:41:29 +0530[0m - dagster - [34mDEBUG[0m - materialize_dbt_models - aa7c31be-35e3-4eae-8d37-fb2e1a13854b - 62206 - dbt_project_dbt_assets - ASSET_MATERIALIZATION - Materialized value scd_raw_listings.
[32m2024-05-30 15:41:33 +0530[0m - dagster - [34mDEBUG[0m - materialize_dbt_models - aa7c31be-35e3-4eae-8d37-fb2e1a13854b - 62206 - dbt_project_dbt_assets - ASSET_OBSERVATION - DagsterEventType.ASSET_OBSERVATION for step dbt_project_dbt_assets
[32m2024-05-30 15:41:38 +0530[0m - dagster - [34mDEBUG[0m - materialize_dbt_models - aa7c31be-35e3-4eae-8d37-fb2e1a13854b - 62206 - dbt_project_dbt_assets - ASSET_OBSERVATION - DagsterEventType.ASSET_OBSERVATION for step dbt_project_dbt_assets
[32m2024-05-30 15:41:42 +0530[0m - dagster - [34mDEBUG[0m - materialize_dbt_models - aa7c31be-35e3-4eae-8d37-fb2e1a13854b - 62206 - dbt_project_dbt_assets - ASSET_OBSERVATION - DagsterEventType.ASSET_OBSERVATION for step dbt_project_dbt_assets
[32m2024-05-30 15:41:48 +0530[0m - dagster - [34mDEBUG[0m - materialize_dbt_models - aa7c31be-35e3-4eae-8d37-fb2e1a13854b - 62206 - dbt_project_dbt_assets - ASSET_OBSERVATION - DagsterEventType.ASSET_OBSERVATION for step dbt_project_dbt_assets
[32m2024-05-30 15:41:54 +0530[0m - dagster - [34mDEBUG[0m - materialize_dbt_models - aa7c31be-35e3-4eae-8d37-fb2e1a13854b - 62206 - dbt_project_dbt_assets - STEP_OUTPUT - Yielded output "dim_listings_cleansed" of type "Nothing". (Type check passed).
[32m2024-05-30 15:41:55 +0530[0m - dagster - [34mDEBUG[0m - materialize_dbt_models - aa7c31be-35e3-4eae-8d37-fb2e1a13854b - 62206 - dbt_project_dbt_assets - ASSET_MATERIALIZATION - Materialized value dim_listings_cleansed.
[32m2024-05-30 15:42:00 +0530[0m - dagster - [34mDEBUG[0m - materialize_dbt_models - aa7c31be-35e3-4eae-8d37-fb2e1a13854b - 62206 - dbt_project_dbt_assets - ASSET_OBSERVATION - DagsterEventType.ASSET_OBSERVATION for step dbt_project_dbt_assets
[32m2024-05-30 15:42:05 +0530[0m - dagster - [34mDEBUG[0m - materialize_dbt_models - aa7c31be-35e3-4eae-8d37-fb2e1a13854b - 62206 - dbt_project_dbt_assets - ASSET_OBSERVATION - DagsterEventType.ASSET_OBSERVATION for step dbt_project_dbt_assets
[32m2024-05-30 15:42:09 +0530[0m - dagster - [34mDEBUG[0m - materialize_dbt_models - aa7c31be-35e3-4eae-8d37-fb2e1a13854b - 62206 - dbt_project_dbt_assets - ASSET_OBSERVATION - DagsterEventType.ASSET_OBSERVATION for step dbt_project_dbt_assets
[32m2024-05-30 15:42:13 +0530[0m - dagster - [34mDEBUG[0m - materialize_dbt_models - aa7c31be-35e3-4eae-8d37-fb2e1a13854b - 62206 - dbt_project_dbt_assets - ASSET_OBSERVATION - DagsterEventType.ASSET_OBSERVATION for step dbt_project_dbt_assets
[32m2024-05-30 15:42:16 +0530[0m - dagster - [34mDEBUG[0m - materialize_dbt_models - aa7c31be-35e3-4eae-8d37-fb2e1a13854b - 62206 - dbt_project_dbt_assets - ASSET_OBSERVATION - DagsterEventType.ASSET_OBSERVATION for step dbt_project_dbt_assets
[32m2024-05-30 15:42:21 +0530[0m - dagster - [34mDEBUG[0m - materialize_dbt_models - aa7c31be-35e3-4eae-8d37-fb2e1a13854b - 62206 - dbt_project_dbt_assets - ASSET_OBSERVATION - DagsterEventType.ASSET_OBSERVATION for step dbt_project_dbt_assets
[32m2024-05-30 15:42:24 +0530[0m - dagster - [34mDEBUG[0m - materialize_dbt_models - aa7c31be-35e3-4eae-8d37-fb2e1a13854b - 62206 - dbt_project_dbt_assets - ASSET_OBSERVATION - DagsterEventType.ASSET_OBSERVATION for step dbt_project_dbt_assets
[32m2024-05-30 15:42:24 +0530[0m - dagster - [34mDEBUG[0m - materialize_dbt_models - aa7c31be-35e3-4eae-8d37-fb2e1a13854b - 62206 - dbt_project_dbt_assets - ASSET_OBSERVATION - DagsterEventType.ASSET_OBSERVATION for step dbt_project_dbt_assets
[32m2024-05-30 15:42:29 +0530[0m - dagster - [34mDEBUG[0m - materialize_dbt_models - aa7c31be-35e3-4eae-8d37-fb2e1a13854b - 62206 - dbt_project_dbt_assets - ASSET_OBSERVATION - DagsterEventType.ASSET_OBSERVATION for step dbt_project_dbt_assets
[32m2024-05-30 15:42:35 +0530[0m - dagster - [34mDEBUG[0m - materialize_dbt_models - aa7c31be-35e3-4eae-8d37-fb2e1a13854b - 62206 - dbt_project_dbt_assets - STEP_OUTPUT - Yielded output "dim_listings_w_hosts" of type "Nothing". (Type check passed).
[32m2024-05-30 15:42:35 +0530[0m - dagster - [34mDEBUG[0m - materialize_dbt_models - aa7c31be-35e3-4eae-8d37-fb2e1a13854b - 62206 - dbt_project_dbt_assets - ASSET_MATERIALIZATION - Materialized value dim_listings_w_hosts.
[32m2024-05-30 15:42:38 +0530[0m - dagster - [34mDEBUG[0m - materialize_dbt_models - aa7c31be-35e3-4eae-8d37-fb2e1a13854b - 62206 - dbt_project_dbt_assets - ASSET_OBSERVATION - DagsterEventType.ASSET_OBSERVATION for step dbt_project_dbt_assets
[32m2024-05-30 15:42:43 +0530[0m - dagster - [34mDEBUG[0m - materialize_dbt_models - aa7c31be-35e3-4eae-8d37-fb2e1a13854b - 62206 - dbt_project_dbt_assets - ASSET_OBSERVATION - DagsterEventType.ASSET_OBSERVATION for step dbt_project_dbt_assets
[32m2024-05-30 15:42:52 +0530[0m - dagster - [34mDEBUG[0m - materialize_dbt_models - aa7c31be-35e3-4eae-8d37-fb2e1a13854b - 62206 - dbt_project_dbt_assets - ASSET_OBSERVATION - DagsterEventType.ASSET_OBSERVATION for step dbt_project_dbt_assets
[32m2024-05-30 15:42:57 +0530[0m - dagster - [34mDEBUG[0m - materialize_dbt_models - aa7c31be-35e3-4eae-8d37-fb2e1a13854b - 62206 - dbt_project_dbt_assets - ASSET_OBSERVATION - DagsterEventType.ASSET_OBSERVATION for step dbt_project_dbt_assets
[32m2024-05-30 15:42:58 +0530[0m - dagster - [34mDEBUG[0m - materialize_dbt_models - aa7c31be-35e3-4eae-8d37-fb2e1a13854b - 62206 - dbt_project_dbt_assets - ASSET_OBSERVATION - DagsterEventType.ASSET_OBSERVATION for step dbt_project_dbt_assets
[32m2024-05-30 15:44:10 +0530[0m - dagster - [34mDEBUG[0m - materialize_dbt_models - aa7c31be-35e3-4eae-8d37-fb2e1a13854b - 62206 - dbt_project_dbt_assets - STEP_SUCCESS - Finished execution of step "dbt_project_dbt_assets" in 4m0s.
