[32m2024-05-30 15:40:02 +0530[0m - dagster - [34mDEBUG[0m - materialize_dbt_models - 542ac3c4-5726-4149-afe9-a7bb98eb2993 - 62172 - LOGS_CAPTURED - Started capturing logs in process (pid: 62172).
[32m2024-05-30 15:40:02 +0530[0m - dagster - [34mDEBUG[0m - materialize_dbt_models - 542ac3c4-5726-4149-afe9-a7bb98eb2993 - 62172 - dbt_project_dbt_assets - STEP_START - Started execution of step "dbt_project_dbt_assets".
[32m2024-05-30 15:40:03 +0530[0m - dagster - [34mINFO[0m - materialize_dbt_models - 542ac3c4-5726-4149-afe9-a7bb98eb2993 - dbt_project_dbt_assets - A dbt subsetted execution is not being performed. Using the default dbt selection arguments `['--select', 'fqn:*', '--exclude', 'fct_reviews']`.
[32m2024-05-30 15:40:03 +0530[0m - dagster - [34mINFO[0m - materialize_dbt_models - 542ac3c4-5726-4149-afe9-a7bb98eb2993 - dbt_project_dbt_assets - Copying `/Users/divinesam/airbnb_dwh_project/dbt_project/target/partial_parse.msgpack` to `/Users/divinesam/airbnb_dwh_project/dbt_project/target/dbt_project_dbt_assets-542ac3c-444f250/partial_parse.msgpack` to take advantage of partial parsing.
[32m2024-05-30 15:40:03 +0530[0m - dagster - [34mINFO[0m - materialize_dbt_models - 542ac3c4-5726-4149-afe9-a7bb98eb2993 - dbt_project_dbt_assets - Running dbt command: `dbt build --select fqn:* --exclude fct_reviews`.
[32m2024-05-30 15:40:43 +0530[0m - dagster - [34mDEBUG[0m - materialize_dbt_models - 542ac3c4-5726-4149-afe9-a7bb98eb2993 - 62172 - dbt_project_dbt_assets - STEP_OUTPUT - Yielded output "seed_full_moon_dates" of type "Nothing". (Type check passed).
[32m2024-05-30 15:40:44 +0530[0m - dagster - [34mDEBUG[0m - materialize_dbt_models - 542ac3c4-5726-4149-afe9-a7bb98eb2993 - 62172 - dbt_project_dbt_assets - ASSET_MATERIALIZATION - Materialized value seed_full_moon_dates.
[32m2024-05-30 15:40:54 +0530[0m - dagster - [34mDEBUG[0m - materialize_dbt_models - 542ac3c4-5726-4149-afe9-a7bb98eb2993 - 62172 - dbt_project_dbt_assets - STEP_OUTPUT - Yielded output "scd_raw_hosts" of type "Nothing". (Type check passed).
[32m2024-05-30 15:40:54 +0530[0m - dagster - [34mDEBUG[0m - materialize_dbt_models - 542ac3c4-5726-4149-afe9-a7bb98eb2993 - 62172 - dbt_project_dbt_assets - ASSET_MATERIALIZATION - Materialized value scd_raw_hosts.
[32m2024-05-30 15:40:58 +0530[0m - dagster - [34mDEBUG[0m - materialize_dbt_models - 542ac3c4-5726-4149-afe9-a7bb98eb2993 - 62172 - dbt_project_dbt_assets - ASSET_OBSERVATION - DagsterEventType.ASSET_OBSERVATION for step dbt_project_dbt_assets
[32m2024-05-30 15:41:01 +0530[0m - dagster - [34mDEBUG[0m - materialize_dbt_models - 542ac3c4-5726-4149-afe9-a7bb98eb2993 - 62172 - dbt_project_dbt_assets - ASSET_OBSERVATION - DagsterEventType.ASSET_OBSERVATION for step dbt_project_dbt_assets
[32m2024-05-30 15:41:06 +0530[0m - dagster - [34mDEBUG[0m - materialize_dbt_models - 542ac3c4-5726-4149-afe9-a7bb98eb2993 - 62172 - dbt_project_dbt_assets - STEP_OUTPUT - Yielded output "dim_hosts_cleansed" of type "Nothing". (Type check passed).
[32m2024-05-30 15:41:06 +0530[0m - dagster - [34mDEBUG[0m - materialize_dbt_models - 542ac3c4-5726-4149-afe9-a7bb98eb2993 - 62172 - dbt_project_dbt_assets - ASSET_MATERIALIZATION - Materialized value dim_hosts_cleansed.
[32m2024-05-30 15:41:14 +0530[0m - dagster - [34mDEBUG[0m - materialize_dbt_models - 542ac3c4-5726-4149-afe9-a7bb98eb2993 - 62172 - dbt_project_dbt_assets - STEP_OUTPUT - Yielded output "mart_fullmoon_reviews" of type "Nothing". (Type check passed).
[32m2024-05-30 15:41:14 +0530[0m - dagster - [34mDEBUG[0m - materialize_dbt_models - 542ac3c4-5726-4149-afe9-a7bb98eb2993 - 62172 - dbt_project_dbt_assets - ASSET_MATERIALIZATION - Materialized value mart_fullmoon_reviews.
[32m2024-05-30 15:41:25 +0530[0m - dagster - [34mDEBUG[0m - materialize_dbt_models - 542ac3c4-5726-4149-afe9-a7bb98eb2993 - 62172 - dbt_project_dbt_assets - STEP_OUTPUT - Yielded output "scd_raw_listings" of type "Nothing". (Type check passed).
[32m2024-05-30 15:41:25 +0530[0m - dagster - [34mDEBUG[0m - materialize_dbt_models - 542ac3c4-5726-4149-afe9-a7bb98eb2993 - 62172 - dbt_project_dbt_assets - ASSET_MATERIALIZATION - Materialized value scd_raw_listings.
[32m2024-05-30 15:41:29 +0530[0m - dagster - [34mDEBUG[0m - materialize_dbt_models - 542ac3c4-5726-4149-afe9-a7bb98eb2993 - 62172 - dbt_project_dbt_assets - ASSET_OBSERVATION - DagsterEventType.ASSET_OBSERVATION for step dbt_project_dbt_assets
[32m2024-05-30 15:41:34 +0530[0m - dagster - [34mDEBUG[0m - materialize_dbt_models - 542ac3c4-5726-4149-afe9-a7bb98eb2993 - 62172 - dbt_project_dbt_assets - ASSET_OBSERVATION - DagsterEventType.ASSET_OBSERVATION for step dbt_project_dbt_assets
[32m2024-05-30 15:41:39 +0530[0m - dagster - [34mDEBUG[0m - materialize_dbt_models - 542ac3c4-5726-4149-afe9-a7bb98eb2993 - 62172 - dbt_project_dbt_assets - ASSET_OBSERVATION - DagsterEventType.ASSET_OBSERVATION for step dbt_project_dbt_assets
[32m2024-05-30 15:41:43 +0530[0m - dagster - [34mDEBUG[0m - materialize_dbt_models - 542ac3c4-5726-4149-afe9-a7bb98eb2993 - 62172 - dbt_project_dbt_assets - ASSET_OBSERVATION - DagsterEventType.ASSET_OBSERVATION for step dbt_project_dbt_assets
[32m2024-05-30 15:41:48 +0530[0m - dagster - [34mDEBUG[0m - materialize_dbt_models - 542ac3c4-5726-4149-afe9-a7bb98eb2993 - 62172 - dbt_project_dbt_assets - STEP_OUTPUT - Yielded output "dim_listings_cleansed" of type "Nothing". (Type check passed).
[32m2024-05-30 15:41:48 +0530[0m - dagster - [34mDEBUG[0m - materialize_dbt_models - 542ac3c4-5726-4149-afe9-a7bb98eb2993 - 62172 - dbt_project_dbt_assets - ASSET_MATERIALIZATION - Materialized value dim_listings_cleansed.
[32m2024-05-30 15:41:53 +0530[0m - dagster - [34mDEBUG[0m - materialize_dbt_models - 542ac3c4-5726-4149-afe9-a7bb98eb2993 - 62172 - dbt_project_dbt_assets - ASSET_OBSERVATION - DagsterEventType.ASSET_OBSERVATION for step dbt_project_dbt_assets
[32m2024-05-30 15:42:00 +0530[0m - dagster - [34mDEBUG[0m - materialize_dbt_models - 542ac3c4-5726-4149-afe9-a7bb98eb2993 - 62172 - dbt_project_dbt_assets - ASSET_OBSERVATION - DagsterEventType.ASSET_OBSERVATION for step dbt_project_dbt_assets
[32m2024-05-30 15:42:04 +0530[0m - dagster - [34mDEBUG[0m - materialize_dbt_models - 542ac3c4-5726-4149-afe9-a7bb98eb2993 - 62172 - dbt_project_dbt_assets - ASSET_OBSERVATION - DagsterEventType.ASSET_OBSERVATION for step dbt_project_dbt_assets
[32m2024-05-30 15:42:35 +0530[0m - dagster - [34mDEBUG[0m - materialize_dbt_models - 542ac3c4-5726-4149-afe9-a7bb98eb2993 - 62172 - dbt_project_dbt_assets - ASSET_OBSERVATION - DagsterEventType.ASSET_OBSERVATION for step dbt_project_dbt_assets
[32m2024-05-30 15:42:39 +0530[0m - dagster - [34mDEBUG[0m - materialize_dbt_models - 542ac3c4-5726-4149-afe9-a7bb98eb2993 - 62172 - dbt_project_dbt_assets - ASSET_OBSERVATION - DagsterEventType.ASSET_OBSERVATION for step dbt_project_dbt_assets
[32m2024-05-30 15:42:44 +0530[0m - dagster - [34mDEBUG[0m - materialize_dbt_models - 542ac3c4-5726-4149-afe9-a7bb98eb2993 - 62172 - dbt_project_dbt_assets - ASSET_OBSERVATION - DagsterEventType.ASSET_OBSERVATION for step dbt_project_dbt_assets
[32m2024-05-30 15:42:48 +0530[0m - dagster - [34mDEBUG[0m - materialize_dbt_models - 542ac3c4-5726-4149-afe9-a7bb98eb2993 - 62172 - dbt_project_dbt_assets - ASSET_OBSERVATION - DagsterEventType.ASSET_OBSERVATION for step dbt_project_dbt_assets
[32m2024-05-30 15:42:48 +0530[0m - dagster - [34mDEBUG[0m - materialize_dbt_models - 542ac3c4-5726-4149-afe9-a7bb98eb2993 - 62172 - dbt_project_dbt_assets - ASSET_OBSERVATION - DagsterEventType.ASSET_OBSERVATION for step dbt_project_dbt_assets
[32m2024-05-30 15:42:52 +0530[0m - dagster - [34mDEBUG[0m - materialize_dbt_models - 542ac3c4-5726-4149-afe9-a7bb98eb2993 - 62172 - dbt_project_dbt_assets - ASSET_OBSERVATION - DagsterEventType.ASSET_OBSERVATION for step dbt_project_dbt_assets
[32m2024-05-30 15:43:03 +0530[0m - dagster - [34mDEBUG[0m - materialize_dbt_models - 542ac3c4-5726-4149-afe9-a7bb98eb2993 - 62172 - dbt_project_dbt_assets - STEP_OUTPUT - Yielded output "dim_listings_w_hosts" of type "Nothing". (Type check passed).
[32m2024-05-30 15:43:05 +0530[0m - dagster - [34mDEBUG[0m - materialize_dbt_models - 542ac3c4-5726-4149-afe9-a7bb98eb2993 - 62172 - dbt_project_dbt_assets - ASSET_MATERIALIZATION - Materialized value dim_listings_w_hosts.
[32m2024-05-30 15:43:11 +0530[0m - dagster - [34mDEBUG[0m - materialize_dbt_models - 542ac3c4-5726-4149-afe9-a7bb98eb2993 - 62172 - dbt_project_dbt_assets - ASSET_OBSERVATION - DagsterEventType.ASSET_OBSERVATION for step dbt_project_dbt_assets
[32m2024-05-30 15:43:16 +0530[0m - dagster - [34mDEBUG[0m - materialize_dbt_models - 542ac3c4-5726-4149-afe9-a7bb98eb2993 - 62172 - dbt_project_dbt_assets - ASSET_OBSERVATION - DagsterEventType.ASSET_OBSERVATION for step dbt_project_dbt_assets
[32m2024-05-30 15:43:22 +0530[0m - dagster - [34mDEBUG[0m - materialize_dbt_models - 542ac3c4-5726-4149-afe9-a7bb98eb2993 - 62172 - dbt_project_dbt_assets - ASSET_OBSERVATION - DagsterEventType.ASSET_OBSERVATION for step dbt_project_dbt_assets
[32m2024-05-30 15:43:31 +0530[0m - dagster - [34mDEBUG[0m - materialize_dbt_models - 542ac3c4-5726-4149-afe9-a7bb98eb2993 - 62172 - dbt_project_dbt_assets - ASSET_OBSERVATION - DagsterEventType.ASSET_OBSERVATION for step dbt_project_dbt_assets
[32m2024-05-30 15:43:31 +0530[0m - dagster - [34mDEBUG[0m - materialize_dbt_models - 542ac3c4-5726-4149-afe9-a7bb98eb2993 - 62172 - dbt_project_dbt_assets - ASSET_OBSERVATION - DagsterEventType.ASSET_OBSERVATION for step dbt_project_dbt_assets
[32m2024-05-30 15:44:51 +0530[0m - dagster - [34mDEBUG[0m - materialize_dbt_models - 542ac3c4-5726-4149-afe9-a7bb98eb2993 - 62172 - dbt_project_dbt_assets - STEP_SUCCESS - Finished execution of step "dbt_project_dbt_assets" in 4m46s.
