[32m2024-05-30 15:42:57 +0530[0m - dagster - [34mDEBUG[0m - materialize_dbt_models - 4987b797-c507-4a83-b0f6-111bdbbfae4c - 63229 - LOGS_CAPTURED - Started capturing logs in process (pid: 63229).
[32m2024-05-30 15:42:57 +0530[0m - dagster - [34mDEBUG[0m - materialize_dbt_models - 4987b797-c507-4a83-b0f6-111bdbbfae4c - 63229 - dbt_project_dbt_assets - STEP_START - Started execution of step "dbt_project_dbt_assets".
[32m2024-05-30 15:42:59 +0530[0m - dagster - [34mINFO[0m - materialize_dbt_models - 4987b797-c507-4a83-b0f6-111bdbbfae4c - dbt_project_dbt_assets - A dbt subsetted execution is not being performed. Using the default dbt selection arguments `['--select', 'fqn:*', '--exclude', 'fct_reviews']`.
[32m2024-05-30 15:42:59 +0530[0m - dagster - [34mINFO[0m - materialize_dbt_models - 4987b797-c507-4a83-b0f6-111bdbbfae4c - dbt_project_dbt_assets - Copying `/Users/divinesam/airbnb_dwh_project/dbt_project/target/partial_parse.msgpack` to `/Users/divinesam/airbnb_dwh_project/dbt_project/target/dbt_project_dbt_assets-4987b79-1c642db/partial_parse.msgpack` to take advantage of partial parsing.
[32m2024-05-30 15:43:00 +0530[0m - dagster - [34mINFO[0m - materialize_dbt_models - 4987b797-c507-4a83-b0f6-111bdbbfae4c - dbt_project_dbt_assets - Running dbt command: `dbt build --select fqn:* --exclude fct_reviews`.
[32m2024-05-30 15:44:58 +0530[0m - dagster - [34mDEBUG[0m - materialize_dbt_models - 4987b797-c507-4a83-b0f6-111bdbbfae4c - 63229 - dbt_project_dbt_assets - STEP_OUTPUT - Yielded output "seed_full_moon_dates" of type "Nothing". (Type check passed).
[32m2024-05-30 15:45:02 +0530[0m - dagster - [34mDEBUG[0m - materialize_dbt_models - 4987b797-c507-4a83-b0f6-111bdbbfae4c - 63229 - dbt_project_dbt_assets - ASSET_MATERIALIZATION - Materialized value seed_full_moon_dates.
[32m2024-05-30 15:45:22 +0530[0m - dagster - [34mDEBUG[0m - materialize_dbt_models - 4987b797-c507-4a83-b0f6-111bdbbfae4c - 63229 - dbt_project_dbt_assets - STEP_OUTPUT - Yielded output "scd_raw_hosts" of type "Nothing". (Type check passed).
[32m2024-05-30 15:45:23 +0530[0m - dagster - [34mDEBUG[0m - materialize_dbt_models - 4987b797-c507-4a83-b0f6-111bdbbfae4c - 63229 - dbt_project_dbt_assets - ASSET_MATERIALIZATION - Materialized value scd_raw_hosts.
[32m2024-05-30 15:45:32 +0530[0m - dagster - [34mDEBUG[0m - materialize_dbt_models - 4987b797-c507-4a83-b0f6-111bdbbfae4c - 63229 - dbt_project_dbt_assets - ASSET_OBSERVATION - DagsterEventType.ASSET_OBSERVATION for step dbt_project_dbt_assets
[32m2024-05-30 15:45:37 +0530[0m - dagster - [34mDEBUG[0m - materialize_dbt_models - 4987b797-c507-4a83-b0f6-111bdbbfae4c - 63229 - dbt_project_dbt_assets - ASSET_OBSERVATION - DagsterEventType.ASSET_OBSERVATION for step dbt_project_dbt_assets
[32m2024-05-30 15:45:54 +0530[0m - dagster - [34mDEBUG[0m - materialize_dbt_models - 4987b797-c507-4a83-b0f6-111bdbbfae4c - 63229 - dbt_project_dbt_assets - STEP_OUTPUT - Yielded output "dim_hosts_cleansed" of type "Nothing". (Type check passed).
[32m2024-05-30 15:45:57 +0530[0m - dagster - [34mDEBUG[0m - materialize_dbt_models - 4987b797-c507-4a83-b0f6-111bdbbfae4c - 63229 - dbt_project_dbt_assets - ASSET_MATERIALIZATION - Materialized value dim_hosts_cleansed.
[32m2024-05-30 15:46:09 +0530[0m - dagster - [34mDEBUG[0m - materialize_dbt_models - 4987b797-c507-4a83-b0f6-111bdbbfae4c - 63229 - dbt_project_dbt_assets - STEP_OUTPUT - Yielded output "mart_fullmoon_reviews" of type "Nothing". (Type check passed).
[32m2024-05-30 15:46:14 +0530[0m - dagster - [34mDEBUG[0m - materialize_dbt_models - 4987b797-c507-4a83-b0f6-111bdbbfae4c - 63229 - dbt_project_dbt_assets - ASSET_MATERIALIZATION - Materialized value mart_fullmoon_reviews.
[32m2024-05-30 15:46:43 +0530[0m - dagster - [34mDEBUG[0m - materialize_dbt_models - 4987b797-c507-4a83-b0f6-111bdbbfae4c - 63229 - dbt_project_dbt_assets - STEP_OUTPUT - Yielded output "scd_raw_listings" of type "Nothing". (Type check passed).
[32m2024-05-30 15:46:44 +0530[0m - dagster - [34mDEBUG[0m - materialize_dbt_models - 4987b797-c507-4a83-b0f6-111bdbbfae4c - 63229 - dbt_project_dbt_assets - ASSET_MATERIALIZATION - Materialized value scd_raw_listings.
[32m2024-05-30 15:46:51 +0530[0m - dagster - [34mDEBUG[0m - materialize_dbt_models - 4987b797-c507-4a83-b0f6-111bdbbfae4c - 63229 - dbt_project_dbt_assets - ASSET_OBSERVATION - DagsterEventType.ASSET_OBSERVATION for step dbt_project_dbt_assets
[32m2024-05-30 15:46:59 +0530[0m - dagster - [34mDEBUG[0m - materialize_dbt_models - 4987b797-c507-4a83-b0f6-111bdbbfae4c - 63229 - dbt_project_dbt_assets - ASSET_OBSERVATION - DagsterEventType.ASSET_OBSERVATION for step dbt_project_dbt_assets
[32m2024-05-30 15:47:07 +0530[0m - dagster - [34mDEBUG[0m - materialize_dbt_models - 4987b797-c507-4a83-b0f6-111bdbbfae4c - 63229 - dbt_project_dbt_assets - ASSET_OBSERVATION - DagsterEventType.ASSET_OBSERVATION for step dbt_project_dbt_assets
[32m2024-05-30 15:47:14 +0530[0m - dagster - [34mDEBUG[0m - materialize_dbt_models - 4987b797-c507-4a83-b0f6-111bdbbfae4c - 63229 - dbt_project_dbt_assets - ASSET_OBSERVATION - DagsterEventType.ASSET_OBSERVATION for step dbt_project_dbt_assets
[32m2024-05-30 15:47:27 +0530[0m - dagster - [34mDEBUG[0m - materialize_dbt_models - 4987b797-c507-4a83-b0f6-111bdbbfae4c - 63229 - dbt_project_dbt_assets - STEP_OUTPUT - Yielded output "dim_listings_cleansed" of type "Nothing". (Type check passed).
[32m2024-05-30 15:47:31 +0530[0m - dagster - [34mDEBUG[0m - materialize_dbt_models - 4987b797-c507-4a83-b0f6-111bdbbfae4c - 63229 - dbt_project_dbt_assets - ASSET_MATERIALIZATION - Materialized value dim_listings_cleansed.
[32m2024-05-30 15:47:46 +0530[0m - dagster - [34mDEBUG[0m - materialize_dbt_models - 4987b797-c507-4a83-b0f6-111bdbbfae4c - 63229 - dbt_project_dbt_assets - ASSET_OBSERVATION - DagsterEventType.ASSET_OBSERVATION for step dbt_project_dbt_assets
[32m2024-05-30 15:47:56 +0530[0m - dagster - [34mDEBUG[0m - materialize_dbt_models - 4987b797-c507-4a83-b0f6-111bdbbfae4c - 63229 - dbt_project_dbt_assets - ASSET_OBSERVATION - DagsterEventType.ASSET_OBSERVATION for step dbt_project_dbt_assets
[32m2024-05-30 15:48:07 +0530[0m - dagster - [34mDEBUG[0m - materialize_dbt_models - 4987b797-c507-4a83-b0f6-111bdbbfae4c - 63229 - dbt_project_dbt_assets - ASSET_OBSERVATION - DagsterEventType.ASSET_OBSERVATION for step dbt_project_dbt_assets
[32m2024-05-30 15:48:16 +0530[0m - dagster - [34mDEBUG[0m - materialize_dbt_models - 4987b797-c507-4a83-b0f6-111bdbbfae4c - 63229 - dbt_project_dbt_assets - ASSET_OBSERVATION - DagsterEventType.ASSET_OBSERVATION for step dbt_project_dbt_assets
[32m2024-05-30 15:48:25 +0530[0m - dagster - [34mDEBUG[0m - materialize_dbt_models - 4987b797-c507-4a83-b0f6-111bdbbfae4c - 63229 - dbt_project_dbt_assets - ASSET_OBSERVATION - DagsterEventType.ASSET_OBSERVATION for step dbt_project_dbt_assets
[32m2024-05-30 15:48:32 +0530[0m - dagster - [34mDEBUG[0m - materialize_dbt_models - 4987b797-c507-4a83-b0f6-111bdbbfae4c - 63229 - dbt_project_dbt_assets - ASSET_OBSERVATION - DagsterEventType.ASSET_OBSERVATION for step dbt_project_dbt_assets
[32m2024-05-30 15:48:46 +0530[0m - dagster - [34mDEBUG[0m - materialize_dbt_models - 4987b797-c507-4a83-b0f6-111bdbbfae4c - 63229 - dbt_project_dbt_assets - ASSET_OBSERVATION - DagsterEventType.ASSET_OBSERVATION for step dbt_project_dbt_assets
[32m2024-05-30 15:48:47 +0530[0m - dagster - [34mDEBUG[0m - materialize_dbt_models - 4987b797-c507-4a83-b0f6-111bdbbfae4c - 63229 - dbt_project_dbt_assets - ASSET_OBSERVATION - DagsterEventType.ASSET_OBSERVATION for step dbt_project_dbt_assets
[32m2024-05-30 15:48:57 +0530[0m - dagster - [34mDEBUG[0m - materialize_dbt_models - 4987b797-c507-4a83-b0f6-111bdbbfae4c - 63229 - dbt_project_dbt_assets - ASSET_OBSERVATION - DagsterEventType.ASSET_OBSERVATION for step dbt_project_dbt_assets
[32m2024-05-30 15:49:12 +0530[0m - dagster - [34mDEBUG[0m - materialize_dbt_models - 4987b797-c507-4a83-b0f6-111bdbbfae4c - 63229 - dbt_project_dbt_assets - STEP_OUTPUT - Yielded output "dim_listings_w_hosts" of type "Nothing". (Type check passed).
[32m2024-05-30 15:49:14 +0530[0m - dagster - [34mDEBUG[0m - materialize_dbt_models - 4987b797-c507-4a83-b0f6-111bdbbfae4c - 63229 - dbt_project_dbt_assets - ASSET_MATERIALIZATION - Materialized value dim_listings_w_hosts.
[32m2024-05-30 15:49:23 +0530[0m - dagster - [34mDEBUG[0m - materialize_dbt_models - 4987b797-c507-4a83-b0f6-111bdbbfae4c - 63229 - dbt_project_dbt_assets - ASSET_OBSERVATION - DagsterEventType.ASSET_OBSERVATION for step dbt_project_dbt_assets
[32m2024-05-30 15:49:33 +0530[0m - dagster - [34mDEBUG[0m - materialize_dbt_models - 4987b797-c507-4a83-b0f6-111bdbbfae4c - 63229 - dbt_project_dbt_assets - ASSET_OBSERVATION - DagsterEventType.ASSET_OBSERVATION for step dbt_project_dbt_assets
