[32m2024-05-30 15:40:03 +0530[0m - dagster - [34mDEBUG[0m - materialize_dbt_models - 0f225725-c3b3-4919-ae11-14e88670ccec - 62183 - LOGS_CAPTURED - Started capturing logs in process (pid: 62183).
[32m2024-05-30 15:40:03 +0530[0m - dagster - [34mDEBUG[0m - materialize_dbt_models - 0f225725-c3b3-4919-ae11-14e88670ccec - 62183 - dbt_project_dbt_assets - STEP_START - Started execution of step "dbt_project_dbt_assets".
[32m2024-05-30 15:40:03 +0530[0m - dagster - [34mINFO[0m - materialize_dbt_models - 0f225725-c3b3-4919-ae11-14e88670ccec - dbt_project_dbt_assets - A dbt subsetted execution is not being performed. Using the default dbt selection arguments `['--select', 'fqn:*', '--exclude', 'fct_reviews']`.
[32m2024-05-30 15:40:03 +0530[0m - dagster - [34mINFO[0m - materialize_dbt_models - 0f225725-c3b3-4919-ae11-14e88670ccec - dbt_project_dbt_assets - Copying `/Users/divinesam/airbnb_dwh_project/dbt_project/target/partial_parse.msgpack` to `/Users/divinesam/airbnb_dwh_project/dbt_project/target/dbt_project_dbt_assets-0f22572-ad358ee/partial_parse.msgpack` to take advantage of partial parsing.
[32m2024-05-30 15:40:03 +0530[0m - dagster - [34mINFO[0m - materialize_dbt_models - 0f225725-c3b3-4919-ae11-14e88670ccec - dbt_project_dbt_assets - Running dbt command: `dbt build --select fqn:* --exclude fct_reviews`.
[32m2024-05-30 15:40:41 +0530[0m - dagster - [34mDEBUG[0m - materialize_dbt_models - 0f225725-c3b3-4919-ae11-14e88670ccec - 62183 - dbt_project_dbt_assets - STEP_OUTPUT - Yielded output "seed_full_moon_dates" of type "Nothing". (Type check passed).
[32m2024-05-30 15:40:42 +0530[0m - dagster - [34mDEBUG[0m - materialize_dbt_models - 0f225725-c3b3-4919-ae11-14e88670ccec - 62183 - dbt_project_dbt_assets - ASSET_MATERIALIZATION - Materialized value seed_full_moon_dates.
[32m2024-05-30 15:40:51 +0530[0m - dagster - [34mDEBUG[0m - materialize_dbt_models - 0f225725-c3b3-4919-ae11-14e88670ccec - 62183 - dbt_project_dbt_assets - STEP_OUTPUT - Yielded output "scd_raw_hosts" of type "Nothing". (Type check passed).
[32m2024-05-30 15:40:52 +0530[0m - dagster - [34mDEBUG[0m - materialize_dbt_models - 0f225725-c3b3-4919-ae11-14e88670ccec - 62183 - dbt_project_dbt_assets - ASSET_MATERIALIZATION - Materialized value scd_raw_hosts.
[32m2024-05-30 15:40:55 +0530[0m - dagster - [34mDEBUG[0m - materialize_dbt_models - 0f225725-c3b3-4919-ae11-14e88670ccec - 62183 - dbt_project_dbt_assets - ASSET_OBSERVATION - DagsterEventType.ASSET_OBSERVATION for step dbt_project_dbt_assets
[32m2024-05-30 15:40:59 +0530[0m - dagster - [34mDEBUG[0m - materialize_dbt_models - 0f225725-c3b3-4919-ae11-14e88670ccec - 62183 - dbt_project_dbt_assets - ASSET_OBSERVATION - DagsterEventType.ASSET_OBSERVATION for step dbt_project_dbt_assets
[32m2024-05-30 15:41:03 +0530[0m - dagster - [34mDEBUG[0m - materialize_dbt_models - 0f225725-c3b3-4919-ae11-14e88670ccec - 62183 - dbt_project_dbt_assets - STEP_OUTPUT - Yielded output "dim_hosts_cleansed" of type "Nothing". (Type check passed).
[32m2024-05-30 15:41:04 +0530[0m - dagster - [34mDEBUG[0m - materialize_dbt_models - 0f225725-c3b3-4919-ae11-14e88670ccec - 62183 - dbt_project_dbt_assets - ASSET_MATERIALIZATION - Materialized value dim_hosts_cleansed.
[32m2024-05-30 15:41:12 +0530[0m - dagster - [34mDEBUG[0m - materialize_dbt_models - 0f225725-c3b3-4919-ae11-14e88670ccec - 62183 - dbt_project_dbt_assets - STEP_OUTPUT - Yielded output "mart_fullmoon_reviews" of type "Nothing". (Type check passed).
[32m2024-05-30 15:41:13 +0530[0m - dagster - [34mDEBUG[0m - materialize_dbt_models - 0f225725-c3b3-4919-ae11-14e88670ccec - 62183 - dbt_project_dbt_assets - ASSET_MATERIALIZATION - Materialized value mart_fullmoon_reviews.
[32m2024-05-30 15:41:25 +0530[0m - dagster - [34mDEBUG[0m - materialize_dbt_models - 0f225725-c3b3-4919-ae11-14e88670ccec - 62183 - dbt_project_dbt_assets - STEP_OUTPUT - Yielded output "scd_raw_listings" of type "Nothing". (Type check passed).
[32m2024-05-30 15:41:26 +0530[0m - dagster - [34mDEBUG[0m - materialize_dbt_models - 0f225725-c3b3-4919-ae11-14e88670ccec - 62183 - dbt_project_dbt_assets - ASSET_MATERIALIZATION - Materialized value scd_raw_listings.
[32m2024-05-30 15:41:30 +0530[0m - dagster - [34mDEBUG[0m - materialize_dbt_models - 0f225725-c3b3-4919-ae11-14e88670ccec - 62183 - dbt_project_dbt_assets - ASSET_OBSERVATION - DagsterEventType.ASSET_OBSERVATION for step dbt_project_dbt_assets
[32m2024-05-30 15:41:34 +0530[0m - dagster - [34mDEBUG[0m - materialize_dbt_models - 0f225725-c3b3-4919-ae11-14e88670ccec - 62183 - dbt_project_dbt_assets - ASSET_OBSERVATION - DagsterEventType.ASSET_OBSERVATION for step dbt_project_dbt_assets
[32m2024-05-30 15:41:40 +0530[0m - dagster - [34mDEBUG[0m - materialize_dbt_models - 0f225725-c3b3-4919-ae11-14e88670ccec - 62183 - dbt_project_dbt_assets - ASSET_OBSERVATION - DagsterEventType.ASSET_OBSERVATION for step dbt_project_dbt_assets
[32m2024-05-30 15:41:48 +0530[0m - dagster - [34mDEBUG[0m - materialize_dbt_models - 0f225725-c3b3-4919-ae11-14e88670ccec - 62183 - dbt_project_dbt_assets - ASSET_OBSERVATION - DagsterEventType.ASSET_OBSERVATION for step dbt_project_dbt_assets
[32m2024-05-30 15:41:53 +0530[0m - dagster - [34mDEBUG[0m - materialize_dbt_models - 0f225725-c3b3-4919-ae11-14e88670ccec - 62183 - dbt_project_dbt_assets - STEP_OUTPUT - Yielded output "dim_listings_cleansed" of type "Nothing". (Type check passed).
[32m2024-05-30 15:41:55 +0530[0m - dagster - [34mDEBUG[0m - materialize_dbt_models - 0f225725-c3b3-4919-ae11-14e88670ccec - 62183 - dbt_project_dbt_assets - ASSET_MATERIALIZATION - Materialized value dim_listings_cleansed.
[32m2024-05-30 15:42:01 +0530[0m - dagster - [34mDEBUG[0m - materialize_dbt_models - 0f225725-c3b3-4919-ae11-14e88670ccec - 62183 - dbt_project_dbt_assets - ASSET_OBSERVATION - DagsterEventType.ASSET_OBSERVATION for step dbt_project_dbt_assets
[32m2024-05-30 15:42:06 +0530[0m - dagster - [34mDEBUG[0m - materialize_dbt_models - 0f225725-c3b3-4919-ae11-14e88670ccec - 62183 - dbt_project_dbt_assets - ASSET_OBSERVATION - DagsterEventType.ASSET_OBSERVATION for step dbt_project_dbt_assets
[32m2024-05-30 15:42:11 +0530[0m - dagster - [34mDEBUG[0m - materialize_dbt_models - 0f225725-c3b3-4919-ae11-14e88670ccec - 62183 - dbt_project_dbt_assets - ASSET_OBSERVATION - DagsterEventType.ASSET_OBSERVATION for step dbt_project_dbt_assets
[32m2024-05-30 15:42:14 +0530[0m - dagster - [34mDEBUG[0m - materialize_dbt_models - 0f225725-c3b3-4919-ae11-14e88670ccec - 62183 - dbt_project_dbt_assets - ASSET_OBSERVATION - DagsterEventType.ASSET_OBSERVATION for step dbt_project_dbt_assets
[32m2024-05-30 15:42:18 +0530[0m - dagster - [34mDEBUG[0m - materialize_dbt_models - 0f225725-c3b3-4919-ae11-14e88670ccec - 62183 - dbt_project_dbt_assets - ASSET_OBSERVATION - DagsterEventType.ASSET_OBSERVATION for step dbt_project_dbt_assets
[32m2024-05-30 15:42:22 +0530[0m - dagster - [34mDEBUG[0m - materialize_dbt_models - 0f225725-c3b3-4919-ae11-14e88670ccec - 62183 - dbt_project_dbt_assets - ASSET_OBSERVATION - DagsterEventType.ASSET_OBSERVATION for step dbt_project_dbt_assets
[32m2024-05-30 15:42:26 +0530[0m - dagster - [34mDEBUG[0m - materialize_dbt_models - 0f225725-c3b3-4919-ae11-14e88670ccec - 62183 - dbt_project_dbt_assets - ASSET_OBSERVATION - DagsterEventType.ASSET_OBSERVATION for step dbt_project_dbt_assets
[32m2024-05-30 15:42:26 +0530[0m - dagster - [34mDEBUG[0m - materialize_dbt_models - 0f225725-c3b3-4919-ae11-14e88670ccec - 62183 - dbt_project_dbt_assets - ASSET_OBSERVATION - DagsterEventType.ASSET_OBSERVATION for step dbt_project_dbt_assets
[32m2024-05-30 15:42:31 +0530[0m - dagster - [34mDEBUG[0m - materialize_dbt_models - 0f225725-c3b3-4919-ae11-14e88670ccec - 62183 - dbt_project_dbt_assets - ASSET_OBSERVATION - DagsterEventType.ASSET_OBSERVATION for step dbt_project_dbt_assets
[32m2024-05-30 15:42:37 +0530[0m - dagster - [34mDEBUG[0m - materialize_dbt_models - 0f225725-c3b3-4919-ae11-14e88670ccec - 62183 - dbt_project_dbt_assets - STEP_OUTPUT - Yielded output "dim_listings_w_hosts" of type "Nothing". (Type check passed).
[32m2024-05-30 15:42:38 +0530[0m - dagster - [34mDEBUG[0m - materialize_dbt_models - 0f225725-c3b3-4919-ae11-14e88670ccec - 62183 - dbt_project_dbt_assets - ASSET_MATERIALIZATION - Materialized value dim_listings_w_hosts.
[32m2024-05-30 15:42:42 +0530[0m - dagster - [34mDEBUG[0m - materialize_dbt_models - 0f225725-c3b3-4919-ae11-14e88670ccec - 62183 - dbt_project_dbt_assets - ASSET_OBSERVATION - DagsterEventType.ASSET_OBSERVATION for step dbt_project_dbt_assets
[32m2024-05-30 15:42:46 +0530[0m - dagster - [34mDEBUG[0m - materialize_dbt_models - 0f225725-c3b3-4919-ae11-14e88670ccec - 62183 - dbt_project_dbt_assets - ASSET_OBSERVATION - DagsterEventType.ASSET_OBSERVATION for step dbt_project_dbt_assets
[32m2024-05-30 15:42:52 +0530[0m - dagster - [34mDEBUG[0m - materialize_dbt_models - 0f225725-c3b3-4919-ae11-14e88670ccec - 62183 - dbt_project_dbt_assets - ASSET_OBSERVATION - DagsterEventType.ASSET_OBSERVATION for step dbt_project_dbt_assets
[32m2024-05-30 15:42:57 +0530[0m - dagster - [34mDEBUG[0m - materialize_dbt_models - 0f225725-c3b3-4919-ae11-14e88670ccec - 62183 - dbt_project_dbt_assets - ASSET_OBSERVATION - DagsterEventType.ASSET_OBSERVATION for step dbt_project_dbt_assets
[32m2024-05-30 15:42:57 +0530[0m - dagster - [34mDEBUG[0m - materialize_dbt_models - 0f225725-c3b3-4919-ae11-14e88670ccec - 62183 - dbt_project_dbt_assets - ASSET_OBSERVATION - DagsterEventType.ASSET_OBSERVATION for step dbt_project_dbt_assets
[32m2024-05-30 15:44:35 +0530[0m - dagster - [34mDEBUG[0m - materialize_dbt_models - 0f225725-c3b3-4919-ae11-14e88670ccec - 62183 - dbt_project_dbt_assets - STEP_SUCCESS - Finished execution of step "dbt_project_dbt_assets" in 4m29s.
