[32m2024-05-30 15:39:46 +0530[0m - dagster - [34mDEBUG[0m - materialize_dbt_models - 7614bd1e-e4cb-4283-b226-4490c713da3d - 62083 - LOGS_CAPTURED - Started capturing logs in process (pid: 62083).
[32m2024-05-30 15:39:46 +0530[0m - dagster - [34mDEBUG[0m - materialize_dbt_models - 7614bd1e-e4cb-4283-b226-4490c713da3d - 62083 - dbt_project_dbt_assets - STEP_START - Started execution of step "dbt_project_dbt_assets".
[32m2024-05-30 15:39:47 +0530[0m - dagster - [34mINFO[0m - materialize_dbt_models - 7614bd1e-e4cb-4283-b226-4490c713da3d - dbt_project_dbt_assets - A dbt subsetted execution is not being performed. Using the default dbt selection arguments `['--select', 'fqn:*', '--exclude', 'fct_reviews']`.
[32m2024-05-30 15:39:47 +0530[0m - dagster - [34mINFO[0m - materialize_dbt_models - 7614bd1e-e4cb-4283-b226-4490c713da3d - dbt_project_dbt_assets - Copying `/Users/divinesam/airbnb_dwh_project/dbt_project/target/partial_parse.msgpack` to `/Users/divinesam/airbnb_dwh_project/dbt_project/target/dbt_project_dbt_assets-7614bd1-599092a/partial_parse.msgpack` to take advantage of partial parsing.
[32m2024-05-30 15:39:47 +0530[0m - dagster - [34mINFO[0m - materialize_dbt_models - 7614bd1e-e4cb-4283-b226-4490c713da3d - dbt_project_dbt_assets - Running dbt command: `dbt build --select fqn:* --exclude fct_reviews`.
[32m2024-05-30 15:40:30 +0530[0m - dagster - [34mDEBUG[0m - materialize_dbt_models - 7614bd1e-e4cb-4283-b226-4490c713da3d - 62083 - dbt_project_dbt_assets - STEP_OUTPUT - Yielded output "seed_full_moon_dates" of type "Nothing". (Type check passed).
[32m2024-05-30 15:40:30 +0530[0m - dagster - [34mDEBUG[0m - materialize_dbt_models - 7614bd1e-e4cb-4283-b226-4490c713da3d - 62083 - dbt_project_dbt_assets - ASSET_MATERIALIZATION - Materialized value seed_full_moon_dates.
[32m2024-05-30 15:40:40 +0530[0m - dagster - [34mDEBUG[0m - materialize_dbt_models - 7614bd1e-e4cb-4283-b226-4490c713da3d - 62083 - dbt_project_dbt_assets - STEP_OUTPUT - Yielded output "scd_raw_hosts" of type "Nothing". (Type check passed).
[32m2024-05-30 15:40:40 +0530[0m - dagster - [34mDEBUG[0m - materialize_dbt_models - 7614bd1e-e4cb-4283-b226-4490c713da3d - 62083 - dbt_project_dbt_assets - ASSET_MATERIALIZATION - Materialized value scd_raw_hosts.
[32m2024-05-30 15:40:44 +0530[0m - dagster - [34mDEBUG[0m - materialize_dbt_models - 7614bd1e-e4cb-4283-b226-4490c713da3d - 62083 - dbt_project_dbt_assets - ASSET_OBSERVATION - DagsterEventType.ASSET_OBSERVATION for step dbt_project_dbt_assets
[32m2024-05-30 15:40:48 +0530[0m - dagster - [34mDEBUG[0m - materialize_dbt_models - 7614bd1e-e4cb-4283-b226-4490c713da3d - 62083 - dbt_project_dbt_assets - ASSET_OBSERVATION - DagsterEventType.ASSET_OBSERVATION for step dbt_project_dbt_assets
[32m2024-05-30 15:40:53 +0530[0m - dagster - [34mDEBUG[0m - materialize_dbt_models - 7614bd1e-e4cb-4283-b226-4490c713da3d - 62083 - dbt_project_dbt_assets - STEP_OUTPUT - Yielded output "dim_hosts_cleansed" of type "Nothing". (Type check passed).
[32m2024-05-30 15:40:53 +0530[0m - dagster - [34mDEBUG[0m - materialize_dbt_models - 7614bd1e-e4cb-4283-b226-4490c713da3d - 62083 - dbt_project_dbt_assets - ASSET_MATERIALIZATION - Materialized value dim_hosts_cleansed.
[32m2024-05-30 15:41:01 +0530[0m - dagster - [34mDEBUG[0m - materialize_dbt_models - 7614bd1e-e4cb-4283-b226-4490c713da3d - 62083 - dbt_project_dbt_assets - STEP_OUTPUT - Yielded output "mart_fullmoon_reviews" of type "Nothing". (Type check passed).
[32m2024-05-30 15:41:01 +0530[0m - dagster - [34mDEBUG[0m - materialize_dbt_models - 7614bd1e-e4cb-4283-b226-4490c713da3d - 62083 - dbt_project_dbt_assets - ASSET_MATERIALIZATION - Materialized value mart_fullmoon_reviews.
[32m2024-05-30 15:41:18 +0530[0m - dagster - [34mDEBUG[0m - materialize_dbt_models - 7614bd1e-e4cb-4283-b226-4490c713da3d - 62083 - dbt_project_dbt_assets - STEP_OUTPUT - Yielded output "scd_raw_listings" of type "Nothing". (Type check passed).
[32m2024-05-30 15:41:19 +0530[0m - dagster - [34mDEBUG[0m - materialize_dbt_models - 7614bd1e-e4cb-4283-b226-4490c713da3d - 62083 - dbt_project_dbt_assets - ASSET_MATERIALIZATION - Materialized value scd_raw_listings.
[32m2024-05-30 15:41:24 +0530[0m - dagster - [34mDEBUG[0m - materialize_dbt_models - 7614bd1e-e4cb-4283-b226-4490c713da3d - 62083 - dbt_project_dbt_assets - ASSET_OBSERVATION - DagsterEventType.ASSET_OBSERVATION for step dbt_project_dbt_assets
[32m2024-05-30 15:41:28 +0530[0m - dagster - [34mDEBUG[0m - materialize_dbt_models - 7614bd1e-e4cb-4283-b226-4490c713da3d - 62083 - dbt_project_dbt_assets - ASSET_OBSERVATION - DagsterEventType.ASSET_OBSERVATION for step dbt_project_dbt_assets
[32m2024-05-30 15:41:33 +0530[0m - dagster - [34mDEBUG[0m - materialize_dbt_models - 7614bd1e-e4cb-4283-b226-4490c713da3d - 62083 - dbt_project_dbt_assets - ASSET_OBSERVATION - DagsterEventType.ASSET_OBSERVATION for step dbt_project_dbt_assets
[32m2024-05-30 15:41:37 +0530[0m - dagster - [34mDEBUG[0m - materialize_dbt_models - 7614bd1e-e4cb-4283-b226-4490c713da3d - 62083 - dbt_project_dbt_assets - ASSET_OBSERVATION - DagsterEventType.ASSET_OBSERVATION for step dbt_project_dbt_assets
[32m2024-05-30 15:41:44 +0530[0m - dagster - [34mDEBUG[0m - materialize_dbt_models - 7614bd1e-e4cb-4283-b226-4490c713da3d - 62083 - dbt_project_dbt_assets - STEP_OUTPUT - Yielded output "dim_listings_cleansed" of type "Nothing". (Type check passed).
[32m2024-05-30 15:41:44 +0530[0m - dagster - [34mDEBUG[0m - materialize_dbt_models - 7614bd1e-e4cb-4283-b226-4490c713da3d - 62083 - dbt_project_dbt_assets - ASSET_MATERIALIZATION - Materialized value dim_listings_cleansed.
[32m2024-05-30 15:41:54 +0530[0m - dagster - [34mDEBUG[0m - materialize_dbt_models - 7614bd1e-e4cb-4283-b226-4490c713da3d - 62083 - dbt_project_dbt_assets - ASSET_OBSERVATION - DagsterEventType.ASSET_OBSERVATION for step dbt_project_dbt_assets
[32m2024-05-30 15:42:01 +0530[0m - dagster - [34mDEBUG[0m - materialize_dbt_models - 7614bd1e-e4cb-4283-b226-4490c713da3d - 62083 - dbt_project_dbt_assets - ASSET_OBSERVATION - DagsterEventType.ASSET_OBSERVATION for step dbt_project_dbt_assets
[32m2024-05-30 15:42:05 +0530[0m - dagster - [34mDEBUG[0m - materialize_dbt_models - 7614bd1e-e4cb-4283-b226-4490c713da3d - 62083 - dbt_project_dbt_assets - ASSET_OBSERVATION - DagsterEventType.ASSET_OBSERVATION for step dbt_project_dbt_assets
[32m2024-05-30 15:42:10 +0530[0m - dagster - [34mDEBUG[0m - materialize_dbt_models - 7614bd1e-e4cb-4283-b226-4490c713da3d - 62083 - dbt_project_dbt_assets - ASSET_OBSERVATION - DagsterEventType.ASSET_OBSERVATION for step dbt_project_dbt_assets
[32m2024-05-30 15:42:13 +0530[0m - dagster - [34mDEBUG[0m - materialize_dbt_models - 7614bd1e-e4cb-4283-b226-4490c713da3d - 62083 - dbt_project_dbt_assets - ASSET_OBSERVATION - DagsterEventType.ASSET_OBSERVATION for step dbt_project_dbt_assets
[32m2024-05-30 15:42:16 +0530[0m - dagster - [34mDEBUG[0m - materialize_dbt_models - 7614bd1e-e4cb-4283-b226-4490c713da3d - 62083 - dbt_project_dbt_assets - ASSET_OBSERVATION - DagsterEventType.ASSET_OBSERVATION for step dbt_project_dbt_assets
[32m2024-05-30 15:42:20 +0530[0m - dagster - [34mDEBUG[0m - materialize_dbt_models - 7614bd1e-e4cb-4283-b226-4490c713da3d - 62083 - dbt_project_dbt_assets - ASSET_OBSERVATION - DagsterEventType.ASSET_OBSERVATION for step dbt_project_dbt_assets
[32m2024-05-30 15:42:21 +0530[0m - dagster - [34mDEBUG[0m - materialize_dbt_models - 7614bd1e-e4cb-4283-b226-4490c713da3d - 62083 - dbt_project_dbt_assets - ASSET_OBSERVATION - DagsterEventType.ASSET_OBSERVATION for step dbt_project_dbt_assets
[32m2024-05-30 15:42:24 +0530[0m - dagster - [34mDEBUG[0m - materialize_dbt_models - 7614bd1e-e4cb-4283-b226-4490c713da3d - 62083 - dbt_project_dbt_assets - ASSET_OBSERVATION - DagsterEventType.ASSET_OBSERVATION for step dbt_project_dbt_assets
[32m2024-05-30 15:42:31 +0530[0m - dagster - [34mDEBUG[0m - materialize_dbt_models - 7614bd1e-e4cb-4283-b226-4490c713da3d - 62083 - dbt_project_dbt_assets - STEP_OUTPUT - Yielded output "dim_listings_w_hosts" of type "Nothing". (Type check passed).
[32m2024-05-30 15:42:32 +0530[0m - dagster - [34mDEBUG[0m - materialize_dbt_models - 7614bd1e-e4cb-4283-b226-4490c713da3d - 62083 - dbt_project_dbt_assets - ASSET_MATERIALIZATION - Materialized value dim_listings_w_hosts.
[32m2024-05-30 15:42:40 +0530[0m - dagster - [34mDEBUG[0m - materialize_dbt_models - 7614bd1e-e4cb-4283-b226-4490c713da3d - 62083 - dbt_project_dbt_assets - ASSET_OBSERVATION - DagsterEventType.ASSET_OBSERVATION for step dbt_project_dbt_assets
[32m2024-05-30 15:42:44 +0530[0m - dagster - [34mDEBUG[0m - materialize_dbt_models - 7614bd1e-e4cb-4283-b226-4490c713da3d - 62083 - dbt_project_dbt_assets - ASSET_OBSERVATION - DagsterEventType.ASSET_OBSERVATION for step dbt_project_dbt_assets
[32m2024-05-30 15:42:49 +0530[0m - dagster - [34mDEBUG[0m - materialize_dbt_models - 7614bd1e-e4cb-4283-b226-4490c713da3d - 62083 - dbt_project_dbt_assets - ASSET_OBSERVATION - DagsterEventType.ASSET_OBSERVATION for step dbt_project_dbt_assets
[32m2024-05-30 15:42:54 +0530[0m - dagster - [34mDEBUG[0m - materialize_dbt_models - 7614bd1e-e4cb-4283-b226-4490c713da3d - 62083 - dbt_project_dbt_assets - ASSET_OBSERVATION - DagsterEventType.ASSET_OBSERVATION for step dbt_project_dbt_assets
[32m2024-05-30 15:42:54 +0530[0m - dagster - [34mDEBUG[0m - materialize_dbt_models - 7614bd1e-e4cb-4283-b226-4490c713da3d - 62083 - dbt_project_dbt_assets - ASSET_OBSERVATION - DagsterEventType.ASSET_OBSERVATION for step dbt_project_dbt_assets
[32m2024-05-30 15:43:53 +0530[0m - dagster - [34mDEBUG[0m - materialize_dbt_models - 7614bd1e-e4cb-4283-b226-4490c713da3d - 62083 - dbt_project_dbt_assets - STEP_SUCCESS - Finished execution of step "dbt_project_dbt_assets" in 4m4s.
