[32m2024-05-30 15:40:12 +0530[0m - dagster - [34mDEBUG[0m - materialize_dbt_models - 5d044fcd-f3a1-4ace-9927-749eb558bfc6 - 62274 - LOGS_CAPTURED - Started capturing logs in process (pid: 62274).
[32m2024-05-30 15:40:12 +0530[0m - dagster - [34mDEBUG[0m - materialize_dbt_models - 5d044fcd-f3a1-4ace-9927-749eb558bfc6 - 62274 - dbt_project_dbt_assets - STEP_START - Started execution of step "dbt_project_dbt_assets".
[32m2024-05-30 15:40:12 +0530[0m - dagster - [34mINFO[0m - materialize_dbt_models - 5d044fcd-f3a1-4ace-9927-749eb558bfc6 - dbt_project_dbt_assets - A dbt subsetted execution is not being performed. Using the default dbt selection arguments `['--select', 'fqn:*', '--exclude', 'fct_reviews']`.
[32m2024-05-30 15:40:12 +0530[0m - dagster - [34mINFO[0m - materialize_dbt_models - 5d044fcd-f3a1-4ace-9927-749eb558bfc6 - dbt_project_dbt_assets - Copying `/Users/divinesam/airbnb_dwh_project/dbt_project/target/partial_parse.msgpack` to `/Users/divinesam/airbnb_dwh_project/dbt_project/target/dbt_project_dbt_assets-5d044fc-4a2b491/partial_parse.msgpack` to take advantage of partial parsing.
[32m2024-05-30 15:40:12 +0530[0m - dagster - [34mINFO[0m - materialize_dbt_models - 5d044fcd-f3a1-4ace-9927-749eb558bfc6 - dbt_project_dbt_assets - Running dbt command: `dbt build --select fqn:* --exclude fct_reviews`.
[32m2024-05-30 15:40:51 +0530[0m - dagster - [34mDEBUG[0m - materialize_dbt_models - 5d044fcd-f3a1-4ace-9927-749eb558bfc6 - 62274 - dbt_project_dbt_assets - STEP_OUTPUT - Yielded output "seed_full_moon_dates" of type "Nothing". (Type check passed).
[32m2024-05-30 15:40:52 +0530[0m - dagster - [34mDEBUG[0m - materialize_dbt_models - 5d044fcd-f3a1-4ace-9927-749eb558bfc6 - 62274 - dbt_project_dbt_assets - ASSET_MATERIALIZATION - Materialized value seed_full_moon_dates.
[32m2024-05-30 15:41:01 +0530[0m - dagster - [34mDEBUG[0m - materialize_dbt_models - 5d044fcd-f3a1-4ace-9927-749eb558bfc6 - 62274 - dbt_project_dbt_assets - STEP_OUTPUT - Yielded output "scd_raw_hosts" of type "Nothing". (Type check passed).
[32m2024-05-30 15:41:01 +0530[0m - dagster - [34mDEBUG[0m - materialize_dbt_models - 5d044fcd-f3a1-4ace-9927-749eb558bfc6 - 62274 - dbt_project_dbt_assets - ASSET_MATERIALIZATION - Materialized value scd_raw_hosts.
[32m2024-05-30 15:41:06 +0530[0m - dagster - [34mDEBUG[0m - materialize_dbt_models - 5d044fcd-f3a1-4ace-9927-749eb558bfc6 - 62274 - dbt_project_dbt_assets - ASSET_OBSERVATION - DagsterEventType.ASSET_OBSERVATION for step dbt_project_dbt_assets
[32m2024-05-30 15:41:12 +0530[0m - dagster - [34mDEBUG[0m - materialize_dbt_models - 5d044fcd-f3a1-4ace-9927-749eb558bfc6 - 62274 - dbt_project_dbt_assets - ASSET_OBSERVATION - DagsterEventType.ASSET_OBSERVATION for step dbt_project_dbt_assets
[32m2024-05-30 15:41:17 +0530[0m - dagster - [34mDEBUG[0m - materialize_dbt_models - 5d044fcd-f3a1-4ace-9927-749eb558bfc6 - 62274 - dbt_project_dbt_assets - STEP_OUTPUT - Yielded output "dim_hosts_cleansed" of type "Nothing". (Type check passed).
[32m2024-05-30 15:41:18 +0530[0m - dagster - [34mDEBUG[0m - materialize_dbt_models - 5d044fcd-f3a1-4ace-9927-749eb558bfc6 - 62274 - dbt_project_dbt_assets - ASSET_MATERIALIZATION - Materialized value dim_hosts_cleansed.
[32m2024-05-30 15:41:26 +0530[0m - dagster - [34mDEBUG[0m - materialize_dbt_models - 5d044fcd-f3a1-4ace-9927-749eb558bfc6 - 62274 - dbt_project_dbt_assets - STEP_OUTPUT - Yielded output "mart_fullmoon_reviews" of type "Nothing". (Type check passed).
[32m2024-05-30 15:41:27 +0530[0m - dagster - [34mDEBUG[0m - materialize_dbt_models - 5d044fcd-f3a1-4ace-9927-749eb558bfc6 - 62274 - dbt_project_dbt_assets - ASSET_MATERIALIZATION - Materialized value mart_fullmoon_reviews.
[32m2024-05-30 15:41:38 +0530[0m - dagster - [34mDEBUG[0m - materialize_dbt_models - 5d044fcd-f3a1-4ace-9927-749eb558bfc6 - 62274 - dbt_project_dbt_assets - STEP_OUTPUT - Yielded output "scd_raw_listings" of type "Nothing". (Type check passed).
[32m2024-05-30 15:41:38 +0530[0m - dagster - [34mDEBUG[0m - materialize_dbt_models - 5d044fcd-f3a1-4ace-9927-749eb558bfc6 - 62274 - dbt_project_dbt_assets - ASSET_MATERIALIZATION - Materialized value scd_raw_listings.
[32m2024-05-30 15:41:47 +0530[0m - dagster - [34mDEBUG[0m - materialize_dbt_models - 5d044fcd-f3a1-4ace-9927-749eb558bfc6 - 62274 - dbt_project_dbt_assets - ASSET_OBSERVATION - DagsterEventType.ASSET_OBSERVATION for step dbt_project_dbt_assets
[32m2024-05-30 15:41:51 +0530[0m - dagster - [34mDEBUG[0m - materialize_dbt_models - 5d044fcd-f3a1-4ace-9927-749eb558bfc6 - 62274 - dbt_project_dbt_assets - ASSET_OBSERVATION - DagsterEventType.ASSET_OBSERVATION for step dbt_project_dbt_assets
[32m2024-05-30 15:41:59 +0530[0m - dagster - [34mDEBUG[0m - materialize_dbt_models - 5d044fcd-f3a1-4ace-9927-749eb558bfc6 - 62274 - dbt_project_dbt_assets - ASSET_OBSERVATION - DagsterEventType.ASSET_OBSERVATION for step dbt_project_dbt_assets
[32m2024-05-30 15:42:02 +0530[0m - dagster - [34mDEBUG[0m - materialize_dbt_models - 5d044fcd-f3a1-4ace-9927-749eb558bfc6 - 62274 - dbt_project_dbt_assets - ASSET_OBSERVATION - DagsterEventType.ASSET_OBSERVATION for step dbt_project_dbt_assets
[32m2024-05-30 15:42:07 +0530[0m - dagster - [34mDEBUG[0m - materialize_dbt_models - 5d044fcd-f3a1-4ace-9927-749eb558bfc6 - 62274 - dbt_project_dbt_assets - STEP_OUTPUT - Yielded output "dim_listings_cleansed" of type "Nothing". (Type check passed).
[32m2024-05-30 15:42:07 +0530[0m - dagster - [34mDEBUG[0m - materialize_dbt_models - 5d044fcd-f3a1-4ace-9927-749eb558bfc6 - 62274 - dbt_project_dbt_assets - ASSET_MATERIALIZATION - Materialized value dim_listings_cleansed.
[32m2024-05-30 15:42:11 +0530[0m - dagster - [34mDEBUG[0m - materialize_dbt_models - 5d044fcd-f3a1-4ace-9927-749eb558bfc6 - 62274 - dbt_project_dbt_assets - ASSET_OBSERVATION - DagsterEventType.ASSET_OBSERVATION for step dbt_project_dbt_assets
[32m2024-05-30 15:42:18 +0530[0m - dagster - [34mDEBUG[0m - materialize_dbt_models - 5d044fcd-f3a1-4ace-9927-749eb558bfc6 - 62274 - dbt_project_dbt_assets - ASSET_OBSERVATION - DagsterEventType.ASSET_OBSERVATION for step dbt_project_dbt_assets
[32m2024-05-30 15:42:23 +0530[0m - dagster - [34mDEBUG[0m - materialize_dbt_models - 5d044fcd-f3a1-4ace-9927-749eb558bfc6 - 62274 - dbt_project_dbt_assets - ASSET_OBSERVATION - DagsterEventType.ASSET_OBSERVATION for step dbt_project_dbt_assets
[32m2024-05-30 15:42:27 +0530[0m - dagster - [34mDEBUG[0m - materialize_dbt_models - 5d044fcd-f3a1-4ace-9927-749eb558bfc6 - 62274 - dbt_project_dbt_assets - ASSET_OBSERVATION - DagsterEventType.ASSET_OBSERVATION for step dbt_project_dbt_assets
[32m2024-05-30 15:42:32 +0530[0m - dagster - [34mDEBUG[0m - materialize_dbt_models - 5d044fcd-f3a1-4ace-9927-749eb558bfc6 - 62274 - dbt_project_dbt_assets - ASSET_OBSERVATION - DagsterEventType.ASSET_OBSERVATION for step dbt_project_dbt_assets
[32m2024-05-30 15:42:38 +0530[0m - dagster - [34mDEBUG[0m - materialize_dbt_models - 5d044fcd-f3a1-4ace-9927-749eb558bfc6 - 62274 - dbt_project_dbt_assets - ASSET_OBSERVATION - DagsterEventType.ASSET_OBSERVATION for step dbt_project_dbt_assets
[32m2024-05-30 15:42:44 +0530[0m - dagster - [34mDEBUG[0m - materialize_dbt_models - 5d044fcd-f3a1-4ace-9927-749eb558bfc6 - 62274 - dbt_project_dbt_assets - ASSET_OBSERVATION - DagsterEventType.ASSET_OBSERVATION for step dbt_project_dbt_assets
[32m2024-05-30 15:42:44 +0530[0m - dagster - [34mDEBUG[0m - materialize_dbt_models - 5d044fcd-f3a1-4ace-9927-749eb558bfc6 - 62274 - dbt_project_dbt_assets - ASSET_OBSERVATION - DagsterEventType.ASSET_OBSERVATION for step dbt_project_dbt_assets
[32m2024-05-30 15:42:48 +0530[0m - dagster - [34mDEBUG[0m - materialize_dbt_models - 5d044fcd-f3a1-4ace-9927-749eb558bfc6 - 62274 - dbt_project_dbt_assets - ASSET_OBSERVATION - DagsterEventType.ASSET_OBSERVATION for step dbt_project_dbt_assets
[32m2024-05-30 15:42:57 +0530[0m - dagster - [34mDEBUG[0m - materialize_dbt_models - 5d044fcd-f3a1-4ace-9927-749eb558bfc6 - 62274 - dbt_project_dbt_assets - STEP_OUTPUT - Yielded output "dim_listings_w_hosts" of type "Nothing". (Type check passed).
[32m2024-05-30 15:42:58 +0530[0m - dagster - [34mDEBUG[0m - materialize_dbt_models - 5d044fcd-f3a1-4ace-9927-749eb558bfc6 - 62274 - dbt_project_dbt_assets - ASSET_MATERIALIZATION - Materialized value dim_listings_w_hosts.
[32m2024-05-30 15:43:04 +0530[0m - dagster - [34mDEBUG[0m - materialize_dbt_models - 5d044fcd-f3a1-4ace-9927-749eb558bfc6 - 62274 - dbt_project_dbt_assets - ASSET_OBSERVATION - DagsterEventType.ASSET_OBSERVATION for step dbt_project_dbt_assets
[32m2024-05-30 15:43:10 +0530[0m - dagster - [34mDEBUG[0m - materialize_dbt_models - 5d044fcd-f3a1-4ace-9927-749eb558bfc6 - 62274 - dbt_project_dbt_assets - ASSET_OBSERVATION - DagsterEventType.ASSET_OBSERVATION for step dbt_project_dbt_assets
[32m2024-05-30 15:43:21 +0530[0m - dagster - [34mDEBUG[0m - materialize_dbt_models - 5d044fcd-f3a1-4ace-9927-749eb558bfc6 - 62274 - dbt_project_dbt_assets - ASSET_OBSERVATION - DagsterEventType.ASSET_OBSERVATION for step dbt_project_dbt_assets
[32m2024-05-30 15:43:30 +0530[0m - dagster - [34mDEBUG[0m - materialize_dbt_models - 5d044fcd-f3a1-4ace-9927-749eb558bfc6 - 62274 - dbt_project_dbt_assets - ASSET_OBSERVATION - DagsterEventType.ASSET_OBSERVATION for step dbt_project_dbt_assets
[32m2024-05-30 15:43:31 +0530[0m - dagster - [34mDEBUG[0m - materialize_dbt_models - 5d044fcd-f3a1-4ace-9927-749eb558bfc6 - 62274 - dbt_project_dbt_assets - ASSET_OBSERVATION - DagsterEventType.ASSET_OBSERVATION for step dbt_project_dbt_assets
[32m2024-05-30 15:45:05 +0530[0m - dagster - [34mDEBUG[0m - materialize_dbt_models - 5d044fcd-f3a1-4ace-9927-749eb558bfc6 - 62274 - dbt_project_dbt_assets - STEP_SUCCESS - Finished execution of step "dbt_project_dbt_assets" in 4m50s.
