[32m2024-05-30 15:40:11 +0530[0m - dagster - [34mDEBUG[0m - materialize_dbt_models - b5f95f65-d24a-40d2-ac05-ae9b33b18799 - 62245 - LOGS_CAPTURED - Started capturing logs in process (pid: 62245).
[32m2024-05-30 15:40:11 +0530[0m - dagster - [34mDEBUG[0m - materialize_dbt_models - b5f95f65-d24a-40d2-ac05-ae9b33b18799 - 62245 - dbt_project_dbt_assets - STEP_START - Started execution of step "dbt_project_dbt_assets".
[32m2024-05-30 15:40:11 +0530[0m - dagster - [34mINFO[0m - materialize_dbt_models - b5f95f65-d24a-40d2-ac05-ae9b33b18799 - dbt_project_dbt_assets - A dbt subsetted execution is not being performed. Using the default dbt selection arguments `['--select', 'fqn:*', '--exclude', 'fct_reviews']`.
[32m2024-05-30 15:40:11 +0530[0m - dagster - [34mINFO[0m - materialize_dbt_models - b5f95f65-d24a-40d2-ac05-ae9b33b18799 - dbt_project_dbt_assets - Copying `/Users/divinesam/airbnb_dwh_project/dbt_project/target/partial_parse.msgpack` to `/Users/divinesam/airbnb_dwh_project/dbt_project/target/dbt_project_dbt_assets-b5f95f6-7596990/partial_parse.msgpack` to take advantage of partial parsing.
[32m2024-05-30 15:40:11 +0530[0m - dagster - [34mINFO[0m - materialize_dbt_models - b5f95f65-d24a-40d2-ac05-ae9b33b18799 - dbt_project_dbt_assets - Running dbt command: `dbt build --select fqn:* --exclude fct_reviews`.
[32m2024-05-30 15:40:52 +0530[0m - dagster - [34mDEBUG[0m - materialize_dbt_models - b5f95f65-d24a-40d2-ac05-ae9b33b18799 - 62245 - dbt_project_dbt_assets - STEP_OUTPUT - Yielded output "seed_full_moon_dates" of type "Nothing". (Type check passed).
[32m2024-05-30 15:40:53 +0530[0m - dagster - [34mDEBUG[0m - materialize_dbt_models - b5f95f65-d24a-40d2-ac05-ae9b33b18799 - 62245 - dbt_project_dbt_assets - ASSET_MATERIALIZATION - Materialized value seed_full_moon_dates.
[32m2024-05-30 15:41:04 +0530[0m - dagster - [34mDEBUG[0m - materialize_dbt_models - b5f95f65-d24a-40d2-ac05-ae9b33b18799 - 62245 - dbt_project_dbt_assets - STEP_OUTPUT - Yielded output "scd_raw_hosts" of type "Nothing". (Type check passed).
[32m2024-05-30 15:41:05 +0530[0m - dagster - [34mDEBUG[0m - materialize_dbt_models - b5f95f65-d24a-40d2-ac05-ae9b33b18799 - 62245 - dbt_project_dbt_assets - ASSET_MATERIALIZATION - Materialized value scd_raw_hosts.
[32m2024-05-30 15:41:09 +0530[0m - dagster - [34mDEBUG[0m - materialize_dbt_models - b5f95f65-d24a-40d2-ac05-ae9b33b18799 - 62245 - dbt_project_dbt_assets - ASSET_OBSERVATION - DagsterEventType.ASSET_OBSERVATION for step dbt_project_dbt_assets
[32m2024-05-30 15:41:13 +0530[0m - dagster - [34mDEBUG[0m - materialize_dbt_models - b5f95f65-d24a-40d2-ac05-ae9b33b18799 - 62245 - dbt_project_dbt_assets - ASSET_OBSERVATION - DagsterEventType.ASSET_OBSERVATION for step dbt_project_dbt_assets
[32m2024-05-30 15:41:19 +0530[0m - dagster - [34mDEBUG[0m - materialize_dbt_models - b5f95f65-d24a-40d2-ac05-ae9b33b18799 - 62245 - dbt_project_dbt_assets - STEP_OUTPUT - Yielded output "dim_hosts_cleansed" of type "Nothing". (Type check passed).
[32m2024-05-30 15:41:20 +0530[0m - dagster - [34mDEBUG[0m - materialize_dbt_models - b5f95f65-d24a-40d2-ac05-ae9b33b18799 - 62245 - dbt_project_dbt_assets - ASSET_MATERIALIZATION - Materialized value dim_hosts_cleansed.
[32m2024-05-30 15:41:27 +0530[0m - dagster - [34mDEBUG[0m - materialize_dbt_models - b5f95f65-d24a-40d2-ac05-ae9b33b18799 - 62245 - dbt_project_dbt_assets - STEP_OUTPUT - Yielded output "mart_fullmoon_reviews" of type "Nothing". (Type check passed).
[32m2024-05-30 15:41:27 +0530[0m - dagster - [34mDEBUG[0m - materialize_dbt_models - b5f95f65-d24a-40d2-ac05-ae9b33b18799 - 62245 - dbt_project_dbt_assets - ASSET_MATERIALIZATION - Materialized value mart_fullmoon_reviews.
[32m2024-05-30 15:41:39 +0530[0m - dagster - [34mDEBUG[0m - materialize_dbt_models - b5f95f65-d24a-40d2-ac05-ae9b33b18799 - 62245 - dbt_project_dbt_assets - STEP_OUTPUT - Yielded output "scd_raw_listings" of type "Nothing". (Type check passed).
[32m2024-05-30 15:41:39 +0530[0m - dagster - [34mDEBUG[0m - materialize_dbt_models - b5f95f65-d24a-40d2-ac05-ae9b33b18799 - 62245 - dbt_project_dbt_assets - ASSET_MATERIALIZATION - Materialized value scd_raw_listings.
[32m2024-05-30 15:41:48 +0530[0m - dagster - [34mDEBUG[0m - materialize_dbt_models - b5f95f65-d24a-40d2-ac05-ae9b33b18799 - 62245 - dbt_project_dbt_assets - ASSET_OBSERVATION - DagsterEventType.ASSET_OBSERVATION for step dbt_project_dbt_assets
[32m2024-05-30 15:41:54 +0530[0m - dagster - [34mDEBUG[0m - materialize_dbt_models - b5f95f65-d24a-40d2-ac05-ae9b33b18799 - 62245 - dbt_project_dbt_assets - ASSET_OBSERVATION - DagsterEventType.ASSET_OBSERVATION for step dbt_project_dbt_assets
[32m2024-05-30 15:42:00 +0530[0m - dagster - [34mDEBUG[0m - materialize_dbt_models - b5f95f65-d24a-40d2-ac05-ae9b33b18799 - 62245 - dbt_project_dbt_assets - ASSET_OBSERVATION - DagsterEventType.ASSET_OBSERVATION for step dbt_project_dbt_assets
[32m2024-05-30 15:42:04 +0530[0m - dagster - [34mDEBUG[0m - materialize_dbt_models - b5f95f65-d24a-40d2-ac05-ae9b33b18799 - 62245 - dbt_project_dbt_assets - ASSET_OBSERVATION - DagsterEventType.ASSET_OBSERVATION for step dbt_project_dbt_assets
[32m2024-05-30 15:42:10 +0530[0m - dagster - [34mDEBUG[0m - materialize_dbt_models - b5f95f65-d24a-40d2-ac05-ae9b33b18799 - 62245 - dbt_project_dbt_assets - STEP_OUTPUT - Yielded output "dim_listings_cleansed" of type "Nothing". (Type check passed).
[32m2024-05-30 15:42:10 +0530[0m - dagster - [34mDEBUG[0m - materialize_dbt_models - b5f95f65-d24a-40d2-ac05-ae9b33b18799 - 62245 - dbt_project_dbt_assets - ASSET_MATERIALIZATION - Materialized value dim_listings_cleansed.
[32m2024-05-30 15:42:18 +0530[0m - dagster - [34mDEBUG[0m - materialize_dbt_models - b5f95f65-d24a-40d2-ac05-ae9b33b18799 - 62245 - dbt_project_dbt_assets - ASSET_OBSERVATION - DagsterEventType.ASSET_OBSERVATION for step dbt_project_dbt_assets
[32m2024-05-30 15:42:22 +0530[0m - dagster - [34mDEBUG[0m - materialize_dbt_models - b5f95f65-d24a-40d2-ac05-ae9b33b18799 - 62245 - dbt_project_dbt_assets - ASSET_OBSERVATION - DagsterEventType.ASSET_OBSERVATION for step dbt_project_dbt_assets
[32m2024-05-30 15:42:27 +0530[0m - dagster - [34mDEBUG[0m - materialize_dbt_models - b5f95f65-d24a-40d2-ac05-ae9b33b18799 - 62245 - dbt_project_dbt_assets - ASSET_OBSERVATION - DagsterEventType.ASSET_OBSERVATION for step dbt_project_dbt_assets
[32m2024-05-30 15:42:32 +0530[0m - dagster - [34mDEBUG[0m - materialize_dbt_models - b5f95f65-d24a-40d2-ac05-ae9b33b18799 - 62245 - dbt_project_dbt_assets - ASSET_OBSERVATION - DagsterEventType.ASSET_OBSERVATION for step dbt_project_dbt_assets
[32m2024-05-30 15:42:36 +0530[0m - dagster - [34mDEBUG[0m - materialize_dbt_models - b5f95f65-d24a-40d2-ac05-ae9b33b18799 - 62245 - dbt_project_dbt_assets - ASSET_OBSERVATION - DagsterEventType.ASSET_OBSERVATION for step dbt_project_dbt_assets
[32m2024-05-30 15:42:43 +0530[0m - dagster - [34mDEBUG[0m - materialize_dbt_models - b5f95f65-d24a-40d2-ac05-ae9b33b18799 - 62245 - dbt_project_dbt_assets - ASSET_OBSERVATION - DagsterEventType.ASSET_OBSERVATION for step dbt_project_dbt_assets
[32m2024-05-30 15:42:47 +0530[0m - dagster - [34mDEBUG[0m - materialize_dbt_models - b5f95f65-d24a-40d2-ac05-ae9b33b18799 - 62245 - dbt_project_dbt_assets - ASSET_OBSERVATION - DagsterEventType.ASSET_OBSERVATION for step dbt_project_dbt_assets
[32m2024-05-30 15:42:47 +0530[0m - dagster - [34mDEBUG[0m - materialize_dbt_models - b5f95f65-d24a-40d2-ac05-ae9b33b18799 - 62245 - dbt_project_dbt_assets - ASSET_OBSERVATION - DagsterEventType.ASSET_OBSERVATION for step dbt_project_dbt_assets
[32m2024-05-30 15:42:52 +0530[0m - dagster - [34mDEBUG[0m - materialize_dbt_models - b5f95f65-d24a-40d2-ac05-ae9b33b18799 - 62245 - dbt_project_dbt_assets - ASSET_OBSERVATION - DagsterEventType.ASSET_OBSERVATION for step dbt_project_dbt_assets
[32m2024-05-30 15:43:03 +0530[0m - dagster - [34mDEBUG[0m - materialize_dbt_models - b5f95f65-d24a-40d2-ac05-ae9b33b18799 - 62245 - dbt_project_dbt_assets - STEP_OUTPUT - Yielded output "dim_listings_w_hosts" of type "Nothing". (Type check passed).
[32m2024-05-30 15:43:05 +0530[0m - dagster - [34mDEBUG[0m - materialize_dbt_models - b5f95f65-d24a-40d2-ac05-ae9b33b18799 - 62245 - dbt_project_dbt_assets - ASSET_MATERIALIZATION - Materialized value dim_listings_w_hosts.
[32m2024-05-30 15:43:06 +0530[0m - dagster - [34mDEBUG[0m - materialize_dbt_models - b5f95f65-d24a-40d2-ac05-ae9b33b18799 - 62245 - dbt_project_dbt_assets - ASSET_OBSERVATION - DagsterEventType.ASSET_OBSERVATION for step dbt_project_dbt_assets
[32m2024-05-30 15:43:11 +0530[0m - dagster - [34mDEBUG[0m - materialize_dbt_models - b5f95f65-d24a-40d2-ac05-ae9b33b18799 - 62245 - dbt_project_dbt_assets - ASSET_OBSERVATION - DagsterEventType.ASSET_OBSERVATION for step dbt_project_dbt_assets
[32m2024-05-30 15:43:19 +0530[0m - dagster - [34mDEBUG[0m - materialize_dbt_models - b5f95f65-d24a-40d2-ac05-ae9b33b18799 - 62245 - dbt_project_dbt_assets - ASSET_OBSERVATION - DagsterEventType.ASSET_OBSERVATION for step dbt_project_dbt_assets
[32m2024-05-30 15:43:25 +0530[0m - dagster - [34mDEBUG[0m - materialize_dbt_models - b5f95f65-d24a-40d2-ac05-ae9b33b18799 - 62245 - dbt_project_dbt_assets - ASSET_OBSERVATION - DagsterEventType.ASSET_OBSERVATION for step dbt_project_dbt_assets
[32m2024-05-30 15:43:26 +0530[0m - dagster - [34mDEBUG[0m - materialize_dbt_models - b5f95f65-d24a-40d2-ac05-ae9b33b18799 - 62245 - dbt_project_dbt_assets - ASSET_OBSERVATION - DagsterEventType.ASSET_OBSERVATION for step dbt_project_dbt_assets
[32m2024-05-30 15:45:01 +0530[0m - dagster - [34mDEBUG[0m - materialize_dbt_models - b5f95f65-d24a-40d2-ac05-ae9b33b18799 - 62245 - dbt_project_dbt_assets - STEP_SUCCESS - Finished execution of step "dbt_project_dbt_assets" in 4m46s.
