[32m2024-05-30 15:40:19 +0530[0m - dagster - [34mDEBUG[0m - materialize_dbt_models - 2149fa9c-38f5-4923-9170-b59f9fe0cfd4 - 62364 - LOGS_CAPTURED - Started capturing logs in process (pid: 62364).
[32m2024-05-30 15:40:19 +0530[0m - dagster - [34mDEBUG[0m - materialize_dbt_models - 2149fa9c-38f5-4923-9170-b59f9fe0cfd4 - 62364 - dbt_project_dbt_assets - STEP_START - Started execution of step "dbt_project_dbt_assets".
[32m2024-05-30 15:40:19 +0530[0m - dagster - [34mINFO[0m - materialize_dbt_models - 2149fa9c-38f5-4923-9170-b59f9fe0cfd4 - dbt_project_dbt_assets - A dbt subsetted execution is not being performed. Using the default dbt selection arguments `['--select', 'fqn:*', '--exclude', 'fct_reviews']`.
[32m2024-05-30 15:40:19 +0530[0m - dagster - [34mINFO[0m - materialize_dbt_models - 2149fa9c-38f5-4923-9170-b59f9fe0cfd4 - dbt_project_dbt_assets - Copying `/Users/divinesam/airbnb_dwh_project/dbt_project/target/partial_parse.msgpack` to `/Users/divinesam/airbnb_dwh_project/dbt_project/target/dbt_project_dbt_assets-2149fa9-2c05702/partial_parse.msgpack` to take advantage of partial parsing.
[32m2024-05-30 15:40:19 +0530[0m - dagster - [34mINFO[0m - materialize_dbt_models - 2149fa9c-38f5-4923-9170-b59f9fe0cfd4 - dbt_project_dbt_assets - Running dbt command: `dbt build --select fqn:* --exclude fct_reviews`.
[32m2024-05-30 15:41:04 +0530[0m - dagster - [34mDEBUG[0m - materialize_dbt_models - 2149fa9c-38f5-4923-9170-b59f9fe0cfd4 - 62364 - dbt_project_dbt_assets - STEP_OUTPUT - Yielded output "seed_full_moon_dates" of type "Nothing". (Type check passed).
[32m2024-05-30 15:41:04 +0530[0m - dagster - [34mDEBUG[0m - materialize_dbt_models - 2149fa9c-38f5-4923-9170-b59f9fe0cfd4 - 62364 - dbt_project_dbt_assets - ASSET_MATERIALIZATION - Materialized value seed_full_moon_dates.
[32m2024-05-30 15:41:15 +0530[0m - dagster - [34mDEBUG[0m - materialize_dbt_models - 2149fa9c-38f5-4923-9170-b59f9fe0cfd4 - 62364 - dbt_project_dbt_assets - STEP_OUTPUT - Yielded output "scd_raw_hosts" of type "Nothing". (Type check passed).
[32m2024-05-30 15:41:15 +0530[0m - dagster - [34mDEBUG[0m - materialize_dbt_models - 2149fa9c-38f5-4923-9170-b59f9fe0cfd4 - 62364 - dbt_project_dbt_assets - ASSET_MATERIALIZATION - Materialized value scd_raw_hosts.
[32m2024-05-30 15:41:20 +0530[0m - dagster - [34mDEBUG[0m - materialize_dbt_models - 2149fa9c-38f5-4923-9170-b59f9fe0cfd4 - 62364 - dbt_project_dbt_assets - ASSET_OBSERVATION - DagsterEventType.ASSET_OBSERVATION for step dbt_project_dbt_assets
[32m2024-05-30 15:41:26 +0530[0m - dagster - [34mDEBUG[0m - materialize_dbt_models - 2149fa9c-38f5-4923-9170-b59f9fe0cfd4 - 62364 - dbt_project_dbt_assets - ASSET_OBSERVATION - DagsterEventType.ASSET_OBSERVATION for step dbt_project_dbt_assets
[32m2024-05-30 15:41:32 +0530[0m - dagster - [34mDEBUG[0m - materialize_dbt_models - 2149fa9c-38f5-4923-9170-b59f9fe0cfd4 - 62364 - dbt_project_dbt_assets - STEP_OUTPUT - Yielded output "dim_hosts_cleansed" of type "Nothing". (Type check passed).
[32m2024-05-30 15:41:33 +0530[0m - dagster - [34mDEBUG[0m - materialize_dbt_models - 2149fa9c-38f5-4923-9170-b59f9fe0cfd4 - 62364 - dbt_project_dbt_assets - ASSET_MATERIALIZATION - Materialized value dim_hosts_cleansed.
[32m2024-05-30 15:41:41 +0530[0m - dagster - [34mDEBUG[0m - materialize_dbt_models - 2149fa9c-38f5-4923-9170-b59f9fe0cfd4 - 62364 - dbt_project_dbt_assets - STEP_OUTPUT - Yielded output "mart_fullmoon_reviews" of type "Nothing". (Type check passed).
[32m2024-05-30 15:41:41 +0530[0m - dagster - [34mDEBUG[0m - materialize_dbt_models - 2149fa9c-38f5-4923-9170-b59f9fe0cfd4 - 62364 - dbt_project_dbt_assets - ASSET_MATERIALIZATION - Materialized value mart_fullmoon_reviews.
[32m2024-05-30 15:41:53 +0530[0m - dagster - [34mDEBUG[0m - materialize_dbt_models - 2149fa9c-38f5-4923-9170-b59f9fe0cfd4 - 62364 - dbt_project_dbt_assets - STEP_OUTPUT - Yielded output "scd_raw_listings" of type "Nothing". (Type check passed).
[32m2024-05-30 15:41:54 +0530[0m - dagster - [34mDEBUG[0m - materialize_dbt_models - 2149fa9c-38f5-4923-9170-b59f9fe0cfd4 - 62364 - dbt_project_dbt_assets - ASSET_MATERIALIZATION - Materialized value scd_raw_listings.
[32m2024-05-30 15:42:00 +0530[0m - dagster - [34mDEBUG[0m - materialize_dbt_models - 2149fa9c-38f5-4923-9170-b59f9fe0cfd4 - 62364 - dbt_project_dbt_assets - ASSET_OBSERVATION - DagsterEventType.ASSET_OBSERVATION for step dbt_project_dbt_assets
[32m2024-05-30 15:42:05 +0530[0m - dagster - [34mDEBUG[0m - materialize_dbt_models - 2149fa9c-38f5-4923-9170-b59f9fe0cfd4 - 62364 - dbt_project_dbt_assets - ASSET_OBSERVATION - DagsterEventType.ASSET_OBSERVATION for step dbt_project_dbt_assets
[32m2024-05-30 15:42:09 +0530[0m - dagster - [34mDEBUG[0m - materialize_dbt_models - 2149fa9c-38f5-4923-9170-b59f9fe0cfd4 - 62364 - dbt_project_dbt_assets - ASSET_OBSERVATION - DagsterEventType.ASSET_OBSERVATION for step dbt_project_dbt_assets
[32m2024-05-30 15:42:13 +0530[0m - dagster - [34mDEBUG[0m - materialize_dbt_models - 2149fa9c-38f5-4923-9170-b59f9fe0cfd4 - 62364 - dbt_project_dbt_assets - ASSET_OBSERVATION - DagsterEventType.ASSET_OBSERVATION for step dbt_project_dbt_assets
[32m2024-05-30 15:42:19 +0530[0m - dagster - [34mDEBUG[0m - materialize_dbt_models - 2149fa9c-38f5-4923-9170-b59f9fe0cfd4 - 62364 - dbt_project_dbt_assets - STEP_OUTPUT - Yielded output "dim_listings_cleansed" of type "Nothing". (Type check passed).
[32m2024-05-30 15:42:20 +0530[0m - dagster - [34mDEBUG[0m - materialize_dbt_models - 2149fa9c-38f5-4923-9170-b59f9fe0cfd4 - 62364 - dbt_project_dbt_assets - ASSET_MATERIALIZATION - Materialized value dim_listings_cleansed.
[32m2024-05-30 15:42:23 +0530[0m - dagster - [34mDEBUG[0m - materialize_dbt_models - 2149fa9c-38f5-4923-9170-b59f9fe0cfd4 - 62364 - dbt_project_dbt_assets - ASSET_OBSERVATION - DagsterEventType.ASSET_OBSERVATION for step dbt_project_dbt_assets
[32m2024-05-30 15:42:28 +0530[0m - dagster - [34mDEBUG[0m - materialize_dbt_models - 2149fa9c-38f5-4923-9170-b59f9fe0cfd4 - 62364 - dbt_project_dbt_assets - ASSET_OBSERVATION - DagsterEventType.ASSET_OBSERVATION for step dbt_project_dbt_assets
[32m2024-05-30 15:42:34 +0530[0m - dagster - [34mDEBUG[0m - materialize_dbt_models - 2149fa9c-38f5-4923-9170-b59f9fe0cfd4 - 62364 - dbt_project_dbt_assets - ASSET_OBSERVATION - DagsterEventType.ASSET_OBSERVATION for step dbt_project_dbt_assets
[32m2024-05-30 15:42:41 +0530[0m - dagster - [34mDEBUG[0m - materialize_dbt_models - 2149fa9c-38f5-4923-9170-b59f9fe0cfd4 - 62364 - dbt_project_dbt_assets - ASSET_OBSERVATION - DagsterEventType.ASSET_OBSERVATION for step dbt_project_dbt_assets
[32m2024-05-30 15:42:45 +0530[0m - dagster - [34mDEBUG[0m - materialize_dbt_models - 2149fa9c-38f5-4923-9170-b59f9fe0cfd4 - 62364 - dbt_project_dbt_assets - ASSET_OBSERVATION - DagsterEventType.ASSET_OBSERVATION for step dbt_project_dbt_assets
[32m2024-05-30 15:42:49 +0530[0m - dagster - [34mDEBUG[0m - materialize_dbt_models - 2149fa9c-38f5-4923-9170-b59f9fe0cfd4 - 62364 - dbt_project_dbt_assets - ASSET_OBSERVATION - DagsterEventType.ASSET_OBSERVATION for step dbt_project_dbt_assets
[32m2024-05-30 15:42:54 +0530[0m - dagster - [34mDEBUG[0m - materialize_dbt_models - 2149fa9c-38f5-4923-9170-b59f9fe0cfd4 - 62364 - dbt_project_dbt_assets - ASSET_OBSERVATION - DagsterEventType.ASSET_OBSERVATION for step dbt_project_dbt_assets
[32m2024-05-30 15:42:55 +0530[0m - dagster - [34mDEBUG[0m - materialize_dbt_models - 2149fa9c-38f5-4923-9170-b59f9fe0cfd4 - 62364 - dbt_project_dbt_assets - ASSET_OBSERVATION - DagsterEventType.ASSET_OBSERVATION for step dbt_project_dbt_assets
[32m2024-05-30 15:43:04 +0530[0m - dagster - [34mDEBUG[0m - materialize_dbt_models - 2149fa9c-38f5-4923-9170-b59f9fe0cfd4 - 62364 - dbt_project_dbt_assets - ASSET_OBSERVATION - DagsterEventType.ASSET_OBSERVATION for step dbt_project_dbt_assets
[32m2024-05-30 15:43:13 +0530[0m - dagster - [34mDEBUG[0m - materialize_dbt_models - 2149fa9c-38f5-4923-9170-b59f9fe0cfd4 - 62364 - dbt_project_dbt_assets - STEP_OUTPUT - Yielded output "dim_listings_w_hosts" of type "Nothing". (Type check passed).
[32m2024-05-30 15:43:14 +0530[0m - dagster - [34mDEBUG[0m - materialize_dbt_models - 2149fa9c-38f5-4923-9170-b59f9fe0cfd4 - 62364 - dbt_project_dbt_assets - ASSET_MATERIALIZATION - Materialized value dim_listings_w_hosts.
[32m2024-05-30 15:43:18 +0530[0m - dagster - [34mDEBUG[0m - materialize_dbt_models - 2149fa9c-38f5-4923-9170-b59f9fe0cfd4 - 62364 - dbt_project_dbt_assets - ASSET_OBSERVATION - DagsterEventType.ASSET_OBSERVATION for step dbt_project_dbt_assets
[32m2024-05-30 15:43:27 +0530[0m - dagster - [34mDEBUG[0m - materialize_dbt_models - 2149fa9c-38f5-4923-9170-b59f9fe0cfd4 - 62364 - dbt_project_dbt_assets - ASSET_OBSERVATION - DagsterEventType.ASSET_OBSERVATION for step dbt_project_dbt_assets
[32m2024-05-30 15:43:37 +0530[0m - dagster - [34mDEBUG[0m - materialize_dbt_models - 2149fa9c-38f5-4923-9170-b59f9fe0cfd4 - 62364 - dbt_project_dbt_assets - ASSET_OBSERVATION - DagsterEventType.ASSET_OBSERVATION for step dbt_project_dbt_assets
[32m2024-05-30 15:43:46 +0530[0m - dagster - [34mDEBUG[0m - materialize_dbt_models - 2149fa9c-38f5-4923-9170-b59f9fe0cfd4 - 62364 - dbt_project_dbt_assets - ASSET_OBSERVATION - DagsterEventType.ASSET_OBSERVATION for step dbt_project_dbt_assets
[32m2024-05-30 15:43:50 +0530[0m - dagster - [34mDEBUG[0m - materialize_dbt_models - 2149fa9c-38f5-4923-9170-b59f9fe0cfd4 - 62364 - dbt_project_dbt_assets - ASSET_OBSERVATION - DagsterEventType.ASSET_OBSERVATION for step dbt_project_dbt_assets
[32m2024-05-30 15:45:03 +0530[0m - dagster - [34mDEBUG[0m - materialize_dbt_models - 2149fa9c-38f5-4923-9170-b59f9fe0cfd4 - 62364 - dbt_project_dbt_assets - STEP_SUCCESS - Finished execution of step "dbt_project_dbt_assets" in 4m41s.
