[32m2024-05-30 15:39:49 +0530[0m - dagster - [34mDEBUG[0m - materialize_dbt_models - 05eec9a4-b64b-4c85-a33c-14b671ae892b - 62084 - LOGS_CAPTURED - Started capturing logs in process (pid: 62084).
[32m2024-05-30 15:39:49 +0530[0m - dagster - [34mDEBUG[0m - materialize_dbt_models - 05eec9a4-b64b-4c85-a33c-14b671ae892b - 62084 - dbt_project_dbt_assets - STEP_START - Started execution of step "dbt_project_dbt_assets".
[32m2024-05-30 15:39:49 +0530[0m - dagster - [34mINFO[0m - materialize_dbt_models - 05eec9a4-b64b-4c85-a33c-14b671ae892b - dbt_project_dbt_assets - A dbt subsetted execution is not being performed. Using the default dbt selection arguments `['--select', 'fqn:*', '--exclude', 'fct_reviews']`.
[32m2024-05-30 15:39:49 +0530[0m - dagster - [34mINFO[0m - materialize_dbt_models - 05eec9a4-b64b-4c85-a33c-14b671ae892b - dbt_project_dbt_assets - Copying `/Users/divinesam/airbnb_dwh_project/dbt_project/target/partial_parse.msgpack` to `/Users/divinesam/airbnb_dwh_project/dbt_project/target/dbt_project_dbt_assets-05eec9a-cb220a8/partial_parse.msgpack` to take advantage of partial parsing.
[32m2024-05-30 15:39:49 +0530[0m - dagster - [34mINFO[0m - materialize_dbt_models - 05eec9a4-b64b-4c85-a33c-14b671ae892b - dbt_project_dbt_assets - Running dbt command: `dbt build --select fqn:* --exclude fct_reviews`.
[32m2024-05-30 15:40:30 +0530[0m - dagster - [34mDEBUG[0m - materialize_dbt_models - 05eec9a4-b64b-4c85-a33c-14b671ae892b - 62084 - dbt_project_dbt_assets - STEP_OUTPUT - Yielded output "seed_full_moon_dates" of type "Nothing". (Type check passed).
[32m2024-05-30 15:40:30 +0530[0m - dagster - [34mDEBUG[0m - materialize_dbt_models - 05eec9a4-b64b-4c85-a33c-14b671ae892b - 62084 - dbt_project_dbt_assets - ASSET_MATERIALIZATION - Materialized value seed_full_moon_dates.
[32m2024-05-30 15:40:38 +0530[0m - dagster - [34mDEBUG[0m - materialize_dbt_models - 05eec9a4-b64b-4c85-a33c-14b671ae892b - 62084 - dbt_project_dbt_assets - STEP_OUTPUT - Yielded output "scd_raw_hosts" of type "Nothing". (Type check passed).
[32m2024-05-30 15:40:38 +0530[0m - dagster - [34mDEBUG[0m - materialize_dbt_models - 05eec9a4-b64b-4c85-a33c-14b671ae892b - 62084 - dbt_project_dbt_assets - ASSET_MATERIALIZATION - Materialized value scd_raw_hosts.
[32m2024-05-30 15:40:43 +0530[0m - dagster - [34mDEBUG[0m - materialize_dbt_models - 05eec9a4-b64b-4c85-a33c-14b671ae892b - 62084 - dbt_project_dbt_assets - ASSET_OBSERVATION - DagsterEventType.ASSET_OBSERVATION for step dbt_project_dbt_assets
[32m2024-05-30 15:40:48 +0530[0m - dagster - [34mDEBUG[0m - materialize_dbt_models - 05eec9a4-b64b-4c85-a33c-14b671ae892b - 62084 - dbt_project_dbt_assets - ASSET_OBSERVATION - DagsterEventType.ASSET_OBSERVATION for step dbt_project_dbt_assets
[32m2024-05-30 15:40:52 +0530[0m - dagster - [34mDEBUG[0m - materialize_dbt_models - 05eec9a4-b64b-4c85-a33c-14b671ae892b - 62084 - dbt_project_dbt_assets - STEP_OUTPUT - Yielded output "dim_hosts_cleansed" of type "Nothing". (Type check passed).
[32m2024-05-30 15:40:53 +0530[0m - dagster - [34mDEBUG[0m - materialize_dbt_models - 05eec9a4-b64b-4c85-a33c-14b671ae892b - 62084 - dbt_project_dbt_assets - ASSET_MATERIALIZATION - Materialized value dim_hosts_cleansed.
[32m2024-05-30 15:41:00 +0530[0m - dagster - [34mDEBUG[0m - materialize_dbt_models - 05eec9a4-b64b-4c85-a33c-14b671ae892b - 62084 - dbt_project_dbt_assets - STEP_OUTPUT - Yielded output "mart_fullmoon_reviews" of type "Nothing". (Type check passed).
[32m2024-05-30 15:41:01 +0530[0m - dagster - [34mDEBUG[0m - materialize_dbt_models - 05eec9a4-b64b-4c85-a33c-14b671ae892b - 62084 - dbt_project_dbt_assets - ASSET_MATERIALIZATION - Materialized value mart_fullmoon_reviews.
[32m2024-05-30 15:41:12 +0530[0m - dagster - [34mDEBUG[0m - materialize_dbt_models - 05eec9a4-b64b-4c85-a33c-14b671ae892b - 62084 - dbt_project_dbt_assets - STEP_OUTPUT - Yielded output "scd_raw_listings" of type "Nothing". (Type check passed).
[32m2024-05-30 15:41:12 +0530[0m - dagster - [34mDEBUG[0m - materialize_dbt_models - 05eec9a4-b64b-4c85-a33c-14b671ae892b - 62084 - dbt_project_dbt_assets - ASSET_MATERIALIZATION - Materialized value scd_raw_listings.
[32m2024-05-30 15:41:17 +0530[0m - dagster - [34mDEBUG[0m - materialize_dbt_models - 05eec9a4-b64b-4c85-a33c-14b671ae892b - 62084 - dbt_project_dbt_assets - ASSET_OBSERVATION - DagsterEventType.ASSET_OBSERVATION for step dbt_project_dbt_assets
[32m2024-05-30 15:41:22 +0530[0m - dagster - [34mDEBUG[0m - materialize_dbt_models - 05eec9a4-b64b-4c85-a33c-14b671ae892b - 62084 - dbt_project_dbt_assets - ASSET_OBSERVATION - DagsterEventType.ASSET_OBSERVATION for step dbt_project_dbt_assets
[32m2024-05-30 15:41:26 +0530[0m - dagster - [34mDEBUG[0m - materialize_dbt_models - 05eec9a4-b64b-4c85-a33c-14b671ae892b - 62084 - dbt_project_dbt_assets - ASSET_OBSERVATION - DagsterEventType.ASSET_OBSERVATION for step dbt_project_dbt_assets
[32m2024-05-30 15:41:32 +0530[0m - dagster - [34mDEBUG[0m - materialize_dbt_models - 05eec9a4-b64b-4c85-a33c-14b671ae892b - 62084 - dbt_project_dbt_assets - ASSET_OBSERVATION - DagsterEventType.ASSET_OBSERVATION for step dbt_project_dbt_assets
[32m2024-05-30 15:41:38 +0530[0m - dagster - [34mDEBUG[0m - materialize_dbt_models - 05eec9a4-b64b-4c85-a33c-14b671ae892b - 62084 - dbt_project_dbt_assets - STEP_OUTPUT - Yielded output "dim_listings_cleansed" of type "Nothing". (Type check passed).
[32m2024-05-30 15:41:38 +0530[0m - dagster - [34mDEBUG[0m - materialize_dbt_models - 05eec9a4-b64b-4c85-a33c-14b671ae892b - 62084 - dbt_project_dbt_assets - ASSET_MATERIALIZATION - Materialized value dim_listings_cleansed.
[32m2024-05-30 15:41:43 +0530[0m - dagster - [34mDEBUG[0m - materialize_dbt_models - 05eec9a4-b64b-4c85-a33c-14b671ae892b - 62084 - dbt_project_dbt_assets - ASSET_OBSERVATION - DagsterEventType.ASSET_OBSERVATION for step dbt_project_dbt_assets
[32m2024-05-30 15:41:47 +0530[0m - dagster - [34mDEBUG[0m - materialize_dbt_models - 05eec9a4-b64b-4c85-a33c-14b671ae892b - 62084 - dbt_project_dbt_assets - ASSET_OBSERVATION - DagsterEventType.ASSET_OBSERVATION for step dbt_project_dbt_assets
[32m2024-05-30 15:41:53 +0530[0m - dagster - [34mDEBUG[0m - materialize_dbt_models - 05eec9a4-b64b-4c85-a33c-14b671ae892b - 62084 - dbt_project_dbt_assets - ASSET_OBSERVATION - DagsterEventType.ASSET_OBSERVATION for step dbt_project_dbt_assets
[32m2024-05-30 15:42:00 +0530[0m - dagster - [34mDEBUG[0m - materialize_dbt_models - 05eec9a4-b64b-4c85-a33c-14b671ae892b - 62084 - dbt_project_dbt_assets - ASSET_OBSERVATION - DagsterEventType.ASSET_OBSERVATION for step dbt_project_dbt_assets
[32m2024-05-30 15:42:04 +0530[0m - dagster - [34mDEBUG[0m - materialize_dbt_models - 05eec9a4-b64b-4c85-a33c-14b671ae892b - 62084 - dbt_project_dbt_assets - ASSET_OBSERVATION - DagsterEventType.ASSET_OBSERVATION for step dbt_project_dbt_assets
[32m2024-05-30 15:42:09 +0530[0m - dagster - [34mDEBUG[0m - materialize_dbt_models - 05eec9a4-b64b-4c85-a33c-14b671ae892b - 62084 - dbt_project_dbt_assets - ASSET_OBSERVATION - DagsterEventType.ASSET_OBSERVATION for step dbt_project_dbt_assets
[32m2024-05-30 15:42:17 +0530[0m - dagster - [34mDEBUG[0m - materialize_dbt_models - 05eec9a4-b64b-4c85-a33c-14b671ae892b - 62084 - dbt_project_dbt_assets - ASSET_OBSERVATION - DagsterEventType.ASSET_OBSERVATION for step dbt_project_dbt_assets
[32m2024-05-30 15:42:17 +0530[0m - dagster - [34mDEBUG[0m - materialize_dbt_models - 05eec9a4-b64b-4c85-a33c-14b671ae892b - 62084 - dbt_project_dbt_assets - ASSET_OBSERVATION - DagsterEventType.ASSET_OBSERVATION for step dbt_project_dbt_assets
[32m2024-05-30 15:42:21 +0530[0m - dagster - [34mDEBUG[0m - materialize_dbt_models - 05eec9a4-b64b-4c85-a33c-14b671ae892b - 62084 - dbt_project_dbt_assets - ASSET_OBSERVATION - DagsterEventType.ASSET_OBSERVATION for step dbt_project_dbt_assets
[32m2024-05-30 15:42:26 +0530[0m - dagster - [34mDEBUG[0m - materialize_dbt_models - 05eec9a4-b64b-4c85-a33c-14b671ae892b - 62084 - dbt_project_dbt_assets - STEP_OUTPUT - Yielded output "dim_listings_w_hosts" of type "Nothing". (Type check passed).
[32m2024-05-30 15:42:27 +0530[0m - dagster - [34mDEBUG[0m - materialize_dbt_models - 05eec9a4-b64b-4c85-a33c-14b671ae892b - 62084 - dbt_project_dbt_assets - ASSET_MATERIALIZATION - Materialized value dim_listings_w_hosts.
[32m2024-05-30 15:42:32 +0530[0m - dagster - [34mDEBUG[0m - materialize_dbt_models - 05eec9a4-b64b-4c85-a33c-14b671ae892b - 62084 - dbt_project_dbt_assets - ASSET_OBSERVATION - DagsterEventType.ASSET_OBSERVATION for step dbt_project_dbt_assets
[32m2024-05-30 15:42:38 +0530[0m - dagster - [34mDEBUG[0m - materialize_dbt_models - 05eec9a4-b64b-4c85-a33c-14b671ae892b - 62084 - dbt_project_dbt_assets - ASSET_OBSERVATION - DagsterEventType.ASSET_OBSERVATION for step dbt_project_dbt_assets
[32m2024-05-30 15:42:44 +0530[0m - dagster - [34mDEBUG[0m - materialize_dbt_models - 05eec9a4-b64b-4c85-a33c-14b671ae892b - 62084 - dbt_project_dbt_assets - ASSET_OBSERVATION - DagsterEventType.ASSET_OBSERVATION for step dbt_project_dbt_assets
[32m2024-05-30 15:42:49 +0530[0m - dagster - [34mDEBUG[0m - materialize_dbt_models - 05eec9a4-b64b-4c85-a33c-14b671ae892b - 62084 - dbt_project_dbt_assets - ASSET_OBSERVATION - DagsterEventType.ASSET_OBSERVATION for step dbt_project_dbt_assets
[32m2024-05-30 15:42:49 +0530[0m - dagster - [34mDEBUG[0m - materialize_dbt_models - 05eec9a4-b64b-4c85-a33c-14b671ae892b - 62084 - dbt_project_dbt_assets - ASSET_OBSERVATION - DagsterEventType.ASSET_OBSERVATION for step dbt_project_dbt_assets
[32m2024-05-30 15:44:08 +0530[0m - dagster - [34mDEBUG[0m - materialize_dbt_models - 05eec9a4-b64b-4c85-a33c-14b671ae892b - 62084 - dbt_project_dbt_assets - STEP_SUCCESS - Finished execution of step "dbt_project_dbt_assets" in 4m17s.
